C51 COMPILER V9.60.7.0   III                                                               11/06/2024 11:13:09 PAGE 1   


C51 COMPILER V9.60.7.0, COMPILATION OF MODULE III
OBJECT MODULE PLACED IN .\Objects\iii.obj
COMPILER INVOKED BY: C:\Keil_v5\C51\BIN\C51.EXE iii.c OPTIMIZE(8,SPEED) BROWSE DEBUG OBJECTEXTEND PRINT(.\Listings\iii.l
                    -st) TABS(2) OBJECT(.\Objects\iii.obj)

line level    source

   1          #include <reg51.h>
   2          
   3          void delay();                   //5ms delay
   4          
   5          void main()
   6          {
   7   1          P2=0x00;
   8   1          while(1) {
   9   2              P2=0xff;
  10   2              delay();
  11   2              P2=0x00;
  12   2              delay();    
  13   2          }
  14   1      }
  15          
  16          void delay()
  17          {
  18   1              int i;
  19   1          for(i=0;i<1000;i++)
  20   1          {
  21   2              TMOD=0x01;
  22   2              TH0=0xee;
  23   2              TL0=0x00;
  24   2              TR0=1;
  25   2              while(TF0==0);
  26   2              TF0=0;
  27   2          }
  28   1      }


MODULE INFORMATION:   STATIC OVERLAYABLE
   CODE SIZE        =     48    ----
   CONSTANT SIZE    =   ----    ----
   XDATA SIZE       =   ----    ----
   PDATA SIZE       =   ----    ----
   DATA SIZE        =   ----    ----
   IDATA SIZE       =   ----    ----
   BIT SIZE         =   ----    ----
END OF MODULE INFORMATION.


C51 COMPILATION COMPLETE.  0 WARNING(S),  0 ERROR(S)
