C51 COMPILER V9.60.7.0   PUJA                                                              11/08/2024 10:29:17 PAGE 1   


C51 COMPILER V9.60.7.0, COMPILATION OF MODULE PUJA
OBJECT MODULE PLACED IN .\Objects\puja.obj
COMPILER INVOKED BY: C:\Keil_v5\C51\BIN\C51.EXE puja.c OPTIMIZE(8,SPEED) BROWSE DEBUG OBJECTEXTEND PRINT(.\Listings\puja
                    -.lst) TABS(2) OBJECT(.\Objects\puja.obj)

line level    source

   1          #include<reg51.h>
   2          sbit ale = P1^0;
   3          sbit oe = P1^3;
   4          sbit sc = P1^1;
   5          sbit eoc = P1^2;
   6          sbit clk = P1^7;
   7          sbit add_a = P1^4;
   8          sbit add_b = P1^5;
   9          sbit add_c = P1^6;
  10          #define lcd_datapin P2
  11          sbit rs = P3^0;
  12          sbit rw = P3^1;
  13          sbit en = P3^6;
  14          #define input_port P0
  15          unsigned int bitvalue,key1,decimal_value,value,number,ascii1,ascii2,ascii3,flag,key;
  16          void timer0() interrupt 1
  17          {
  18   1      clk=~clk;
  19   1      }
  20          void delay(unsigned int count)
  21          {
  22   1      int i,j;
  23   1      for(i=0;i<count;i++);
  24   1      for(j=0;j<1275;j++);
  25   1      }
  26          void lcd_command(unsigned char comm)
  27          {
  28   1      lcd_datapin=comm;
  29   1      rs=0;
  30   1      rw=0;
  31   1      en=1;
  32   1      delay(10);
  33   1      en=0;
  34   1      }
  35          void lcd_data(unsigned char disp)
  36          {
  37   1      lcd_datapin=disp;
  38   1      en=1;
  39   1      rs=1;
  40   1      rw=0;
  41   1      delay(10);
  42   1      en=0;
  43   1      }
  44          void lcd_dataa(unsigned char *disp)
  45          {
  46   1      int x;
  47   1      for(x=0;disp[x]!=0;x++)
  48   1      {
  49   2      lcd_data(disp[x]);
  50   2      }
  51   1      //return disp;
  52   1      }
  53          void lcd_ini()
  54          {
C51 COMPILER V9.60.7.0   PUJA                                                              11/08/2024 10:29:17 PAGE 2   

  55   1      lcd_command(0x38);
  56   1      lcd_command(0x0c);
  57   1      lcd_command(0x06);
  58   1      lcd_command(0x80);
  59   1      }
  60          void bcd()
  61          {
  62   1      key1++;
  63   1      key=0;
  64   1      flag=0;
  65   1      number=input_port;
  66   1      value=number %10;
  67   1      number=number /10;
  68   1      ascii1=value+48;
  69   1      if(number!=0)
  70   1      {
  71   2      value=number%10;
  72   2      number=number/10;
  73   2      ascii2=value+48;
  74   2      flag=1;
  75   2      }
  76   1      else
  77   1      {
  78   2      ascii2=48;
  79   2      flag=1;
  80   2      }
  81   1      if(number!=0)
  82   1      {
  83   2      value=number%10;
  84   2      number=number/10;
  85   2      ascii3=value+48;
  86   2      key=2;
  87   2      }
  88   1      else
  89   1      {
  90   2      ascii3=48;
  91   2      key=2;
  92   2      }
  93   1      if(key==2)
  94   1      lcd_data(ascii3);
  95   1      if(flag==1)
  96   1      lcd_data(ascii2);
  97   1      lcd_data(ascii1);
  98   1      if(key1==3)
  99   1      {
 100   2      key1=0;
 101   2      ascii3=0;
 102   2      ascii2=0;
 103   2      ascii1=0;
 104   2      delay(10);
 105   2      }
 106   1      }
 107          void adc()
 108          {
 109   1      while(1)
 110   1      {
 111   2      add_c=0;
 112   2      add_b=0;
 113   2      add_a=1;
 114   2      delay(2);
 115   2      ale=1;
 116   2      delay(2);
C51 COMPILER V9.60.7.0   PUJA                                                              11/08/2024 10:29:17 PAGE 3   

 117   2      sc=1;
 118   2      delay(1);
 119   2      sc=0;
 120   2      while(eoc==1);
 121   2      while(eoc==0);
 122   2      oe=1;
 123   2      bcd();
 124   2      lcd_command(0x88);
 125   2      delay(2);
 126   2      oe=0;
 127   2      }
 128   1      }
 129          void main()
 130          {
 131   1      eoc=1;
 132   1      ale=0;
 133   1      oe=0;
 134   1      sc=0;
 135   1      key1=0;
 136   1      TMOD=0x02;
 137   1      TH0=0xfd;
 138   1      IE=0x82;
 139   1      TR0=1;
 140   1      lcd_ini();
 141   1      lcd_dataa("value:");
 142   1      lcd_command(0x88);
 143   1      adc();
 144   1      }


MODULE INFORMATION:   STATIC OVERLAYABLE
   CODE SIZE        =    471    ----
   CONSTANT SIZE    =      7    ----
   XDATA SIZE       =   ----    ----
   PDATA SIZE       =   ----    ----
   DATA SIZE        =     20       5
   IDATA SIZE       =   ----    ----
   BIT SIZE         =   ----    ----
END OF MODULE INFORMATION.


C51 COMPILATION COMPLETE.  0 WARNING(S),  0 ERROR(S)
