

HI-TECH Software PIC LITE Macro Assembler V9.82 build 9453 
                                                                                               Fri Nov 15 18:25:29 2024

HI-TECH Software Omniscient Code Generator (Lite mode) build 9453
     1  0000                     opt subtitle "HI-TECH Software Omniscient Code Generator (Lite mode) build 9453"
     2                           
     3                           opt pagewidth 120
     4                           
     5                           	opt lm
     6                           
     7                           	processor	16F877A
     8                           clrc	macro
     9                           	bcf	3,0
    10  0000                     	endm
    11                           clrz	macro
    12                           	bcf	3,2
    13  0000                     	endm
    14                           setc	macro
    15                           	bsf	3,0
    16  0000                     	endm
    17                           setz	macro
    18                           	bsf	3,2
    19  0000                     	endm
    20                           skipc	macro
    21                           	btfss	3,0
    22  0000                     	endm
    23                           skipz	macro
    24                           	btfss	3,2
    25  0000                     	endm
    26                           skipnc	macro
    27                           	btfsc	3,0
    28  0000                     	endm
    29                           skipnz	macro
    30                           	btfsc	3,2
    31  0000                     	endm
    32  0000                     indf	equ	0
    33  0000                     indf0	equ	0
    34  0002                     pc	equ	2
    35  0002                     pcl	equ	2
    36  0003                     status	equ	3
    37  0004                     fsr	equ	4
    38  0004                     fsr0	equ	4
    39  0001                     c	equ	1
    40  0000                     z	equ	0
    41  000A                     pclath	equ	10
    42                           	FNCALL	_main,_lcd_init
    43                           	FNCALL	_main,_cmd
    44                           	FNCALL	_main,_show
    45                           	FNCALL	_show,_dat
    46                           	FNCALL	_lcd_init,_cmd
    47                           	FNCALL	_dat,_lcd_delay
    48                           	FNCALL	_cmd,_lcd_delay
    49                           	FNROOT	_main
    50                           	global	_PORTB
    51                           psect	text106,local,class=CODE,delta=2
    52                           global __ptext106
    53  0000                     __ptext106:
    54  0006                     _PORTB	set	6
    55                           	global	_CARRY
    56  0018                     _CARRY	set	24
    57                           	global	_GIE
    58  005F                     _GIE	set	95
    59                           	global	_RC0
    60  0038                     _RC0	set	56
    61                           	global	_RC1
    62  0039                     _RC1	set	57
    63                           	global	_RC2
    64  003A                     _RC2	set	58
    65                           	global	_TRISB
    66  0086                     _TRISB	set	134
    67                           	global	_TRISC
    68  0087                     _TRISC	set	135
    69                           	global	_EEADR
    70  010D                     _EEADR	set	269
    71                           	global	_EEDATA
    72  010C                     _EEDATA	set	268
    73                           	global	_EECON1
    74  018C                     _EECON1	set	396
    75                           	global	_EECON2
    76  018D                     _EECON2	set	397
    77                           	global	_RD
    78  0C60                     _RD	set	3168
    79                           	global	_WR
    80  0C61                     _WR	set	3169
    81                           	global	_WREN
    82  0C62                     _WREN	set	3170
    83                           psect	strings,class=STRING,delta=2
    84                           global __pstrings
    85  0003                     __pstrings:
    86                           ;	global	stringdir,stringtab,__stringbase
    87  0003                     stringtab:
    88                           ;	String table - string pointers are 1 byte each
    89  0003                     stringcode:stringdir:
      + 0003                     stringdir:	
    90  0003  3000               movlw high(stringdir)
    91  0004  008A               movwf pclath
    92  0005  0804               movf fsr,w
    93  0006  0A84               incf fsr
    94  0007  0782               	addwf pc
    95  0008                     __stringbase:
    96  0008  3400               	retlw	0
    97                           psect	strings
    98                           	
    99  0009                     STR_1:	
   100  0009  3420               	retlw	32	;' '
   101  000A  3420               	retlw	32	;' '
   102  000B  3420               	retlw	32	;' '
   103  000C  3457               	retlw	87	;'W'
   104  000D  3465               	retlw	101	;'e'
   105  000E  346C               	retlw	108	;'l'
   106  000F  3463               	retlw	99	;'c'
   107  0010  346F               	retlw	111	;'o'
   108  0011  346D               	retlw	109	;'m'
   109  0012  3465               	retlw	101	;'e'
   110  0013  3420               	retlw	32	;' '
   111  0014  3420               	retlw	32	;' '
   112  0015  3400               	retlw	0
   113                           psect	strings
   114                           	
   115  0016                     STR_2:	
   116  0016  3420               	retlw	32	;' '
   117  0017  344C               	retlw	76	;'L'
   118  0018  3449               	retlw	73	;'I'
   119  0019  3456               	retlw	86	;'V'
   120  001A  3445               	retlw	69	;'E'
   121  001B  3420               	retlw	32	;' '
   122  001C  3457               	retlw	87	;'W'
   123  001D  3449               	retlw	73	;'I'
   124  001E  3452               	retlw	82	;'R'
   125  001F  3445               	retlw	69	;'E'
   126  0020  3420               	retlw	32	;' '
   127  0021  3400               	retlw	0
   128                           psect	strings
   129                           	file	"C:\Users\Admin\AppData\Local\Temp\sge8."
   130                           	line	#
   131                           psect cinit,class=CODE,delta=2
   132                           global start_initialization
   133  070F                     start_initialization:
   134                           
   135                           psect cinit,class=CODE,delta=2
   136                           global end_of_initialization
   137                           
   138                           ;End of C runtime variable initialization code
   139                           
   140  070F                     end_of_initialization:
   141  070F  0183               clrf status
   142  0710  120A  118A  2F99   ljmp _main	;jump to C main() function
   143                           psect	cstackCOMMON,class=COMMON,space=1
   144                           global __pcstackCOMMON
   145  0070                     __pcstackCOMMON:
   146                           	global	?_cmd
   147  0070                     ?_cmd:	; 0 bytes @ 0x0
   148                           	global	?_lcd_delay
   149  0070                     ?_lcd_delay:	; 0 bytes @ 0x0
   150                           	global	??_lcd_delay
   151  0070                     ??_lcd_delay:	; 0 bytes @ 0x0
   152                           	global	?_lcd_init
   153  0070                     ?_lcd_init:	; 0 bytes @ 0x0
   154                           	global	?_dat
   155  0070                     ?_dat:	; 0 bytes @ 0x0
   156                           	global	?_show
   157  0070                     ?_show:	; 0 bytes @ 0x0
   158                           	global	?_main
   159  0070                     ?_main:	; 2 bytes @ 0x0
   160                           	global	lcd_delay@lcd_delay
   161  0070                     lcd_delay@lcd_delay:	; 2 bytes @ 0x0
   162  0070                     	ds	2
   163                           	global	??_cmd
   164  0072                     ??_cmd:	; 0 bytes @ 0x2
   165                           	global	??_dat
   166  0072                     ??_dat:	; 0 bytes @ 0x2
   167                           	global	cmd@a
   168  0072                     cmd@a:	; 1 bytes @ 0x2
   169                           	global	dat@b
   170  0072                     dat@b:	; 1 bytes @ 0x2
   171  0072                     	ds	1
   172                           	global	??_lcd_init
   173  0073                     ??_lcd_init:	; 0 bytes @ 0x3
   174                           	global	??_show
   175  0073                     ??_show:	; 0 bytes @ 0x3
   176  0073                     	ds	1
   177                           	global	show@s
   178  0074                     show@s:	; 1 bytes @ 0x4
   179  0074                     	ds	1
   180                           	global	??_main
   181  0075                     ??_main:	; 0 bytes @ 0x5
   182                           	global	main@j
   183  0075                     main@j:	; 2 bytes @ 0x5
   184  0075                     	ds	2
   185 ;;Data sizes: Strings 25, constant 0, data 0, bss 0, persistent 0 stack 0
   186 ;;Auto spaces:   Size  Autos    Used
   187 ;; COMMON          14      7       7
   188 ;; BANK0           80      0       0
   189 ;; BANK1           80      0       0
   190 ;; BANK3           96      0       0
   191 ;; BANK2           96      0       0
   192                           
   193 ;;
   194 ;; Pointer list with targets:
   195                           
   196 ;; show@s	PTR unsigned char  size(1) Largest target is 13
   197 ;;		 -> STR_2(CODE[12]), STR_1(CODE[13]), 
   198 ;;
   199                           
   200                           
   201 ;;
   202 ;; Critical Paths under _main in COMMON
   203 ;;
   204 ;;   _main->_show
   205 ;;   _show->_dat
   206 ;;   _lcd_init->_cmd
   207 ;;   _dat->_lcd_delay
   208 ;;   _cmd->_lcd_delay
   209 ;;
   210 ;; Critical Paths under _main in BANK0
   211 ;;
   212 ;;   None.
   213 ;;
   214 ;; Critical Paths under _main in BANK1
   215 ;;
   216 ;;   None.
   217 ;;
   218 ;; Critical Paths under _main in BANK3
   219 ;;
   220 ;;   None.
   221 ;;
   222 ;; Critical Paths under _main in BANK2
   223 ;;
   224 ;;   None.
   225                           
   226 ;;
   227 ;;Main: autosize = 0, tempsize = 0, incstack = 0, save=0
   228 ;;
   229                           
   230 ;;
   231 ;;Call Graph Tables:
   232 ;;
   233 ;; ---------------------------------------------------------------------------------
   234 ;; (Depth) Function   	        Calls       Base Space   Used Autos Params    Refs
   235 ;; ---------------------------------------------------------------------------------
   236 ;; (0) _main                                                 2     2      0     225
   237 ;;                                              5 COMMON     2     2      0
   238 ;;                           _lcd_init
   239 ;;                                _cmd
   240 ;;                               _show
   241 ;; ---------------------------------------------------------------------------------
   242 ;; (1) _show                                                 2     2      0      75
   243 ;;                                              3 COMMON     2     2      0
   244 ;;                                _dat
   245 ;; ---------------------------------------------------------------------------------
   246 ;; (1) _lcd_init                                             0     0      0      45
   247 ;;                                _cmd
   248 ;; ---------------------------------------------------------------------------------
   249 ;; (2) _dat                                                  1     1      0      45
   250 ;;                                              2 COMMON     1     1      0
   251 ;;                          _lcd_delay
   252 ;; ---------------------------------------------------------------------------------
   253 ;; (1) _cmd                                                  1     1      0      45
   254 ;;                                              2 COMMON     1     1      0
   255 ;;                          _lcd_delay
   256 ;; ---------------------------------------------------------------------------------
   257 ;; (3) _lcd_delay                                            2     2      0      30
   258 ;;                                              0 COMMON     2     2      0
   259 ;; ---------------------------------------------------------------------------------
   260 ;; Estimated maximum stack depth 3
   261 ;; ---------------------------------------------------------------------------------
   262                           
   263 ;; Call Graph Graphs:
   264                           
   265 ;; _main (ROOT)
   266 ;;   _lcd_init
   267 ;;     _cmd
   268 ;;       _lcd_delay
   269 ;;   _cmd
   270 ;;     _lcd_delay
   271 ;;   _show
   272 ;;     _dat
   273 ;;       _lcd_delay
   274 ;;
   275                           
   276 ;; Address spaces:
   277                           
   278 ;;Name               Size   Autos  Total    Cost      Usage
   279 ;;BITCOMMON            E      0       0       0        0.0%
   280 ;;EEDATA             100      0       0       0        0.0%
   281 ;;NULL                 0      0       0       0        0.0%
   282 ;;CODE                 0      0       0       0        0.0%
   283 ;;COMMON               E      7       7       1       50.0%
   284 ;;BITSFR0              0      0       0       1        0.0%
   285 ;;SFR0                 0      0       0       1        0.0%
   286 ;;BITSFR1              0      0       0       2        0.0%
   287 ;;SFR1                 0      0       0       2        0.0%
   288 ;;STACK                0      0       3       2        0.0%
   289 ;;ABS                  0      0       0       3        0.0%
   290 ;;BITBANK0            50      0       0       4        0.0%
   291 ;;BITSFR3              0      0       0       4        0.0%
   292 ;;SFR3                 0      0       0       4        0.0%
   293 ;;BANK0               50      0       0       5        0.0%
   294 ;;BITSFR2              0      0       0       5        0.0%
   295 ;;SFR2                 0      0       0       5        0.0%
   296 ;;BITBANK1            50      0       0       6        0.0%
   297 ;;BANK1               50      0       0       7        0.0%
   298 ;;BITBANK3            60      0       0       8        0.0%
   299 ;;BANK3               60      0       0       9        0.0%
   300 ;;BITBANK2            60      0       0      10        0.0%
   301 ;;BANK2               60      0       0      11        0.0%
   302 ;;DATA                 0      0       0      12        0.0%
   303                           
   304                           	global	_main
   305                           psect	maintext,global,class=CODE,delta=2
   306                           global __pmaintext
   307  0799                     __pmaintext:
   308                           
   309 ;; *************** function _main *****************
   310 ;; Defined at:
   311 ;;		line 51 in file "shurthi.c"
   312 ;; Parameters:    Size  Location     Type
   313 ;;		None
   314 ;; Auto vars:     Size  Location     Type
   315 ;;  j               2    5[COMMON] unsigned int 
   316 ;; Return value:  Size  Location     Type
   317 ;;                  2  708[COMMON] int 
   318 ;; Registers used:
   319 ;;		wreg, fsr0l, fsr0h, status,2, status,0, pclath, cstack
   320 ;; Tracked objects:
   321 ;;		On entry : 17F/0
   322 ;;		On exit  : 0/0
   323 ;;		Unchanged: 0/0
   324 ;; Data sizes:     COMMON   BANK0   BANK1   BANK3   BANK2
   325 ;;      Params:         0       0       0       0       0
   326 ;;      Locals:         2       0       0       0       0
   327 ;;      Temps:          0       0       0       0       0
   328 ;;      Totals:         2       0       0       0       0
   329 ;;Total ram usage:        2 bytes
   330 ;; Hardware stack levels required when called:    3
   331 ;; This function calls:
   332 ;;		_lcd_init
   333 ;;		_cmd
   334 ;;		_show
   335 ;; This function is called by:
   336 ;;		Startup code after reset
   337 ;; This function uses a non-reentrant model
   338 ;;
   339                           psect	maintext
   340                           	file	"shurthi.c"
   341                           	line	51
   342                           	global	__size_of_main
   343  0067                     	__size_of_main	equ	__end_of_main-_main
   344                           	
   345  0799                     _main:	
   346                           	opt	stack 5
   347                           ; Regs used in _main: [wreg-fsr0h+status,2+status,0+pclath+cstack]
   348                           	line	52
   349                           	
   350  0799                     l2663:	
   351                           ;shurthi.c: 52: TRISB=0;
   352  0799  1683               	bsf	status, 5	;RP0=1, select bank1
   353  079A  1303               	bcf	status, 6	;RP1=0, select bank1
   354  079B  0186               	clrf	(134)^080h	;volatile
   355                           	line	53
   356                           ;shurthi.c: 53: TRISC=0;
   357  079C  0187               	clrf	(135)^080h	;volatile
   358                           	line	55
   359                           	
   360  079D                     l2665:	
   361                           ;shurthi.c: 54: unsigned int j;
   362                           ;shurthi.c: 55: lcd_init();
   363  079D  120A  118A  2774   	fcall	_lcd_init
              120A  118A         
   364  07A2  2FA3               	goto	l2667
   365                           	line	56
   366                           ;shurthi.c: 56: while(1) {
   367                           	
   368  07A3                     l709:	
   369                           	line	57
   370                           	
   371  07A3                     l2667:	
   372                           ;shurthi.c: 57: cmd(0x80);
   373  07A3  3080               	movlw	(080h)
   374  07A4  120A  118A  2713   	fcall	_cmd
              120A  118A         
   375                           	line	58
   376                           	
   377  07A9                     l2669:	
   378                           ;shurthi.c: 58: show("   Welcome  ");
   379  07A9  3001               	movlw	((STR_1-__stringbase))&0ffh
   380  07AA  120A  118A  2753   	fcall	_show
              120A  118A         
   381                           	line	59
   382                           	
   383  07AF                     l2671:	
   384                           ;shurthi.c: 59: cmd(0xc0);
   385  07AF  30C0               	movlw	(0C0h)
   386  07B0  120A  118A  2713   	fcall	_cmd
              120A  118A         
   387                           	line	60
   388                           	
   389  07B5                     l2673:	
   390                           ;shurthi.c: 60: show(" LIVE WIRE ");
   391  07B5  300E               	movlw	((STR_2-__stringbase))&0ffh
   392  07B6  120A  118A  2753   	fcall	_show
              120A  118A         
   393                           	line	61
   394                           	
   395  07BB                     l2675:	
   396                           ;shurthi.c: 61: for(j=0; j<30000; j++);
   397  07BB  01F5               	clrf	(main@j)
   398  07BC  01F6               	clrf	(main@j+1)
   399                           	
   400  07BD                     l2677:	
   401  07BD  3075               	movlw	high(07530h)
   402  07BE  0276               	subwf	(main@j+1),w
   403  07BF  3030               	movlw	low(07530h)
   404  07C0  1903               	skipnz
   405  07C1  0275               	subwf	(main@j),w
   406  07C2  1C03               	skipc
   407  07C3  2FC5               	goto	u2251
   408  07C4  2FC6               	goto	u2250
   409  07C5                     u2251:
   410  07C5  2FC8               	goto	l2681
   411  07C6                     u2250:
   412  07C6  2FD8               	goto	l2683
   413                           	
   414  07C7                     l2679:	
   415  07C7  2FD8               	goto	l2683
   416                           	
   417  07C8                     l710:	
   418                           	
   419  07C8                     l2681:	
   420  07C8  3001               	movlw	low(01h)
   421  07C9  07F5               	addwf	(main@j),f
   422  07CA  1803               	skipnc
   423  07CB  0AF6               	incf	(main@j+1),f
   424  07CC  3000               	movlw	high(01h)
   425  07CD  07F6               	addwf	(main@j+1),f
   426  07CE  3075               	movlw	high(07530h)
   427  07CF  0276               	subwf	(main@j+1),w
   428  07D0  3030               	movlw	low(07530h)
   429  07D1  1903               	skipnz
   430  07D2  0275               	subwf	(main@j),w
   431  07D3  1C03               	skipc
   432  07D4  2FD6               	goto	u2261
   433  07D5  2FD7               	goto	u2260
   434  07D6                     u2261:
   435  07D6  2FC8               	goto	l2681
   436  07D7                     u2260:
   437  07D7  2FD8               	goto	l2683
   438                           	
   439  07D8                     l711:	
   440                           	line	62
   441                           	
   442  07D8                     l2683:	
   443                           ;shurthi.c: 62: cmd(0x01);
   444  07D8  3001               	movlw	(01h)
   445  07D9  120A  118A  2713   	fcall	_cmd
              120A  118A         
   446                           	line	63
   447                           	
   448  07DE                     l2685:	
   449                           ;shurthi.c: 63: for(j=0; j<3000; j++);
   450  07DE  01F5               	clrf	(main@j)
   451  07DF  01F6               	clrf	(main@j+1)
   452                           	
   453  07E0                     l2687:	
   454  07E0  300B               	movlw	high(0BB8h)
   455  07E1  0276               	subwf	(main@j+1),w
   456  07E2  30B8               	movlw	low(0BB8h)
   457  07E3  1903               	skipnz
   458  07E4  0275               	subwf	(main@j),w
   459  07E5  1C03               	skipc
   460  07E6  2FE8               	goto	u2271
   461  07E7  2FE9               	goto	u2270
   462  07E8                     u2271:
   463  07E8  2FEB               	goto	l2691
   464  07E9                     u2270:
   465  07E9  2FA3               	goto	l2667
   466                           	
   467  07EA                     l2689:	
   468  07EA  2FA3               	goto	l2667
   469                           	
   470  07EB                     l712:	
   471                           	
   472  07EB                     l2691:	
   473  07EB  3001               	movlw	low(01h)
   474  07EC  07F5               	addwf	(main@j),f
   475  07ED  1803               	skipnc
   476  07EE  0AF6               	incf	(main@j+1),f
   477  07EF  3000               	movlw	high(01h)
   478  07F0  07F6               	addwf	(main@j+1),f
   479  07F1  300B               	movlw	high(0BB8h)
   480  07F2  0276               	subwf	(main@j+1),w
   481  07F3  30B8               	movlw	low(0BB8h)
   482  07F4  1903               	skipnz
   483  07F5  0275               	subwf	(main@j),w
   484  07F6  1C03               	skipc
   485  07F7  2FF9               	goto	u2281
   486  07F8  2FFA               	goto	u2280
   487  07F9                     u2281:
   488  07F9  2FEB               	goto	l2691
   489  07FA                     u2280:
   490  07FA  2FA3               	goto	l2667
   491                           	
   492  07FB                     l713:	
   493  07FB  2FA3               	goto	l2667
   494                           	line	64
   495                           	
   496  07FC                     l714:	
   497                           	line	56
   498  07FC  2FA3               	goto	l2667
   499                           	
   500  07FD                     l715:	
   501                           	line	65
   502                           	
   503  07FD                     l716:	
   504                           	global	start
   505  07FD  120A  118A  2800   	ljmp	start
   506                           	opt stack 0
   507                           GLOBAL	__end_of_main
   508  0800                     	__end_of_main:
   509 ;; =============== function _main ends ============
   510                           
   511                           	signat	_main,90
   512                           	global	_show
   513                           psect	text107,local,class=CODE,delta=2
   514                           global __ptext107
   515  0753                     __ptext107:
   516                           
   517 ;; *************** function _show *****************
   518 ;; Defined at:
   519 ;;		line 40 in file "shurthi.c"
   520 ;; Parameters:    Size  Location     Type
   521 ;;  s               1    wreg     PTR unsigned char 
   522 ;;		 -> STR_2(12), STR_1(13), 
   523 ;; Auto vars:     Size  Location     Type
   524 ;;  s               1    4[COMMON] PTR unsigned char 
   525 ;;		 -> STR_2(12), STR_1(13), 
   526 ;; Return value:  Size  Location     Type
   527 ;;		None               void
   528 ;; Registers used:
   529 ;;		wreg, fsr0l, fsr0h, status,2, status,0, pclath, cstack
   530 ;; Tracked objects:
   531 ;;		On entry : 0/0
   532 ;;		On exit  : 0/0
   533 ;;		Unchanged: 0/0
   534 ;; Data sizes:     COMMON   BANK0   BANK1   BANK3   BANK2
   535 ;;      Params:         0       0       0       0       0
   536 ;;      Locals:         1       0       0       0       0
   537 ;;      Temps:          1       0       0       0       0
   538 ;;      Totals:         2       0       0       0       0
   539 ;;Total ram usage:        2 bytes
   540 ;; Hardware stack levels used:    1
   541 ;; Hardware stack levels required when called:    2
   542 ;; This function calls:
   543 ;;		_dat
   544 ;; This function is called by:
   545 ;;		_main
   546 ;; This function uses a non-reentrant model
   547 ;;
   548                           psect	text107
   549                           	file	"shurthi.c"
   550                           	line	40
   551                           	global	__size_of_show
   552  0021                     	__size_of_show	equ	__end_of_show-_show
   553                           	
   554  0753                     _show:	
   555                           	opt	stack 5
   556                           ; Regs used in _show: [wreg-fsr0h+status,2+status,0+pclath+cstack]
   557                           ;show@s stored from wreg
   558  0753  00F4               	movwf	(show@s)
   559                           	line	41
   560                           	
   561  0754                     l2655:	
   562                           ;shurthi.c: 41: while(*s) {
   563  0754  2F66               	goto	l2661
   564                           	
   565  0755                     l699:	
   566                           	line	42
   567                           	
   568  0755                     l2657:	
   569                           ;shurthi.c: 42: dat(*s++);
   570  0755  0874               	movf	(show@s),w
   571  0756  0084               	movwf	fsr0
   572  0757  120A  118A  2003   	fcall	stringdir
              120A  118A         
   573  075C  120A  118A  2724   	fcall	_dat
              120A  118A         
   574                           	
   575  0761                     l2659:	
   576  0761  3001               	movlw	(01h)
   577  0762  00F3               	movwf	(??_show+0)+0
   578  0763  0873               	movf	(??_show+0)+0,w
   579  0764  07F4               	addwf	(show@s),f
   580  0765  2F66               	goto	l2661
   581                           	line	43
   582                           	
   583  0766                     l698:	
   584                           	line	41
   585                           	
   586  0766                     l2661:	
   587  0766  0874               	movf	(show@s),w
   588  0767  0084               	movwf	fsr0
   589  0768  120A  118A  2003   	fcall	stringdir
              120A  118A         
   590  076D  3800               	iorlw	0
   591  076E  1D03               	skipz
   592  076F  2F71               	goto	u2241
   593  0770  2F72               	goto	u2240
   594  0771                     u2241:
   595  0771  2F55               	goto	l2657
   596  0772                     u2240:
   597  0772  2F73               	goto	l701
   598                           	
   599  0773                     l700:	
   600                           	line	44
   601                           	
   602  0773                     l701:	
   603  0773  0008               	return
   604                           	opt stack 0
   605                           GLOBAL	__end_of_show
   606  0774                     	__end_of_show:
   607 ;; =============== function _show ends ============
   608                           
   609                           	signat	_show,4216
   610                           	global	_lcd_init
   611                           psect	text108,local,class=CODE,delta=2
   612                           global __ptext108
   613  0774                     __ptext108:
   614                           
   615 ;; *************** function _lcd_init *****************
   616 ;; Defined at:
   617 ;;		line 13 in file "shurthi.c"
   618 ;; Parameters:    Size  Location     Type
   619 ;;		None
   620 ;; Auto vars:     Size  Location     Type
   621 ;;		None
   622 ;; Return value:  Size  Location     Type
   623 ;;		None               void
   624 ;; Registers used:
   625 ;;		wreg, status,2, status,0, pclath, cstack
   626 ;; Tracked objects:
   627 ;;		On entry : 0/0
   628 ;;		On exit  : 0/0
   629 ;;		Unchanged: 0/0
   630 ;; Data sizes:     COMMON   BANK0   BANK1   BANK3   BANK2
   631 ;;      Params:         0       0       0       0       0
   632 ;;      Locals:         0       0       0       0       0
   633 ;;      Temps:          0       0       0       0       0
   634 ;;      Totals:         0       0       0       0       0
   635 ;;Total ram usage:        0 bytes
   636 ;; Hardware stack levels used:    1
   637 ;; Hardware stack levels required when called:    2
   638 ;; This function calls:
   639 ;;		_cmd
   640 ;; This function is called by:
   641 ;;		_main
   642 ;; This function uses a non-reentrant model
   643 ;;
   644                           psect	text108
   645                           	file	"shurthi.c"
   646                           	line	13
   647                           	global	__size_of_lcd_init
   648  0025                     	__size_of_lcd_init	equ	__end_of_lcd_init-_lcd_init
   649                           	
   650  0774                     _lcd_init:	
   651                           	opt	stack 5
   652                           ; Regs used in _lcd_init: [wreg+status,2+status,0+pclath+cstack]
   653                           	line	14
   654                           	
   655  0774                     l2653:	
   656                           ;shurthi.c: 14: cmd(0x38);
   657  0774  3038               	movlw	(038h)
   658  0775  120A  118A  2713   	fcall	_cmd
              120A  118A         
   659                           	line	15
   660                           ;shurthi.c: 15: cmd(0x0e);
   661  077A  300E               	movlw	(0Eh)
   662  077B  120A  118A  2713   	fcall	_cmd
              120A  118A         
   663                           	line	16
   664                           ;shurthi.c: 16: cmd(0x01);
   665  0780  3001               	movlw	(01h)
   666  0781  120A  118A  2713   	fcall	_cmd
              120A  118A         
   667                           	line	17
   668                           ;shurthi.c: 17: cmd(0x06);
   669  0786  3006               	movlw	(06h)
   670  0787  120A  118A  2713   	fcall	_cmd
              120A  118A         
   671                           	line	18
   672                           ;shurthi.c: 18: cmd(0x0c);
   673  078C  300C               	movlw	(0Ch)
   674  078D  120A  118A  2713   	fcall	_cmd
              120A  118A         
   675                           	line	19
   676                           ;shurthi.c: 19: cmd(0x80);
   677  0792  3080               	movlw	(080h)
   678  0793  120A  118A  2713   	fcall	_cmd
              120A  118A         
   679                           	line	20
   680                           	
   681  0798                     l689:	
   682  0798  0008               	return
   683                           	opt stack 0
   684                           GLOBAL	__end_of_lcd_init
   685  0799                     	__end_of_lcd_init:
   686 ;; =============== function _lcd_init ends ============
   687                           
   688                           	signat	_lcd_init,88
   689                           	global	_dat
   690                           psect	text109,local,class=CODE,delta=2
   691                           global __ptext109
   692  0724                     __ptext109:
   693                           
   694 ;; *************** function _dat *****************
   695 ;; Defined at:
   696 ;;		line 31 in file "shurthi.c"
   697 ;; Parameters:    Size  Location     Type
   698 ;;  b               1    wreg     unsigned char 
   699 ;; Auto vars:     Size  Location     Type
   700 ;;  b               1    2[COMMON] unsigned char 
   701 ;; Return value:  Size  Location     Type
   702 ;;		None               void
   703 ;; Registers used:
   704 ;;		wreg, status,2, status,0, pclath, cstack
   705 ;; Tracked objects:
   706 ;;		On entry : 0/0
   707 ;;		On exit  : 0/0
   708 ;;		Unchanged: 0/0
   709 ;; Data sizes:     COMMON   BANK0   BANK1   BANK3   BANK2
   710 ;;      Params:         0       0       0       0       0
   711 ;;      Locals:         1       0       0       0       0
   712 ;;      Temps:          0       0       0       0       0
   713 ;;      Totals:         1       0       0       0       0
   714 ;;Total ram usage:        1 bytes
   715 ;; Hardware stack levels used:    1
   716 ;; Hardware stack levels required when called:    1
   717 ;; This function calls:
   718 ;;		_lcd_delay
   719 ;; This function is called by:
   720 ;;		_show
   721 ;; This function uses a non-reentrant model
   722 ;;
   723                           psect	text109
   724                           	file	"shurthi.c"
   725                           	line	31
   726                           	global	__size_of_dat
   727  0011                     	__size_of_dat	equ	__end_of_dat-_dat
   728                           	
   729  0724                     _dat:	
   730                           	opt	stack 5
   731                           ; Regs used in _dat: [wreg+status,2+status,0+pclath+cstack]
   732                           ;dat@b stored from wreg
   733  0724  00F2               	movwf	(dat@b)
   734                           	line	32
   735                           	
   736  0725                     l2641:	
   737                           ;shurthi.c: 32: PORTB=b;
   738  0725  0872               	movf	(dat@b),w
   739  0726  1283               	bcf	status, 5	;RP0=0, select bank0
   740  0727  1303               	bcf	status, 6	;RP1=0, select bank0
   741  0728  0086               	movwf	(6)	;volatile
   742                           	line	33
   743                           	
   744  0729                     l2643:	
   745                           ;shurthi.c: 33: RC0=1;
   746  0729  1407               	bsf	(56/8),(56)&7
   747                           	line	34
   748                           	
   749  072A                     l2645:	
   750                           ;shurthi.c: 34: RC1=0;
   751  072A  1087               	bcf	(57/8),(57)&7
   752                           	line	35
   753                           	
   754  072B                     l2647:	
   755                           ;shurthi.c: 35: RC2=1;
   756  072B  1507               	bsf	(58/8),(58)&7
   757                           	line	36
   758                           	
   759  072C                     l2649:	
   760                           ;shurthi.c: 36: lcd_delay();
   761  072C  120A  118A  2735   	fcall	_lcd_delay
              120A  118A         
   762                           	line	37
   763                           	
   764  0731                     l2651:	
   765                           ;shurthi.c: 37: RC2=0;
   766  0731  1283               	bcf	status, 5	;RP0=0, select bank0
   767  0732  1303               	bcf	status, 6	;RP1=0, select bank0
   768  0733  1107               	bcf	(58/8),(58)&7
   769                           	line	38
   770                           	
   771  0734                     l695:	
   772  0734  0008               	return
   773                           	opt stack 0
   774                           GLOBAL	__end_of_dat
   775  0735                     	__end_of_dat:
   776 ;; =============== function _dat ends ============
   777                           
   778                           	signat	_dat,4216
   779                           	global	_cmd
   780                           psect	text110,local,class=CODE,delta=2
   781                           global __ptext110
   782  0713                     __ptext110:
   783                           
   784 ;; *************** function _cmd *****************
   785 ;; Defined at:
   786 ;;		line 22 in file "shurthi.c"
   787 ;; Parameters:    Size  Location     Type
   788 ;;  a               1    wreg     unsigned char 
   789 ;; Auto vars:     Size  Location     Type
   790 ;;  a               1    2[COMMON] unsigned char 
   791 ;; Return value:  Size  Location     Type
   792 ;;		None               void
   793 ;; Registers used:
   794 ;;		wreg, status,2, status,0, pclath, cstack
   795 ;; Tracked objects:
   796 ;;		On entry : 0/0
   797 ;;		On exit  : 0/0
   798 ;;		Unchanged: 0/0
   799 ;; Data sizes:     COMMON   BANK0   BANK1   BANK3   BANK2
   800 ;;      Params:         0       0       0       0       0
   801 ;;      Locals:         1       0       0       0       0
   802 ;;      Temps:          0       0       0       0       0
   803 ;;      Totals:         1       0       0       0       0
   804 ;;Total ram usage:        1 bytes
   805 ;; Hardware stack levels used:    1
   806 ;; Hardware stack levels required when called:    1
   807 ;; This function calls:
   808 ;;		_lcd_delay
   809 ;; This function is called by:
   810 ;;		_lcd_init
   811 ;;		_main
   812 ;; This function uses a non-reentrant model
   813 ;;
   814                           psect	text110
   815                           	file	"shurthi.c"
   816                           	line	22
   817                           	global	__size_of_cmd
   818  0011                     	__size_of_cmd	equ	__end_of_cmd-_cmd
   819                           	
   820  0713                     _cmd:	
   821                           	opt	stack 6
   822                           ; Regs used in _cmd: [wreg+status,2+status,0+pclath+cstack]
   823                           ;cmd@a stored from wreg
   824  0713  00F2               	movwf	(cmd@a)
   825                           	line	23
   826                           	
   827  0714                     l2629:	
   828                           ;shurthi.c: 23: PORTB=a;
   829  0714  0872               	movf	(cmd@a),w
   830  0715  1283               	bcf	status, 5	;RP0=0, select bank0
   831  0716  1303               	bcf	status, 6	;RP1=0, select bank0
   832  0717  0086               	movwf	(6)	;volatile
   833                           	line	24
   834                           	
   835  0718                     l2631:	
   836                           ;shurthi.c: 24: RC0=0;
   837  0718  1007               	bcf	(56/8),(56)&7
   838                           	line	25
   839                           	
   840  0719                     l2633:	
   841                           ;shurthi.c: 25: RC1=0;
   842  0719  1087               	bcf	(57/8),(57)&7
   843                           	line	26
   844                           	
   845  071A                     l2635:	
   846                           ;shurthi.c: 26: RC2=1;
   847  071A  1507               	bsf	(58/8),(58)&7
   848                           	line	27
   849                           	
   850  071B                     l2637:	
   851                           ;shurthi.c: 27: lcd_delay();
   852  071B  120A  118A  2735   	fcall	_lcd_delay
              120A  118A         
   853                           	line	28
   854                           	
   855  0720                     l2639:	
   856                           ;shurthi.c: 28: RC2=0;
   857  0720  1283               	bcf	status, 5	;RP0=0, select bank0
   858  0721  1303               	bcf	status, 6	;RP1=0, select bank0
   859  0722  1107               	bcf	(58/8),(58)&7
   860                           	line	29
   861                           	
   862  0723                     l692:	
   863  0723  0008               	return
   864                           	opt stack 0
   865                           GLOBAL	__end_of_cmd
   866  0724                     	__end_of_cmd:
   867 ;; =============== function _cmd ends ============
   868                           
   869                           	signat	_cmd,4216
   870                           	global	_lcd_delay
   871                           psect	text111,local,class=CODE,delta=2
   872                           global __ptext111
   873  0735                     __ptext111:
   874                           
   875 ;; *************** function _lcd_delay *****************
   876 ;; Defined at:
   877 ;;		line 46 in file "shurthi.c"
   878 ;; Parameters:    Size  Location     Type
   879 ;;		None
   880 ;; Auto vars:     Size  Location     Type
   881 ;;  lcd_delay       2    0[COMMON] unsigned int 
   882 ;; Return value:  Size  Location     Type
   883 ;;		None               void
   884 ;; Registers used:
   885 ;;		wreg, status,2
   886 ;; Tracked objects:
   887 ;;		On entry : 0/0
   888 ;;		On exit  : 0/0
   889 ;;		Unchanged: 0/0
   890 ;; Data sizes:     COMMON   BANK0   BANK1   BANK3   BANK2
   891 ;;      Params:         0       0       0       0       0
   892 ;;      Locals:         2       0       0       0       0
   893 ;;      Temps:          0       0       0       0       0
   894 ;;      Totals:         2       0       0       0       0
   895 ;;Total ram usage:        2 bytes
   896 ;; Hardware stack levels used:    1
   897 ;; This function calls:
   898 ;;		Nothing
   899 ;; This function is called by:
   900 ;;		_cmd
   901 ;;		_dat
   902 ;; This function uses a non-reentrant model
   903 ;;
   904                           psect	text111
   905                           	file	"shurthi.c"
   906                           	line	46
   907                           	global	__size_of_lcd_delay
   908  001E                     	__size_of_lcd_delay	equ	__end_of_lcd_delay-_lcd_delay
   909                           	
   910  0735                     _lcd_delay:	
   911                           	opt	stack 5
   912                           ; Regs used in _lcd_delay: [wreg+status,2]
   913                           	line	48
   914                           	
   915  0735                     l1763:	
   916                           ;shurthi.c: 47: unsigned int lcd_delay;
   917                           ;shurthi.c: 48: for(lcd_delay=0;lcd_delay<=600;lcd_delay++);
   918  0735  01F0               	clrf	(lcd_delay@lcd_delay)
   919  0736  01F1               	clrf	(lcd_delay@lcd_delay+1)
   920                           	
   921  0737                     l1765:	
   922  0737  3002               	movlw	high(0259h)
   923  0738  0271               	subwf	(lcd_delay@lcd_delay+1),w
   924  0739  3059               	movlw	low(0259h)
   925  073A  1903               	skipnz
   926  073B  0270               	subwf	(lcd_delay@lcd_delay),w
   927  073C  1C03               	skipc
   928  073D  2F3F               	goto	u11
   929  073E  2F40               	goto	u10
   930  073F                     u11:
   931  073F  2F42               	goto	l1769
   932  0740                     u10:
   933  0740  2F52               	goto	l706
   934                           	
   935  0741                     l1767:	
   936  0741  2F52               	goto	l706
   937                           	
   938  0742                     l704:	
   939                           	
   940  0742                     l1769:	
   941  0742  3001               	movlw	low(01h)
   942  0743  07F0               	addwf	(lcd_delay@lcd_delay),f
   943  0744  1803               	skipnc
   944  0745  0AF1               	incf	(lcd_delay@lcd_delay+1),f
   945  0746  3000               	movlw	high(01h)
   946  0747  07F1               	addwf	(lcd_delay@lcd_delay+1),f
   947  0748  3002               	movlw	high(0259h)
   948  0749  0271               	subwf	(lcd_delay@lcd_delay+1),w
   949  074A  3059               	movlw	low(0259h)
   950  074B  1903               	skipnz
   951  074C  0270               	subwf	(lcd_delay@lcd_delay),w
   952  074D  1C03               	skipc
   953  074E  2F50               	goto	u21
   954  074F  2F51               	goto	u20
   955  0750                     u21:
   956  0750  2F42               	goto	l1769
   957  0751                     u20:
   958  0751  2F52               	goto	l706
   959                           	
   960  0752                     l705:	
   961                           	line	49
   962                           	
   963  0752                     l706:	
   964  0752  0008               	return
   965                           	opt stack 0
   966                           GLOBAL	__end_of_lcd_delay
   967  0753                     	__end_of_lcd_delay:
   968 ;; =============== function _lcd_delay ends ============
   969                           
   970                           	signat	_lcd_delay,88
   971                           psect	text112,local,class=CODE,delta=2
   972                           global __ptext112
   973  0000                     __ptext112:
   974                           	global	btemp
   975  007E                     	btemp set 07Eh
   976                           
   977                           	DABS	1,126,2	;btemp
   978                           	global	wtemp0
   979  007E                     	wtemp0 set btemp


HI-TECH Software PICC Macro Assembler V9.82 build 9453 
Symbol Table                                                                                   Fri Nov 15 18:25:29 2024

                   pc 0002                    _RD 0C60                    u10 0740                    u11 073F  
                  u20 0751                    u21 0750                    _WR 0C61                    fsr 0004  
                 l700 0773                   l701 0773                   l710 07C8                   l711 07D8  
                 l704 0742                   l712 07EB                   l705 0752                   l713 07FB  
                 l706 0752                   l714 07FC                   l715 07FD                   l716 07FD  
                 l709 07A3                   l692 0723                   l695 0734                   l689 0798  
                 l698 0766                   l699 0755                   _GIE 005F                   _RC0 0038  
                 _RC1 0039                   _RC2 003A                   _dat 0724                   _cmd 0713  
                 fsr0 0004                  ?_dat 0070                  ?_cmd 0070                  l2631 0718  
                l2633 0719                  l2641 0725                  l1763 0735                  l2635 071A  
                l2651 0731                  l2643 0729                  l1765 0737                  l2637 071B  
                l2629 0714                  l2645 072A                  l2653 0774                  l2661 0766  
                l1767 0741                  l2639 0720                  l2647 072B                  l2655 0754  
                l2671 07AF                  l2663 0799                  l1769 0742                  l2649 072C  
                l2657 0755                  l2681 07C8                  l2673 07B5                  l2665 079D  
                l2659 0761                  l2691 07EB                  l2683 07D8                  l2675 07BB  
                l2667 07A3                  l2685 07DE                  l2677 07BD                  l2669 07A9  
                l2687 07E0                  l2679 07C7                  l2689 07EA                  STR_1 0009  
                STR_2 0016                  u2240 0772                  u2241 0771                  u2250 07C6  
                u2251 07C5                  u2260 07D7                  u2261 07D6                  u2270 07E9  
                u2271 07E8                  u2280 07FA                  u2281 07F9                  _WREN 0C62  
                dat@b 0072                  cmd@a 0072                  _main 0799                  _show 0753  
                btemp 007E                  start 0000                 ??_dat 0072                 ??_cmd 0072  
               ?_main 0070                 _EEADR 010D                 ?_show 0070                 _CARRY 0018  
               _PORTB 0006                 _TRISB 0086                 _TRISC 0087                 main@j 0075  
               pclath 000A                 show@s 0074                 status 0003                 wtemp0 007E  
        __end_of_main 0800          __end_of_show 0774    lcd_delay@lcd_delay 0070                ??_main 0075  
              ??_show 0073                _EEDATA 010C                _EECON1 018C                _EECON2 018D  
    __end_of_lcd_init 0799        __pcstackCOMMON 0070    __size_of_lcd_delay 001E            __pmaintext 0799  
           ?_lcd_init 0070     __end_of_lcd_delay 0753          __size_of_dat 0011          __size_of_cmd 0011  
          ??_lcd_init 0073  end_of_initialization 070F   start_initialization 070F           __end_of_dat 0735  
         __end_of_cmd 0724     __size_of_lcd_init 0025             __ptext110 0713             __ptext111 0735  
           __ptext112 0000             __ptext106 0000             __ptext107 0753             __ptext108 0774  
           __ptext109 0724             _lcd_delay 0735             __pstrings 0003            ?_lcd_delay 0070  
         __stringbase 0008              _lcd_init 0774         __size_of_main 0067         __size_of_show 0021  
         ??_lcd_delay 0070             stringcode 0003              stringdir 0003              stringtab 0003  
