C51 COMPILER V9.60.7.0   AZAD                                                              10/28/2024 18:58:44 PAGE 1   


C51 COMPILER V9.60.7.0, COMPILATION OF MODULE AZAD
OBJECT MODULE PLACED IN .\Objects\azad.obj
COMPILER INVOKED BY: C:\Keil_v5\C51\BIN\C51.EXE azad.c OPTIMIZE(8,SPEED) BROWSE DEBUG OBJECTEXTEND PRINT(.\Listings\azad
                    -.lst) TABS(2) OBJECT(.\Objects\azad.obj)

line level    source

   1          #include<reg51.h>
   2          sbit Led  = P2^1;    //pin connected to toggle Led
   3          sbit Switch =P1^1;  //Pin connected to toggle led
   4          int main()
   5          {
   6   1          Led  = 0; //configuring as output pin
   7   1          Switch = 1; //Configuring as input pin
   8   1          while(1) //Continuous monitor the status of the switch.
   9   1          {
  10   2              if(Switch == 0)
  11   2              {
  12   3                  Led =1; //Led On
  13   3              }
  14   2              else
  15   2              {
  16   3                  Led =0; //Led Off
  17   3              }
  18   2          }
  19   1        
  20   1          return 0;
  21   1        }
*** WARNING C294 IN LINE 20 OF azad.c: unreachable code


MODULE INFORMATION:   STATIC OVERLAYABLE
   CODE SIZE        =     15    ----
   CONSTANT SIZE    =   ----    ----
   XDATA SIZE       =   ----    ----
   PDATA SIZE       =   ----    ----
   DATA SIZE        =   ----    ----
   IDATA SIZE       =   ----    ----
   BIT SIZE         =   ----    ----
END OF MODULE INFORMATION.


C51 COMPILATION COMPLETE.  1 WARNING(S),  0 ERROR(S)
