C51 COMPILER V9.60.7.0   OJS                                                               10/24/2024 18:06:35 PAGE 1   


C51 COMPILER V9.60.7.0, COMPILATION OF MODULE OJS
OBJECT MODULE PLACED IN .\Objects\ojs.obj
COMPILER INVOKED BY: C:\Keil_v5\C51\BIN\C51.EXE ojs.c OPTIMIZE(8,SPEED) BROWSE DEBUG OBJECTEXTEND PRINT(.\Listings\ojs.l
                    -st) TABS(2) OBJECT(.\Objects\ojs.obj)

line level    source

   1          #include <reg51.h> // Include header file for 8051
   2          
   3          #define d P2         // Use Port 2 for data (d)
   4          #define b P1         // Use Port 1 for output (b)
   5          #define s2 P3        // Use Port 3 for additional control (s2)
   6          
   7          // Function to provide delay
   8          void delay(int a)
   9          {
  10   1          int i, j;
  11   1          for (i = 0; i < a; i++)
  12   1          {
  13   2              for (j = 0; j < 1275; j++); // Adjust the loop for appropriate delay for 8051
  14   2          }
  15   1      }
  16          
  17          void main(void)
  18          {
  19   1          unsigned char r[] = {0x0e, 0x0d, 0x0b, 0x07};  // Row mask
  20   1          unsigned char c[] = {0xe0, 0xd0, 0xb0, 0x70};  // Column mask
  21   1          unsigned char c1 = 0x3f;                       // Condition check value
  22   1          unsigned char s1;
  23   1          int row = 0;
  24   1          int column = 0;
  25   1          int i;
  26   1          unsigned char arr[4][4] = {{0x07, 0x7f, 0x67, 0x77}, 
  27   1                                     {0x66, 0x6d, 0x7d, 0x7c}, 
  28   1                                     {0x06, 0x5b, 0x4f, 0x39}, 
  29   1                                     {0x5e, 0x3f, 0x79, 0x71}}; // 4x4 matrix for output
  30   1      
  31   1          // Set the direction of the ports
  32   1          d = 0x0f; // Initialize port for row scanning
  33   1          s2 = 0x00; // Initialize control port to zero
  34   1      
  35   1          while (1)
  36   1          {
  37   2              d = 0x0f; // Scan rows
  38   2        
  39   2              for (i = 0; i < 4; i++)
  40   2              {
  41   3                  if (r[i] == d)
  42   3                  {
  43   4                      row = i;
  44   4                      break;
  45   4                  }
  46   3              }
  47   2              delay(100);
  48   2              d = 0xf0; // Scan columns
  49   2              for (i = 0; i < 4; i++)
  50   2              {
  51   3                  if (c[i] == d)
  52   3                  {
  53   4                      column = i;
  54   4                      break;
C51 COMPILER V9.60.7.0   OJS                                                               10/24/2024 18:06:35 PAGE 2   

  55   4                  }
  56   3              }
  57   2              delay(100);
  58   2      
  59   2              b = arr[row][column]; // Output the value to port b
  60   2              delay(100);
  61   2      
  62   2              s1 = arr[row][column]; // Check condition
  63   2              if (s1 == c1)
  64   2              {
  65   3                  s2 = 0x0f; // Set s2 to 0x0f if condition matches
  66   3                  delay(100);
  67   3              }
  68   2              else
  69   2              {
  70   3                  s2 = 0x00; // Otherwise set s2 to 0x00
  71   3                  delay(100);
  72   3              }
  73   2          }
  74   1      }
  75          


MODULE INFORMATION:   STATIC OVERLAYABLE
   CODE SIZE        =    237    ----
   CONSTANT SIZE    =     24    ----
   XDATA SIZE       =   ----    ----
   PDATA SIZE       =   ----    ----
   DATA SIZE        =   ----      29
   IDATA SIZE       =   ----    ----
   BIT SIZE         =   ----    ----
END OF MODULE INFORMATION.


C51 COMPILATION COMPLETE.  0 WARNING(S),  0 ERROR(S)
