C51 COMPILER V9.60.7.0   MAIN1                                                             10/28/2024 18:41:54 PAGE 1   


C51 COMPILER V9.60.7.0, COMPILATION OF MODULE MAIN1
OBJECT MODULE PLACED IN .\Objects\main1.obj
COMPILER INVOKED BY: C:\Keil_v5\C51\BIN\C51.EXE main1.c OPTIMIZE(8,SPEED) BROWSE DEBUG OBJECTEXTEND PRINT(.\Listings\mai
                    -n1.lst) TABS(2) OBJECT(.\Objects\main1.obj)

line level    source

   1          #include<reg51.h>
   2          //sbit Led  = P2^1;    //pin connected to toggle Led
   3          //sbit Switch =P1^1; 
   4          #define d P2
   5          #define l P3
   6           //Pin connected to toggle led
   7          void main(void)
   8          {
   9   1          d = 0;
  10   1          char r[4] = {0x07,0x0B,0x0D,0x0E};
*** ERROR C141 IN LINE 10 OF main1.c: syntax error near 'char', expected '__asm'
*** ERROR C202 IN LINE 10 OF main1.c: 'r': undefined identifier
*** ERROR C141 IN LINE 10 OF main1.c: syntax error near '{', expected 'sizeof'
*** ERROR C141 IN LINE 10 OF main1.c: syntax error near '}', expected ';'
  11   1          char c[4] = {0x70,0xB0,0xD0,0xE0};
*** ERROR C141 IN LINE 11 OF main1.c: syntax error near 'char', expected '__asm'
*** ERROR C141 IN LINE 11 OF main1.c: syntax error near '{', expected 'sizeof'
*** ERROR C141 IN LINE 11 OF main1.c: syntax error near '}', expected ';'
  12   1          char 7[4][4] = {{0x3f,0x06,0x5b,0x4f},{0x66,0x6d,0x7d,0x07},{0x7f,0x67,0x77,0x7c},{0x39,0x5e,0x79,0x71
             -}};
*** ERROR C141 IN LINE 12 OF main1.c: syntax error near 'char', expected '__asm'
*** ERROR C141 IN LINE 12 OF main1.c: syntax error near '{', expected 'sizeof'
*** ERROR C141 IN LINE 12 OF main1.c: syntax error near '}', expected ';'
*** ERROR C141 IN LINE 12 OF main1.c: syntax error near ',', expected '__asm'
*** ERROR C141 IN LINE 12 OF main1.c: syntax error near '}', expected ';'
*** ERROR C141 IN LINE 12 OF main1.c: syntax error near ',', expected '__asm'
*** ERROR C141 IN LINE 12 OF main1.c: syntax error near '}', expected ';'
*** ERROR C141 IN LINE 12 OF main1.c: syntax error near ',', expected '__asm'
*** ERROR C141 IN LINE 12 OF main1.c: syntax error near '}', expected ';'
  13   1          int i;
*** ERROR C141 IN LINE 13 OF main1.c: syntax error near 'int', expected '__asm'
  14   1          int j;
*** ERROR C141 IN LINE 14 OF main1.c: syntax error near 'int', expected '__asm'
*** ERROR C202 IN LINE 14 OF main1.c: 'j': undefined identifier
  15   1          //Led  = 0; //configuring as output pin
  16   1          //Switch = 1; //Configuring as input pin
  17   1          while(1) //Continuous monitor the status of the switch.
  18   1          {
  19   2            for(i=0;i<4;i++){
*** ERROR C202 IN LINE 19 OF main1.c: 'i': undefined identifier
  20   3              for(j=0;j<4;j++){
*** ERROR C202 IN LINE 20 OF main1.c: 'j': undefined identifier
  21   4            if(r[i]&c[j]==0)
*** ERROR C202 IN LINE 21 OF main1.c: 'i': undefined identifier
  22   4            { 
  23   5             l=7[i][j];
*** ERROR C202 IN LINE 23 OF main1.c: 'i': undefined identifier
  24   5             break;
  25   5            }
  26   4             }
  27   3            }
  28   2          }
  29   1       }

C51 COMPILATION COMPLETE.  0 WARNING(S),  23 ERROR(S)
