C51 COMPILER V9.60.7.0   MANISHA                                                           11/04/2024 12:03:11 PAGE 1   


C51 COMPILER V9.60.7.0, COMPILATION OF MODULE MANISHA
OBJECT MODULE PLACED IN .\Objects\manisha.obj
COMPILER INVOKED BY: C:\Keil_v5\C51\BIN\C51.EXE manisha.c OPTIMIZE(8,SPEED) BROWSE DEBUG OBJECTEXTEND PRINT(.\Listings\m
                    -anisha.lst) TABS(2) OBJECT(.\Objects\manisha.obj)

line level    source

   1          #include <reg51.h>
   2          void Tx_char(unsigned char);
   3          void main()
   4          {
   5   1        TMOD=0x20;
   6   1        SCON=0x50;
   7   1        TH1=0xfd;
   8   1        TR1=1;
   9   1        Tx_char('h');
  10   1        Tx_char('e');
  11   1        Tx_char('l');
  12   1        Tx_char('l');
  13   1        Tx_char('o');
  14   1        Tx_char('h');
  15   1        Tx_char('i');
  16   1        Tx_char('h');
  17   1        Tx_char('e');
  18   1        Tx_char('l');
  19   1        Tx_char('l');
  20   1        Tx_char('o');
  21   1        while(1);
  22   1      }
  23          void Tx_char(unsigned char c)
  24          {
  25   1      SBUF=c;
  26   1      while(TI==0);
  27   1      TI=0;
  28   1      }
  29            


MODULE INFORMATION:   STATIC OVERLAYABLE
   CODE SIZE        =     81    ----
   CONSTANT SIZE    =   ----    ----
   XDATA SIZE       =   ----    ----
   PDATA SIZE       =   ----    ----
   DATA SIZE        =   ----    ----
   IDATA SIZE       =   ----    ----
   BIT SIZE         =   ----    ----
END OF MODULE INFORMATION.


C51 COMPILATION COMPLETE.  0 WARNING(S),  0 ERROR(S)
