C51 COMPILER V9.60.7.0   ASHWIN                                                            10/14/2024 12:16:56 PAGE 1   


C51 COMPILER V9.60.7.0, COMPILATION OF MODULE ASHWIN
OBJECT MODULE PLACED IN .\Objects\ashwin.obj
COMPILER INVOKED BY: C:\Keil_v5\C51\BIN\C51.EXE ashwin.c OPTIMIZE(8,SPEED) BROWSE DEBUG OBJECTEXTEND PRINT(.\Listings\as
                    -hwin.lst) TABS(2) OBJECT(.\Objects\ashwin.obj)

line level    source

   1          #include <regx51.h>
   2          void servo(int a,b);
   3          void delay(int);
   4          void main()
   5          {
   6   1      while(1)
   7   1      {
   8   2      P2_0=1;
   9   2      servo(0xff,0x19);
  10   2      P2_0=0;
  11   2      delay(20000);
  12   2      /*P2_0=1;
  13   2      servo(0xfe,0x0c);
  14   2      P2_0=0;
  15   2      delay(20000);
  16   2      P2_0=1;
  17   2      servo(0xfd,0x4c);
  18   2      P2_0=0;
  19   2      delay(20000);
  20   2      P2_0=1;
  21   2      servo(0xFC,0x65);
  22   2      P2_0=0;
  23   2      delay(20000);
  24   2      P2_0=1;
  25   2      servo(0xfb,0x7f);
  26   2      P2_0=0;
  27   2      delay(20000);
  28   2      P2_0=1;
  29   2      servo(0xfa,0x99);
  30   2      P2_0=0;
  31   2      delay(20000);
  32   2      P2_0=1;
  33   2      servo(0xf9,0xb2);
  34   2      P2_0=0;
  35   2      delay(20000);
  36   2      */P2_0=1;
  37   2      servo(0xf8,0xcc);
  38   2      P2_0=0;
  39   2      delay(20000);
  40   2      /*P2_0=1;
  41   2      servo(0xf7,0xe5);
  42   2      P2_0=0;
  43   2      delay(20000);
  44   2      P2_0=1;
  45   2      servo(0xf6,0xff);
  46   2      P2_0=0;
  47   2      delay(20000);
  48   2      P2_0=1;
  49   2      servo(0xf5,0x42);
  50   2      P2_0=0;
  51   2      delay(20000);
  52   2      */P2_0=1;
  53   2      servo(0xf5,0x32);
  54   2      P2_0=0;
C51 COMPILER V9.60.7.0   ASHWIN                                                            10/14/2024 12:16:56 PAGE 2   

  55   2      delay(20000);
  56   2      }
  57   1      }
  58          void servo(int a,b)
  59          {
  60   1      TMOD=0x01;
  61   1      TH0=a;
  62   1      TL0=b;
  63   1      TR0=1;
  64   1      while(TF0==0);
  65   1      TR0=0;
  66   1      TF0=0;
  67   1      }
  68          void delay(int c)
  69          {
  70   1      int s;
  71   1      for(s=0;s<=c;s++);
  72   1      }


MODULE INFORMATION:   STATIC OVERLAYABLE
   CODE SIZE        =     93    ----
   CONSTANT SIZE    =   ----    ----
   XDATA SIZE       =   ----    ----
   PDATA SIZE       =   ----    ----
   DATA SIZE        =   ----    ----
   IDATA SIZE       =   ----    ----
   BIT SIZE         =   ----    ----
END OF MODULE INFORMATION.


C51 COMPILATION COMPLETE.  0 WARNING(S),  0 ERROR(S)
