C51 COMPILER V9.60.7.0   MAIN                                                              11/07/2024 10:35:22 PAGE 1   


C51 COMPILER V9.60.7.0, COMPILATION OF MODULE MAIN
OBJECT MODULE PLACED IN .\Objects\main.obj
COMPILER INVOKED BY: C:\Keil_v5\C51\BIN\C51.EXE main.c OPTIMIZE(8,SPEED) BROWSE DEBUG OBJECTEXTEND PRINT(.\Listings\main
                    -.lst) TABS(2) OBJECT(.\Objects\main.obj)

line level    source

   1          #include<reg51.h>
   2          
   3          #define lcd_data P2
   4          
   5          sbit rs=P1^5;
   6          sbit rw=P1^6;
   7          sbit en=P1^7;
   8          
   9          void lcd_init();
  10          void cmd(unsigned char a);
  11          void dat(unsigned char b);
  12          void show(unsigned char *s);
  13          void lcd_delay();
  14          
  15          void ser_init();
  16          void tx(unsigned char t);
  17          unsigned char rx();
  18          void tx_str(unsigned char *s);
  19          
  20          unsigned char id[12];
  21          unsigned int i;
  22          
  23          void main()
  24          {
  25   1        lcd_init();
  26   1        ser_init();
  27   1        cmd(0x80);
  28   1        show("<<SHOW UR CARD>>");
  29   1        cmd(0xc0);
  30   1        for(i=0; i<12; i++) {
  31   2          id[i]=rx();
  32   2          dat(id[i]);
  33   2        }   
  34   1        while(1);
  35   1      }
  36          
  37          void lcd_init()
  38          {
  39   1        cmd(0x38);
  40   1        cmd(0x0e);
  41   1        cmd(0x01);
  42   1        cmd(0x06);
  43   1        cmd(0x0c);
  44   1        cmd(0x80);
  45   1      }
  46          
  47          void cmd(unsigned char a)
  48          {
  49   1        lcd_data=a;
  50   1        rs=0;
  51   1        rw=0;
  52   1        en=1;
  53   1        lcd_delay();
  54   1        en=0;
C51 COMPILER V9.60.7.0   MAIN                                                              11/07/2024 10:35:22 PAGE 2   

  55   1      }
  56          
  57          void dat(unsigned char b)
  58          {
  59   1        lcd_data=b;
  60   1        rs=1;
  61   1        rw=0;
  62   1        en=1;
  63   1        lcd_delay();
  64   1        en=0;
  65   1      }
  66          
  67          void show(unsigned char *s)
  68          {
  69   1        while(*s) {
  70   2          dat(*s++);
  71   2        }
  72   1      }
  73          
  74          void lcd_delay()
  75          {
  76   1        unsigned int lcd_delay;
  77   1        for(lcd_delay=0;lcd_delay<=6000;lcd_delay++);
  78   1      }
  79          
  80          void ser_init()
  81          {
  82   1        SCON=0x50;
  83   1        TMOD|=0x20;
  84   1        TH1=TL1=0xfd;
  85   1        TR1=1;
  86   1      }
  87          unsigned char rx()
  88          {
  89   1        while(RI==0);
  90   1        RI=0;
  91   1        return SBUF;
  92   1      }
  93          
  94          void tx(unsigned char t)
  95          {
  96   1        SBUF=t;
  97   1        while(TI==0);
  98   1        TI=0;
  99   1      }
 100          
 101          void tx_str(unsigned char *s)
 102          {
 103   1        while(*s)
 104   1          tx(*s++);
 105   1      }


MODULE INFORMATION:   STATIC OVERLAYABLE
   CODE SIZE        =    247    ----
   CONSTANT SIZE    =     17    ----
   XDATA SIZE       =   ----    ----
   PDATA SIZE       =   ----    ----
   DATA SIZE        =     14       6
   IDATA SIZE       =   ----    ----
   BIT SIZE         =   ----    ----
END OF MODULE INFORMATION.

C51 COMPILER V9.60.7.0   MAIN                                                              11/07/2024 10:35:22 PAGE 3   


C51 COMPILATION COMPLETE.  0 WARNING(S),  0 ERROR(S)
