C51 COMPILER V9.60.7.0   ROHIT                                                             10/01/2024 19:30:21 PAGE 1   


C51 COMPILER V9.60.7.0, COMPILATION OF MODULE ROHIT
OBJECT MODULE PLACED IN .\Objects\rohit.obj
COMPILER INVOKED BY: C:\Keil_v5\C51\BIN\C51.EXE rohit.c OPTIMIZE(8,SPEED) BROWSE DEBUG OBJECTEXTEND PRINT(.\Listings\roh
                    -it.lst) TABS(2) OBJECT(.\Objects\rohit.obj)

line level    source

   1          #include<reg51.h>
   2          #define a P2
   3          
   4          void delay(int d)
   5          {
   6   1        int i,j;
   7   1        for(i=0;i<d;i++)
   8   1        {
   9   2          for(j=0;j<500;j++);
  10   2        }
  11   1      }
  12          void main()
  13          {
  14   1        a=0xff;
  15   1        while(1)
  16   1        {
  17   2          a=0x40;
  18   2          delay(1000);
  19   2          a=0x79;
  20   2          delay(1000);
  21   2          a=0x24;                                           
  22   2          delay(1000);
  23   2          a=0x30;
  24   2          delay(1000);
  25   2          a=0x19;
  26   2          delay(1000);
  27   2          a=0x12;
  28   2          delay(1000);
  29   2          a=0x03;
  30   2          delay(1000);
  31   2          a=0x78;
  32   2          delay(1000);
  33   2          a=0x00;
  34   2          delay(1000);
  35   2          a=0x18;
  36   2          delay(1000);
  37   2          
  38   2        }
  39   1      }


MODULE INFORMATION:   STATIC OVERLAYABLE
   CODE SIZE        =    107    ----
   CONSTANT SIZE    =   ----    ----
   XDATA SIZE       =   ----    ----
   PDATA SIZE       =   ----    ----
   DATA SIZE        =   ----    ----
   IDATA SIZE       =   ----    ----
   BIT SIZE         =   ----    ----
END OF MODULE INFORMATION.


C51 COMPILATION COMPLETE.  0 WARNING(S),  0 ERROR(S)
