C51 COMPILER V9.60.7.0   OJA                                                               10/25/2024 19:08:39 PAGE 1   


C51 COMPILER V9.60.7.0, COMPILATION OF MODULE OJA
OBJECT MODULE PLACED IN .\Objects\oja.obj
COMPILER INVOKED BY: C:\Keil_v5\C51\BIN\C51.EXE oja.c OPTIMIZE(8,SPEED) BROWSE DEBUG OBJECTEXTEND PRINT(.\Listings\oja.l
                    -st) TABS(2) OBJECT(.\Objects\oja.obj)

line level    source

   1          #include <reg51.h>
   2          #define lcd_data P2
   3          sbit rs=P1^0;
   4          sbit rw=P1^1;
   5          sbit en=P1^2;
   6          void lcd_init();
   7          void cmd(unsigned char a);
   8          void dat(unsigned char b);
   9          void print(unsigned char *s);
  10          void lcd_delay();
  11          void lcd_init()
  12          {
  13   1          cmd(0x38);
  14   1          cmd(0x0e);
  15   1          cmd(0x01);
  16   1          cmd(0x06);
  17   1          cmd(0x0c);
  18   1          cmd(0x80);
  19   1      }
  20          void cmd(unsigned char a)
  21          {
  22   1          lcd_data=a;
  23   1          rs=0;
  24   1          rw=0;
  25   1          en=1;
  26   1          lcd_delay();
  27   1          en=0;
  28   1      }
  29          void dat(unsigned char b)
  30          {
  31   1          lcd_data=b;
  32   1          rs=1;
  33   1          rw=0;
  34   1          en=1;
  35   1          lcd_delay();
  36   1          en=0;
  37   1      }
  38          void print(unsigned char *s)
  39          {
  40   1          while(*s) {
  41   2              dat(*s++);
  42   2          }
  43   1      }
  44          void lcd_delay()
  45          {
  46   1          unsigned int lcd_delay;
  47   1          for(lcd_delay=0;lcd_delay<=6000;lcd_delay++);
  48   1      }
  49          int main()
  50          {
  51   1          unsigned int j;
  52   1          lcd_init();
  53   1          while(1) {
  54   2              cmd(0x80);
C51 COMPILER V9.60.7.0   OJA                                                               10/25/2024 19:08:39 PAGE 2   

  55   2              print("   Welcome  ");
  56   2              cmd(0xc0);
  57   2              print(" LIVE WIRE ");
  58   2              for(j=0; j<30000; j++);
  59   2              cmd(0x01);
  60   2              for(j=0; j<30000; j++);
  61   2          }
  62   1      }


MODULE INFORMATION:   STATIC OVERLAYABLE
   CODE SIZE        =    179    ----
   CONSTANT SIZE    =     25    ----
   XDATA SIZE       =   ----    ----
   PDATA SIZE       =   ----    ----
   DATA SIZE        =   ----       3
   IDATA SIZE       =   ----    ----
   BIT SIZE         =   ----    ----
END OF MODULE INFORMATION.


C51 COMPILATION COMPLETE.  0 WARNING(S),  0 ERROR(S)
