

HI-TECH Software PIC LITE Macro Assembler V9.82 build 9453 
                                                                                               Fri Nov 29 18:05:51 2024

HI-TECH Software Omniscient Code Generator (Lite mode) build 9453
     1  0000                     opt subtitle "HI-TECH Software Omniscient Code Generator (Lite mode) build 9453"
     2                           
     3                           opt pagewidth 120
     4                           
     5                           	opt lm
     6                           
     7                           	processor	16F877A
     8                           clrc	macro
     9                           	bcf	3,0
    10  0000                     	endm
    11                           clrz	macro
    12                           	bcf	3,2
    13  0000                     	endm
    14                           setc	macro
    15                           	bsf	3,0
    16  0000                     	endm
    17                           setz	macro
    18                           	bsf	3,2
    19  0000                     	endm
    20                           skipc	macro
    21                           	btfss	3,0
    22  0000                     	endm
    23                           skipz	macro
    24                           	btfss	3,2
    25  0000                     	endm
    26                           skipnc	macro
    27                           	btfsc	3,0
    28  0000                     	endm
    29                           skipnz	macro
    30                           	btfsc	3,2
    31  0000                     	endm
    32  0000                     indf	equ	0
    33  0000                     indf0	equ	0
    34  0002                     pc	equ	2
    35  0002                     pcl	equ	2
    36  0003                     status	equ	3
    37  0004                     fsr	equ	4
    38  0004                     fsr0	equ	4
    39  0001                     c	equ	1
    40  0000                     z	equ	0
    41  000A                     pclath	equ	10
    42                           # 9 "shree.c"
    43                           	psect config,class=CONFIG,delta=2 ;#
    44                           # 9 "shree.c"
    45  2007  FF7A               	dw 0xFFFE & 0xFFFB & 0xFFFF & 0xFFFF & 0xFF7F & 0xFFFF & 0xFFFF & 0xFFFF ;#
    46                           	FNCALL	_main,_t0delay
    47                           	FNROOT	_main
    48                           	global	_PORTB
    49                           psect	maintext,global,class=CODE,delta=2
    50                           global __pmaintext
    51  07B3                     __pmaintext:
    52  0006                     _PORTB	set	6
    53                           	global	_CARRY
    54  0018                     _CARRY	set	24
    55                           	global	_GIE
    56  005F                     _GIE	set	95
    57                           	global	_T0IF
    58  005A                     _T0IF	set	90
    59                           	global	_OPTION_REG
    60  0081                     _OPTION_REG	set	129
    61                           	global	_TRISB
    62  0086                     _TRISB	set	134
    63                           	global	_EEADR
    64  010D                     _EEADR	set	269
    65                           	global	_EEDATA
    66  010C                     _EEDATA	set	268
    67                           	global	_EECON1
    68  018C                     _EECON1	set	396
    69                           	global	_EECON2
    70  018D                     _EECON2	set	397
    71                           	global	_RD
    72  0C60                     _RD	set	3168
    73                           	global	_WR
    74  0C61                     _WR	set	3169
    75                           	global	_WREN
    76  0C62                     _WREN	set	3170
    77                           	file	"C:\Users\Admin\AppData\Local\Temp\sgi0."
    78                           	line	#
    79                           psect cinit,class=CODE,delta=2
    80                           global start_initialization
    81  07AF                     start_initialization:
    82                           
    83                           psect cinit,class=CODE,delta=2
    84                           global end_of_initialization
    85                           
    86                           ;End of C runtime variable initialization code
    87                           
    88  07AF                     end_of_initialization:
    89  07AF  0183               clrf status
    90  07B0  120A  118A  2FB3   ljmp _main	;jump to C main() function
    91                           psect	cstackCOMMON,class=COMMON,space=1
    92                           global __pcstackCOMMON
    93  0070                     __pcstackCOMMON:
    94                           	global	?_t0delay
    95  0070                     ?_t0delay:	; 0 bytes @ 0x0
    96                           	global	??_t0delay
    97  0070                     ??_t0delay:	; 0 bytes @ 0x0
    98                           	global	?_main
    99  0070                     ?_main:	; 0 bytes @ 0x0
   100                           	global	t0delay@i
   101  0070                     t0delay@i:	; 2 bytes @ 0x0
   102  0070                     	ds	2
   103                           	global	??_main
   104  0072                     ??_main:	; 0 bytes @ 0x2
   105 ;;Data sizes: Strings 0, constant 0, data 0, bss 0, persistent 0 stack 0
   106 ;;Auto spaces:   Size  Autos    Used
   107 ;; COMMON          14      2       2
   108 ;; BANK0           80      0       0
   109 ;; BANK1           80      0       0
   110 ;; BANK3           96      0       0
   111 ;; BANK2           96      0       0
   112                           
   113 ;;
   114 ;; Pointer list with targets:
   115                           
   116                           
   117                           
   118 ;;
   119 ;; Critical Paths under _main in COMMON
   120 ;;
   121 ;;   _main->_t0delay
   122 ;;
   123 ;; Critical Paths under _main in BANK0
   124 ;;
   125 ;;   None.
   126 ;;
   127 ;; Critical Paths under _main in BANK1
   128 ;;
   129 ;;   None.
   130 ;;
   131 ;; Critical Paths under _main in BANK3
   132 ;;
   133 ;;   None.
   134 ;;
   135 ;; Critical Paths under _main in BANK2
   136 ;;
   137 ;;   None.
   138                           
   139 ;;
   140 ;;Main: autosize = 0, tempsize = 0, incstack = 0, save=0
   141 ;;
   142                           
   143 ;;
   144 ;;Call Graph Tables:
   145 ;;
   146 ;; ---------------------------------------------------------------------------------
   147 ;; (Depth) Function   	        Calls       Base Space   Used Autos Params    Refs
   148 ;; ---------------------------------------------------------------------------------
   149 ;; (0) _main                                                 0     0      0      30
   150 ;;                            _t0delay
   151 ;; ---------------------------------------------------------------------------------
   152 ;; (1) _t0delay                                              2     2      0      30
   153 ;;                                              0 COMMON     2     2      0
   154 ;; ---------------------------------------------------------------------------------
   155 ;; Estimated maximum stack depth 1
   156 ;; ---------------------------------------------------------------------------------
   157                           
   158 ;; Call Graph Graphs:
   159                           
   160 ;; _main (ROOT)
   161 ;;   _t0delay
   162 ;;
   163                           
   164 ;; Address spaces:
   165                           
   166 ;;Name               Size   Autos  Total    Cost      Usage
   167 ;;BITCOMMON            E      0       0       0        0.0%
   168 ;;EEDATA             100      0       0       0        0.0%
   169 ;;NULL                 0      0       0       0        0.0%
   170 ;;CODE                 0      0       0       0        0.0%
   171 ;;COMMON               E      2       2       1       14.3%
   172 ;;BITSFR0              0      0       0       1        0.0%
   173 ;;SFR0                 0      0       0       1        0.0%
   174 ;;BITSFR1              0      0       0       2        0.0%
   175 ;;SFR1                 0      0       0       2        0.0%
   176 ;;STACK                0      0       1       2        0.0%
   177 ;;ABS                  0      0       0       3        0.0%
   178 ;;BITBANK0            50      0       0       4        0.0%
   179 ;;BITSFR3              0      0       0       4        0.0%
   180 ;;SFR3                 0      0       0       4        0.0%
   181 ;;BANK0               50      0       0       5        0.0%
   182 ;;BITSFR2              0      0       0       5        0.0%
   183 ;;SFR2                 0      0       0       5        0.0%
   184 ;;BITBANK1            50      0       0       6        0.0%
   185 ;;BANK1               50      0       0       7        0.0%
   186 ;;BITBANK3            60      0       0       8        0.0%
   187 ;;BANK3               60      0       0       9        0.0%
   188 ;;BITBANK2            60      0       0      10        0.0%
   189 ;;BANK2               60      0       0      11        0.0%
   190 ;;DATA                 0      0       0      12        0.0%
   191                           
   192                           	global	_main
   193                           psect	maintext
   194                           
   195 ;; *************** function _main *****************
   196 ;; Defined at:
   197 ;;		line 15 in file "shree.c"
   198 ;; Parameters:    Size  Location     Type
   199 ;;		None
   200 ;; Auto vars:     Size  Location     Type
   201 ;;		None
   202 ;; Return value:  Size  Location     Type
   203 ;;		None               void
   204 ;; Registers used:
   205 ;;		wreg, status,2, status,0, btemp+1, pclath, cstack
   206 ;; Tracked objects:
   207 ;;		On entry : 17F/0
   208 ;;		On exit  : 0/0
   209 ;;		Unchanged: 0/0
   210 ;; Data sizes:     COMMON   BANK0   BANK1   BANK3   BANK2
   211 ;;      Params:         0       0       0       0       0
   212 ;;      Locals:         0       0       0       0       0
   213 ;;      Temps:          0       0       0       0       0
   214 ;;      Totals:         0       0       0       0       0
   215 ;;Total ram usage:        0 bytes
   216 ;; Hardware stack levels required when called:    1
   217 ;; This function calls:
   218 ;;		_t0delay
   219 ;; This function is called by:
   220 ;;		Startup code after reset
   221 ;; This function uses a non-reentrant model
   222 ;;
   223                           psect	maintext
   224                           	file	"shree.c"
   225                           	line	15
   226                           	global	__size_of_main
   227  0021                     	__size_of_main	equ	__end_of_main-_main
   228                           	
   229  07B3                     _main:	
   230                           	opt	stack 7
   231                           ; Regs used in _main: [wreg+status,2+status,0+btemp+1+pclath+cstack]
   232                           	line	16
   233                           	
   234  07B3                     l2613:	
   235                           ;shree.c: 16: TRISB=0;
   236  07B3  1683               	bsf	status, 5	;RP0=1, select bank1
   237  07B4  1303               	bcf	status, 6	;RP1=0, select bank1
   238  07B5  0186               	clrf	(134)^080h	;volatile
   239                           	line	17
   240                           	
   241  07B6                     l2615:	
   242                           ;shree.c: 17: OPTION_REG=0x07;
   243  07B6  3007               	movlw	(07h)
   244  07B7  0081               	movwf	(129)^080h	;volatile
   245  07B8  2FB9               	goto	l2617
   246                           	line	18
   247                           ;shree.c: 18: while(1) {
   248                           	
   249  07B9                     l687:	
   250                           	line	19
   251                           	
   252  07B9                     l2617:	
   253                           ;shree.c: 19: PORTB=0xff;
   254  07B9  30FF               	movlw	(0FFh)
   255  07BA  1283               	bcf	status, 5	;RP0=0, select bank0
   256  07BB  1303               	bcf	status, 6	;RP1=0, select bank0
   257  07BC  0086               	movwf	(6)	;volatile
   258                           	line	20
   259                           	
   260  07BD                     l2619:	
   261                           ;shree.c: 20: t0delay();
   262  07BD  120A  118A  27D4   	fcall	_t0delay
              120A  118A         
   263                           	line	21
   264                           	
   265  07C2                     l2621:	
   266                           ;shree.c: 21: t0delay();
   267  07C2  120A  118A  27D4   	fcall	_t0delay
              120A  118A         
   268                           	line	22
   269                           ;shree.c: 22: PORTB=0x00;
   270  07C7  1283               	bcf	status, 5	;RP0=0, select bank0
   271  07C8  1303               	bcf	status, 6	;RP1=0, select bank0
   272  07C9  0186               	clrf	(6)	;volatile
   273                           	line	23
   274                           	
   275  07CA                     l2623:	
   276                           ;shree.c: 23: t0delay();
   277  07CA  120A  118A  27D4   	fcall	_t0delay
              120A  118A         
   278  07CF  2FB9               	goto	l2617
   279                           	line	24
   280                           	
   281  07D0                     l688:	
   282                           	line	18
   283  07D0  2FB9               	goto	l2617
   284                           	
   285  07D1                     l689:	
   286                           	line	25
   287                           	
   288  07D1                     l690:	
   289                           	global	start
   290  07D1  120A  118A  2800   	ljmp	start
   291                           	opt stack 0
   292                           GLOBAL	__end_of_main
   293  07D4                     	__end_of_main:
   294 ;; =============== function _main ends ============
   295                           
   296                           	signat	_main,88
   297                           	global	_t0delay
   298                           psect	text71,local,class=CODE,delta=2
   299                           global __ptext71
   300  07D4                     __ptext71:
   301                           
   302 ;; *************** function _t0delay *****************
   303 ;; Defined at:
   304 ;;		line 28 in file "shree.c"
   305 ;; Parameters:    Size  Location     Type
   306 ;;		None
   307 ;; Auto vars:     Size  Location     Type
   308 ;;  i               2    0[COMMON] int 
   309 ;; Return value:  Size  Location     Type
   310 ;;		None               void
   311 ;; Registers used:
   312 ;;		wreg, status,2, btemp+1
   313 ;; Tracked objects:
   314 ;;		On entry : 0/0
   315 ;;		On exit  : 0/0
   316 ;;		Unchanged: 0/0
   317 ;; Data sizes:     COMMON   BANK0   BANK1   BANK3   BANK2
   318 ;;      Params:         0       0       0       0       0
   319 ;;      Locals:         2       0       0       0       0
   320 ;;      Temps:          0       0       0       0       0
   321 ;;      Totals:         2       0       0       0       0
   322 ;;Total ram usage:        2 bytes
   323 ;; Hardware stack levels used:    1
   324 ;; This function calls:
   325 ;;		Nothing
   326 ;; This function is called by:
   327 ;;		_main
   328 ;; This function uses a non-reentrant model
   329 ;;
   330                           psect	text71
   331                           	file	"shree.c"
   332                           	line	28
   333                           	global	__size_of_t0delay
   334  002C                     	__size_of_t0delay	equ	__end_of_t0delay-_t0delay
   335                           	
   336  07D4                     _t0delay:	
   337                           	opt	stack 7
   338                           ; Regs used in _t0delay: [wreg+status,2+btemp+1]
   339                           	line	30
   340                           	
   341  07D4                     l1745:	
   342                           ;shree.c: 29: int i;
   343                           ;shree.c: 30: for(i=0;i<42;i++) {
   344  07D4  01F0               	clrf	(t0delay@i)
   345  07D5  01F1               	clrf	(t0delay@i+1)
   346                           	
   347  07D6                     l1747:	
   348  07D6  0871               	movf	(t0delay@i+1),w
   349  07D7  3A80               	xorlw	80h
   350  07D8  00FF               	movwf	btemp+1
   351  07D9  3080               	movlw	(high(02Ah))^80h
   352  07DA  027F               	subwf	btemp+1,w
   353  07DB  1D03               	skipz
   354  07DC  2FDF               	goto	u15
   355  07DD  302A               	movlw	low(02Ah)
   356  07DE  0270               	subwf	(t0delay@i),w
   357  07DF                     u15:
   358                           
   359  07DF  1C03               	skipc
   360  07E0  2FE2               	goto	u11
   361  07E1  2FE3               	goto	u10
   362  07E2                     u11:
   363  07E2  2FE6               	goto	l695
   364  07E3                     u10:
   365  07E3  2FFF               	goto	l698
   366                           	
   367  07E4                     l1749:	
   368  07E4  2FFF               	goto	l698
   369                           	
   370  07E5                     l693:	
   371                           	line	31
   372                           ;shree.c: 31: while(!T0IF);
   373  07E5  2FE6               	goto	l695
   374                           	
   375  07E6                     l696:	
   376                           	
   377  07E6                     l695:	
   378  07E6  1D0B               	btfss	(90/8),(90)&7
   379  07E7  2FE9               	goto	u21
   380  07E8  2FEA               	goto	u20
   381  07E9                     u21:
   382  07E9  2FE6               	goto	l695
   383  07EA                     u20:
   384                           	
   385  07EA                     l697:	
   386                           	line	32
   387                           ;shree.c: 32: T0IF=0;
   388  07EA  110B               	bcf	(90/8),(90)&7
   389                           	line	30
   390                           	
   391  07EB                     l1751:	
   392  07EB  3001               	movlw	low(01h)
   393  07EC  07F0               	addwf	(t0delay@i),f
   394  07ED  1803               	skipnc
   395  07EE  0AF1               	incf	(t0delay@i+1),f
   396  07EF  3000               	movlw	high(01h)
   397  07F0  07F1               	addwf	(t0delay@i+1),f
   398                           	
   399  07F1                     l1753:	
   400  07F1  0871               	movf	(t0delay@i+1),w
   401  07F2  3A80               	xorlw	80h
   402  07F3  00FF               	movwf	btemp+1
   403  07F4  3080               	movlw	(high(02Ah))^80h
   404  07F5  027F               	subwf	btemp+1,w
   405  07F6  1D03               	skipz
   406  07F7  2FFA               	goto	u35
   407  07F8  302A               	movlw	low(02Ah)
   408  07F9  0270               	subwf	(t0delay@i),w
   409  07FA                     u35:
   410                           
   411  07FA  1C03               	skipc
   412  07FB  2FFD               	goto	u31
   413  07FC  2FFE               	goto	u30
   414  07FD                     u31:
   415  07FD  2FE6               	goto	l695
   416  07FE                     u30:
   417  07FE  2FFF               	goto	l698
   418                           	
   419  07FF                     l694:	
   420                           	line	34
   421                           	
   422  07FF                     l698:	
   423  07FF  0008               	return
   424                           	opt stack 0
   425                           GLOBAL	__end_of_t0delay
   426  0800                     	__end_of_t0delay:
   427 ;; =============== function _t0delay ends ============
   428                           
   429                           	signat	_t0delay,88
   430                           psect	text72,local,class=CODE,delta=2
   431                           global __ptext72
   432  0000                     __ptext72:
   433                           	global	btemp
   434  007E                     	btemp set 07Eh
   435                           
   436                           	DABS	1,126,2	;btemp
   437                           	global	wtemp0
   438  007E                     	wtemp0 set btemp


HI-TECH Software PICC Macro Assembler V9.82 build 9453 
Symbol Table                                                                                   Fri Nov 29 18:05:51 2024

                  _RD 0C60                    u10 07E3                    u11 07E2                    u20 07EA  
                  u21 07E9                    u30 07FE                    u31 07FD                    u15 07DF  
                  u35 07FA                    _WR 0C61                   l690 07D1                   l693 07E5  
                 l694 07FF                   l695 07E6                   l687 07B9                   l696 07E6  
                 l688 07D0                   l697 07EA                   l689 07D1                   l698 07FF  
                 _GIE 005F                  l2621 07C2                  l2613 07B3                  l1751 07EB  
                l2623 07CA                  l2615 07B6                  l1753 07F1                  l1745 07D4  
                l2617 07B9                  l1747 07D6                  l2619 07BD                  l1749 07E4  
                _T0IF 005A                  _WREN 0C62                  _main 07B3                  btemp 007E  
                start 0000       __end_of_t0delay 0800                 ?_main 0070                 _EEADR 010D  
               _CARRY 0018                 _PORTB 0006                 _TRISB 0086                 status 0003  
               wtemp0 007E          __end_of_main 07D4                ??_main 0072                _EEDATA 010C  
              _EECON1 018C                _EECON2 018D             ??_t0delay 0070        __pcstackCOMMON 0070  
          __pmaintext 07B3               _t0delay 07D4  end_of_initialization 07AF   start_initialization 07AF  
            ?_t0delay 0070              t0delay@i 0070      __size_of_t0delay 002C              __ptext71 07D4  
            __ptext72 0000         __size_of_main 0021            _OPTION_REG 0081  
