C51 COMPILER V9.60.7.0   MAIN                                                              10/25/2024 19:03:00 PAGE 1   


C51 COMPILER V9.60.7.0, COMPILATION OF MODULE MAIN
OBJECT MODULE PLACED IN .\Objects\main.obj
COMPILER INVOKED BY: C:\Keil_v5\C51\BIN\C51.EXE main.c OPTIMIZE(8,SPEED) BROWSE DEBUG OBJECTEXTEND PRINT(.\Listings\main
                    -.lst) TABS(2) OBJECT(.\Objects\main.obj)

line level    source

   1          #include<reg51.h>
   2          void cmd(unsigned int);
   3          void lcd_data(unsigned char);
   4          void delay(int);
   5          void lcd_init();
   6          void cmd_data(unsigned int,unsigned char*);
   7          sbit RS=P1^0;
   8          sbit RW=P1^1;
   9          sbit EN=P1^2;
  10          #define lcd_datapin P2
  11          void main()
  12          {
  13   1      while(1)
  14   1      {
  15   2      lcd_init();
  16   2      cmd_data(0x38,"LIVEWIRE");
  17   2      cmd_data(0xc4,"WELCOME");
  18   2      }
  19   1      }
  20          void lcd_init()
  21          {
  22   1      cmd(0x38);
  23   1      cmd(0x0c);
  24   1      cmd(0x06);
  25   1      cmd(0x01);
  26   1      cmd(0x80);
  27   1      }
  28          void cmd(unsigned int comm)
  29          {
  30   1      lcd_datapin=comm;
  31   1      RS=0;
  32   1      RW=0;
  33   1      EN=1;
  34   1      delay(10);
  35   1      EN=0;
  36   1      }
  37          void lcd_data(unsigned char dat)
  38          {
  39   1      lcd_datapin=dat;
  40   1      RS=1;
  41   1      RW=0;
  42   1      EN=1;
  43   1      delay(10);
  44   1      EN=0;
  45   1      }
  46          void cmd_data(unsigned int comm,unsigned char* dat)
  47          {
  48   1      cmd(comm);
  49   1      while(*dat)
  50   1      {
  51   2      lcd_data(*dat ++);
  52   2      }
  53   1      }
  54          void delay(int a)
C51 COMPILER V9.60.7.0   MAIN                                                              10/25/2024 19:03:00 PAGE 2   

  55          {
  56   1      int i,j;
  57   1      for(i=0;i<=a;i++)
  58   1      for(j=0;j<=1000;j++);
  59   1      }


MODULE INFORMATION:   STATIC OVERLAYABLE
   CODE SIZE        =    172    ----
   CONSTANT SIZE    =     17    ----
   XDATA SIZE       =   ----    ----
   PDATA SIZE       =   ----    ----
   DATA SIZE        =   ----       3
   IDATA SIZE       =   ----    ----
   BIT SIZE         =   ----    ----
END OF MODULE INFORMATION.


C51 COMPILATION COMPLETE.  0 WARNING(S),  0 ERROR(S)
