

HI-TECH Software PIC LITE Macro Assembler V9.82 build 9453 
                                                                                               Mon Dec 16 18:21:41 2024

HI-TECH Software Omniscient Code Generator (Lite mode) build 9453
     1  0000                     opt subtitle "HI-TECH Software Omniscient Code Generator (Lite mode) build 9453"
     2                           
     3                           opt pagewidth 120
     4                           
     5                           	opt lm
     6                           
     7                           	processor	16F877A
     8                           clrc	macro
     9                           	bcf	3,0
    10  0000                     	endm
    11                           clrz	macro
    12                           	bcf	3,2
    13  0000                     	endm
    14                           setc	macro
    15                           	bsf	3,0
    16  0000                     	endm
    17                           setz	macro
    18                           	bsf	3,2
    19  0000                     	endm
    20                           skipc	macro
    21                           	btfss	3,0
    22  0000                     	endm
    23                           skipz	macro
    24                           	btfss	3,2
    25  0000                     	endm
    26                           skipnc	macro
    27                           	btfsc	3,0
    28  0000                     	endm
    29                           skipnz	macro
    30                           	btfsc	3,2
    31  0000                     	endm
    32  0000                     indf	equ	0
    33  0000                     indf0	equ	0
    34  0002                     pc	equ	2
    35  0002                     pcl	equ	2
    36  0003                     status	equ	3
    37  0004                     fsr	equ	4
    38  0004                     fsr0	equ	4
    39  0001                     c	equ	1
    40  0000                     z	equ	0
    41  000A                     pclath	equ	10
    42                           	FNCALL	_main,_delay
    43                           	FNROOT	_main
    44                           	global	_CCP1CON
    45                           psect	maintext,global,class=CODE,delta=2
    46                           global __pmaintext
    47  07C5                     __pmaintext:
    48  0017                     _CCP1CON	set	23
    49                           	global	_CCPR1L
    50  0015                     _CCPR1L	set	21
    51                           	global	_T2CON
    52  0012                     _T2CON	set	18
    53                           	global	_CARRY
    54  0018                     _CARRY	set	24
    55                           	global	_GIE
    56  005F                     _GIE	set	95
    57                           	global	_PR2
    58  0092                     _PR2	set	146
    59                           	global	_TRISC
    60  0087                     _TRISC	set	135
    61                           	global	_EEADR
    62  010D                     _EEADR	set	269
    63                           	global	_EEDATA
    64  010C                     _EEDATA	set	268
    65                           	global	_EECON1
    66  018C                     _EECON1	set	396
    67                           	global	_EECON2
    68  018D                     _EECON2	set	397
    69                           	global	_RD
    70  0C60                     _RD	set	3168
    71                           	global	_WR
    72  0C61                     _WR	set	3169
    73                           	global	_WREN
    74  0C62                     _WREN	set	3170
    75                           	file	"C:\Users\Admin\AppData\Local\Temp\so5k."
    76                           	line	#
    77                           psect cinit,class=CODE,delta=2
    78                           global start_initialization
    79  0790                     start_initialization:
    80                           
    81                           psect cinit,class=CODE,delta=2
    82                           global end_of_initialization
    83                           
    84                           ;End of C runtime variable initialization code
    85                           
    86  0790                     end_of_initialization:
    87  0790  0183               clrf status
    88  0791  120A  118A  2FC5   ljmp _main	;jump to C main() function
    89                           psect	cstackCOMMON,class=COMMON,space=1
    90                           global __pcstackCOMMON
    91  0070                     __pcstackCOMMON:
    92                           	global	?_delay
    93  0070                     ?_delay:	; 0 bytes @ 0x0
    94                           	global	?_main
    95  0070                     ?_main:	; 0 bytes @ 0x0
    96                           	global	delay@a
    97  0070                     delay@a:	; 2 bytes @ 0x0
    98  0070                     	ds	2
    99                           	global	??_delay
   100  0072                     ??_delay:	; 0 bytes @ 0x2
   101  0072                     	ds	1
   102                           	global	delay@j
   103  0073                     delay@j:	; 2 bytes @ 0x3
   104  0073                     	ds	2
   105                           	global	delay@i
   106  0075                     delay@i:	; 2 bytes @ 0x5
   107  0075                     	ds	2
   108                           	global	??_main
   109  0077                     ??_main:	; 0 bytes @ 0x7
   110 ;;Data sizes: Strings 0, constant 0, data 0, bss 0, persistent 0 stack 0
   111 ;;Auto spaces:   Size  Autos    Used
   112 ;; COMMON          14      7       7
   113 ;; BANK0           80      0       0
   114 ;; BANK1           80      0       0
   115 ;; BANK3           96      0       0
   116 ;; BANK2           96      0       0
   117                           
   118 ;;
   119 ;; Pointer list with targets:
   120                           
   121                           
   122                           
   123 ;;
   124 ;; Critical Paths under _main in COMMON
   125 ;;
   126 ;;   _main->_delay
   127 ;;
   128 ;; Critical Paths under _main in BANK0
   129 ;;
   130 ;;   None.
   131 ;;
   132 ;; Critical Paths under _main in BANK1
   133 ;;
   134 ;;   None.
   135 ;;
   136 ;; Critical Paths under _main in BANK3
   137 ;;
   138 ;;   None.
   139 ;;
   140 ;; Critical Paths under _main in BANK2
   141 ;;
   142 ;;   None.
   143                           
   144 ;;
   145 ;;Main: autosize = 0, tempsize = 0, incstack = 0, save=0
   146 ;;
   147                           
   148 ;;
   149 ;;Call Graph Tables:
   150 ;;
   151 ;; ---------------------------------------------------------------------------------
   152 ;; (Depth) Function   	        Calls       Base Space   Used Autos Params    Refs
   153 ;; ---------------------------------------------------------------------------------
   154 ;; (0) _main                                                 0     0      0      60
   155 ;;                              _delay
   156 ;; ---------------------------------------------------------------------------------
   157 ;; (1) _delay                                                7     5      2      60
   158 ;;                                              0 COMMON     7     5      2
   159 ;; ---------------------------------------------------------------------------------
   160 ;; Estimated maximum stack depth 1
   161 ;; ---------------------------------------------------------------------------------
   162                           
   163 ;; Call Graph Graphs:
   164                           
   165 ;; _main (ROOT)
   166 ;;   _delay
   167 ;;
   168                           
   169 ;; Address spaces:
   170                           
   171 ;;Name               Size   Autos  Total    Cost      Usage
   172 ;;BITCOMMON            E      0       0       0        0.0%
   173 ;;EEDATA             100      0       0       0        0.0%
   174 ;;NULL                 0      0       0       0        0.0%
   175 ;;CODE                 0      0       0       0        0.0%
   176 ;;COMMON               E      7       7       1       50.0%
   177 ;;BITSFR0              0      0       0       1        0.0%
   178 ;;SFR0                 0      0       0       1        0.0%
   179 ;;BITSFR1              0      0       0       2        0.0%
   180 ;;SFR1                 0      0       0       2        0.0%
   181 ;;STACK                0      0       1       2        0.0%
   182 ;;ABS                  0      0       0       3        0.0%
   183 ;;BITBANK0            50      0       0       4        0.0%
   184 ;;BITSFR3              0      0       0       4        0.0%
   185 ;;SFR3                 0      0       0       4        0.0%
   186 ;;BANK0               50      0       0       5        0.0%
   187 ;;BITSFR2              0      0       0       5        0.0%
   188 ;;SFR2                 0      0       0       5        0.0%
   189 ;;BITBANK1            50      0       0       6        0.0%
   190 ;;BANK1               50      0       0       7        0.0%
   191 ;;BITBANK3            60      0       0       8        0.0%
   192 ;;BANK3               60      0       0       9        0.0%
   193 ;;BITBANK2            60      0       0      10        0.0%
   194 ;;BANK2               60      0       0      11        0.0%
   195 ;;DATA                 0      0       0      12        0.0%
   196                           
   197                           	global	_main
   198                           psect	maintext
   199                           
   200 ;; *************** function _main *****************
   201 ;; Defined at:
   202 ;;		line 27 in file "rashmika.c"
   203 ;; Parameters:    Size  Location     Type
   204 ;;		None
   205 ;; Auto vars:     Size  Location     Type
   206 ;;		None
   207 ;; Return value:  Size  Location     Type
   208 ;;		None               void
   209 ;; Registers used:
   210 ;;		wreg, status,2, status,0, pclath, cstack
   211 ;; Tracked objects:
   212 ;;		On entry : 17F/0
   213 ;;		On exit  : 0/0
   214 ;;		Unchanged: 0/0
   215 ;; Data sizes:     COMMON   BANK0   BANK1   BANK3   BANK2
   216 ;;      Params:         0       0       0       0       0
   217 ;;      Locals:         0       0       0       0       0
   218 ;;      Temps:          0       0       0       0       0
   219 ;;      Totals:         0       0       0       0       0
   220 ;;Total ram usage:        0 bytes
   221 ;; Hardware stack levels required when called:    1
   222 ;; This function calls:
   223 ;;		_delay
   224 ;; This function is called by:
   225 ;;		Startup code after reset
   226 ;; This function uses a non-reentrant model
   227 ;;
   228                           psect	maintext
   229                           	file	"rashmika.c"
   230                           	line	27
   231                           	global	__size_of_main
   232  003B                     	__size_of_main	equ	__end_of_main-_main
   233                           	
   234  07C5                     _main:	
   235                           	opt	stack 7
   236                           ; Regs used in _main: [wreg+status,2+status,0+pclath+cstack]
   237                           	line	28
   238                           	
   239  07C5                     l2607:	
   240                           ;rashmika.c: 28: TRISC=0x00;
   241  07C5  1683               	bsf	status, 5	;RP0=1, select bank1
   242  07C6  1303               	bcf	status, 6	;RP1=0, select bank1
   243  07C7  0187               	clrf	(135)^080h	;volatile
   244                           	line	30
   245                           	
   246  07C8                     l2609:	
   247                           ;rashmika.c: 30: T2CON=0b01111110;
   248  07C8  307E               	movlw	(07Eh)
   249  07C9  1283               	bcf	status, 5	;RP0=0, select bank0
   250  07CA  1303               	bcf	status, 6	;RP1=0, select bank0
   251  07CB  0092               	movwf	(18)	;volatile
   252                           	line	31
   253                           	
   254  07CC                     l2611:	
   255                           ;rashmika.c: 31: PR2=0b1001110000111;
   256  07CC  3087               	movlw	(087h)
   257  07CD  1683               	bsf	status, 5	;RP0=1, select bank1
   258  07CE  1303               	bcf	status, 6	;RP1=0, select bank1
   259  07CF  0092               	movwf	(146)^080h	;volatile
   260                           	line	32
   261                           	
   262  07D0                     l2613:	
   263                           ;rashmika.c: 32: CCPR1L = 0b10011100010000;
   264  07D0  3010               	movlw	(010h)
   265  07D1  1283               	bcf	status, 5	;RP0=0, select bank0
   266  07D2  1303               	bcf	status, 6	;RP1=0, select bank0
   267  07D3  0095               	movwf	(21)	;volatile
   268                           	line	33
   269                           	
   270  07D4                     l2615:	
   271                           ;rashmika.c: 33: CCP1CON = 0b00111100 ;
   272  07D4  303C               	movlw	(03Ch)
   273  07D5  0097               	movwf	(23)	;volatile
   274                           	line	34
   275                           	
   276  07D6                     l2617:	
   277                           ;rashmika.c: 34: delay(100);
   278  07D6  3064               	movlw	low(064h)
   279  07D7  00F0               	movwf	(?_delay)
   280  07D8  3000               	movlw	high(064h)
   281  07D9  00F1               	movwf	((?_delay))+1
   282  07DA  120A  118A  2794   	fcall	_delay
              120A  118A         
   283                           	line	35
   284                           	
   285  07DF                     l2619:	
   286                           ;rashmika.c: 35: CCPR1L = 0b11101010011000;
   287  07DF  3098               	movlw	(098h)
   288  07E0  1283               	bcf	status, 5	;RP0=0, select bank0
   289  07E1  1303               	bcf	status, 6	;RP1=0, select bank0
   290  07E2  0095               	movwf	(21)	;volatile
   291                           	line	36
   292                           	
   293  07E3                     l2621:	
   294                           ;rashmika.c: 36: CCP1CON = 0b00111100 ;
   295  07E3  303C               	movlw	(03Ch)
   296  07E4  0097               	movwf	(23)	;volatile
   297                           	line	37
   298                           	
   299  07E5                     l2623:	
   300                           ;rashmika.c: 37: delay(100);
   301  07E5  3064               	movlw	low(064h)
   302  07E6  00F0               	movwf	(?_delay)
   303  07E7  3000               	movlw	high(064h)
   304  07E8  00F1               	movwf	((?_delay))+1
   305  07E9  120A  118A  2794   	fcall	_delay
              120A  118A         
   306                           	line	38
   307                           	
   308  07EE                     l2625:	
   309                           ;rashmika.c: 38: CCPR1L = 0b100111000100000;
   310  07EE  3020               	movlw	(020h)
   311  07EF  1283               	bcf	status, 5	;RP0=0, select bank0
   312  07F0  1303               	bcf	status, 6	;RP1=0, select bank0
   313  07F1  0095               	movwf	(21)	;volatile
   314                           	line	39
   315                           	
   316  07F2                     l2627:	
   317                           ;rashmika.c: 39: CCP1CON = 0b00111100 ;
   318  07F2  303C               	movlw	(03Ch)
   319  07F3  0097               	movwf	(23)	;volatile
   320                           	line	40
   321                           	
   322  07F4                     l2629:	
   323                           ;rashmika.c: 40: delay(100);
   324  07F4  3064               	movlw	low(064h)
   325  07F5  00F0               	movwf	(?_delay)
   326  07F6  3000               	movlw	high(064h)
   327  07F7  00F1               	movwf	((?_delay))+1
   328  07F8  120A  118A  2794   	fcall	_delay
              120A  118A         
   329                           	line	41
   330                           	
   331  07FD                     l694:	
   332                           	global	start
   333  07FD  120A  118A  2800   	ljmp	start
   334                           	opt stack 0
   335                           GLOBAL	__end_of_main
   336  0800                     	__end_of_main:
   337 ;; =============== function _main ends ============
   338                           
   339                           	signat	_main,88
   340                           	global	_delay
   341                           psect	text71,local,class=CODE,delta=2
   342                           global __ptext71
   343  0794                     __ptext71:
   344                           
   345 ;; *************** function _delay *****************
   346 ;; Defined at:
   347 ;;		line 4 in file "rashmika.c"
   348 ;; Parameters:    Size  Location     Type
   349 ;;  a               2    0[COMMON] int 
   350 ;; Auto vars:     Size  Location     Type
   351 ;;  j               2    3[COMMON] int 
   352 ;;  i               2    5[COMMON] int 
   353 ;; Return value:  Size  Location     Type
   354 ;;		None               void
   355 ;; Registers used:
   356 ;;		wreg, status,2
   357 ;; Tracked objects:
   358 ;;		On entry : 0/0
   359 ;;		On exit  : 0/0
   360 ;;		Unchanged: 0/0
   361 ;; Data sizes:     COMMON   BANK0   BANK1   BANK3   BANK2
   362 ;;      Params:         2       0       0       0       0
   363 ;;      Locals:         4       0       0       0       0
   364 ;;      Temps:          1       0       0       0       0
   365 ;;      Totals:         7       0       0       0       0
   366 ;;Total ram usage:        7 bytes
   367 ;; Hardware stack levels used:    1
   368 ;; This function calls:
   369 ;;		Nothing
   370 ;; This function is called by:
   371 ;;		_main
   372 ;; This function uses a non-reentrant model
   373 ;;
   374                           psect	text71
   375                           	file	"rashmika.c"
   376                           	line	4
   377                           	global	__size_of_delay
   378  0031                     	__size_of_delay	equ	__end_of_delay-_delay
   379                           	
   380  0794                     _delay:	
   381                           	opt	stack 7
   382                           ; Regs used in _delay: [wreg+status,2]
   383                           	line	5
   384                           	
   385  0794                     l1741:	
   386                           ;rashmika.c: 5: for(int i=0; i<a;i++)
   387  0794  01F5               	clrf	(delay@i)
   388  0795  01F6               	clrf	(delay@i+1)
   389  0796  2FB5               	goto	l685
   390                           	line	6
   391                           	
   392  0797                     l686:	
   393                           	line	7
   394                           	
   395  0797                     l1743:	
   396                           ;rashmika.c: 6: {
   397                           ;rashmika.c: 7: for(int j=0;j<i;j++);
   398  0797  01F3               	clrf	(delay@j)
   399  0798  01F4               	clrf	(delay@j+1)
   400  0799  2FA0               	goto	l687
   401                           	
   402  079A                     l688:	
   403                           	
   404  079A                     l1745:	
   405  079A  3001               	movlw	low(01h)
   406  079B  07F3               	addwf	(delay@j),f
   407  079C  1803               	skipnc
   408  079D  0AF4               	incf	(delay@j+1),f
   409  079E  3000               	movlw	high(01h)
   410  079F  07F4               	addwf	(delay@j+1),f
   411                           	
   412  07A0                     l687:	
   413  07A0  0874               	movf	(delay@j+1),w
   414  07A1  3A80               	xorlw	80h
   415  07A2  00F2               	movwf	(??_delay+0)+0
   416  07A3  0876               	movf	(delay@i+1),w
   417  07A4  3A80               	xorlw	80h
   418  07A5  0272               	subwf	(??_delay+0)+0,w
   419  07A6  1D03               	skipz
   420  07A7  2FAA               	goto	u15
   421  07A8  0875               	movf	(delay@i),w
   422  07A9  0273               	subwf	(delay@j),w
   423  07AA                     u15:
   424                           
   425  07AA  1C03               	skipc
   426  07AB  2FAD               	goto	u11
   427  07AC  2FAE               	goto	u10
   428  07AD                     u11:
   429  07AD  2F9A               	goto	l1745
   430  07AE                     u10:
   431  07AE  2FAF               	goto	l1747
   432                           	
   433  07AF                     l689:	
   434                           	line	5
   435                           	
   436  07AF                     l1747:	
   437  07AF  3001               	movlw	low(01h)
   438  07B0  07F5               	addwf	(delay@i),f
   439  07B1  1803               	skipnc
   440  07B2  0AF6               	incf	(delay@i+1),f
   441  07B3  3000               	movlw	high(01h)
   442  07B4  07F6               	addwf	(delay@i+1),f
   443                           	
   444  07B5                     l685:	
   445  07B5  0876               	movf	(delay@i+1),w
   446  07B6  3A80               	xorlw	80h
   447  07B7  00F2               	movwf	(??_delay+0)+0
   448  07B8  0871               	movf	(delay@a+1),w
   449  07B9  3A80               	xorlw	80h
   450  07BA  0272               	subwf	(??_delay+0)+0,w
   451  07BB  1D03               	skipz
   452  07BC  2FBF               	goto	u25
   453  07BD  0870               	movf	(delay@a),w
   454  07BE  0275               	subwf	(delay@i),w
   455  07BF                     u25:
   456                           
   457  07BF  1C03               	skipc
   458  07C0  2FC2               	goto	u21
   459  07C1  2FC3               	goto	u20
   460  07C2                     u21:
   461  07C2  2F97               	goto	l1743
   462  07C3                     u20:
   463  07C3  2FC4               	goto	l691
   464                           	
   465  07C4                     l690:	
   466                           	line	9
   467                           	
   468  07C4                     l691:	
   469  07C4  0008               	return
   470                           	opt stack 0
   471                           GLOBAL	__end_of_delay
   472  07C5                     	__end_of_delay:
   473 ;; =============== function _delay ends ============
   474                           
   475                           	signat	_delay,4216
   476                           psect	text72,local,class=CODE,delta=2
   477                           global __ptext72
   478  0000                     __ptext72:
   479                           	global	btemp
   480  007E                     	btemp set 07Eh
   481                           
   482                           	DABS	1,126,2	;btemp
   483                           	global	wtemp0
   484  007E                     	wtemp0 set btemp


HI-TECH Software PICC Macro Assembler V9.82 build 9453 
Symbol Table                                                                                   Mon Dec 16 18:21:41 2024

                  _RD 0C60                    u10 07AE                    u11 07AD                    u20 07C3  
                  u21 07C2                    u15 07AA                    u25 07BF                    _WR 0C61  
                 l690 07C4                   l691 07C4                   l685 07B5                   l686 0797  
                 l694 07FD                   l687 07A0                   l688 079A                   l689 07AF  
                 _GIE 005F                   _PR2 0092                  l2611 07CC                  l1741 0794  
                l2621 07E3                  l2613 07D0                  l1743 0797                  l2623 07E5  
                l2615 07D4                  l2607 07C5                  l1745 079A                  l2625 07EE  
                l2617 07D6                  l2609 07C8                  l1747 07AF                  l2627 07F2  
                l2619 07DF                  l2629 07F4                  _WREN 0C62                  _main 07C5  
                btemp 007E                  start 0000                 ?_main 0070                 _EEADR 010D  
               _CARRY 0018                 _T2CON 0012                 _TRISC 0087                 _delay 0794  
               status 0003                 wtemp0 007E          __end_of_main 0800                ??_main 0077  
              ?_delay 0070                _EEDATA 010C                _CCPR1L 0015                _EECON1 018C  
              _EECON2 018D                delay@a 0070                delay@i 0075                delay@j 0073  
      __pcstackCOMMON 0070         __end_of_delay 07C5               ??_delay 0072            __pmaintext 07C5  
             _CCP1CON 0017  end_of_initialization 0790   start_initialization 0790        __size_of_delay 0031  
            __ptext71 0794              __ptext72 0000         __size_of_main 003B  
