C51 COMPILER V9.60.7.0   VIRAT                                                             10/15/2024 10:28:23 PAGE 1   


C51 COMPILER V9.60.7.0, COMPILATION OF MODULE VIRAT
OBJECT MODULE PLACED IN .\Objects\virat.obj
COMPILER INVOKED BY: C:\Keil_v5\C51\BIN\C51.EXE virat.c OPTIMIZE(8,SPEED) BROWSE DEBUG OBJECTEXTEND PRINT(.\Listings\vir
                    -at.lst) TABS(2) OBJECT(.\Objects\virat.obj)

line level    source

   1          #include<reg51.h>
   2          #define a P2
   3          
   4          void delay(int d)
   5          {
   6   1        int i,j;
   7   1        for(i=0;i<d;i++)
   8   1        {
   9   2          for(j=0;j<1000;j++);
  10   2        }
  11   1      }
  12          void main()
  13          {
  14   1        a=0xff;
  15   1        while(1)
  16   1        {
  17   2          a=0x3f;
  18   2          delay(500);
  19   2          a=0x06;
  20   2          delay(500);
  21   2          a=0x5b;                                           
  22   2          delay(500);
  23   2          a=0x4f;
  24   2          delay(500);
  25   2          a=0x66;
  26   2          delay(500);
  27   2          a=0x6d;
  28   2          delay(500);
  29   2          a=0x7c;
  30   2          delay(500);
  31   2          a=0x07;
  32   2          delay(500);
  33   2          a=0xff;
  34   2          delay(500);
  35   2          a=0x67;
  36   2          delay(500);
  37   2          
  38   2        }
  39   1      }
  40              
  41              


MODULE INFORMATION:   STATIC OVERLAYABLE
   CODE SIZE        =    107    ----
   CONSTANT SIZE    =   ----    ----
   XDATA SIZE       =   ----    ----
   PDATA SIZE       =   ----    ----
   DATA SIZE        =   ----    ----
   IDATA SIZE       =   ----    ----
   BIT SIZE         =   ----    ----
END OF MODULE INFORMATION.


C51 COMPILATION COMPLETE.  0 WARNING(S),  0 ERROR(S)
