C51 COMPILER V9.60.7.0   DEEPIKA                                                           11/13/2024 19:25:13 PAGE 1   


C51 COMPILER V9.60.7.0, COMPILATION OF MODULE DEEPIKA
OBJECT MODULE PLACED IN .\Objects\deepika.obj
COMPILER INVOKED BY: C:\Keil_v5\C51\BIN\C51.EXE deepika.c OPTIMIZE(8,SPEED) BROWSE DEBUG OBJECTEXTEND PRINT(.\Listings\d
                    -eepika.lst) TABS(2) OBJECT(.\Objects\deepika.obj)

line level    source

   1          #include<reg51.h>
   2          #define L293D P2
   3          void delay(int b);
   4          void main()
   5          {
   6   1          P2=0x00;
   7   1          while(1)
   8   1          {
   9   2              L293D=0x01;
  10   2              delay(100);
  11   2              L293D=0x03;
  12   2              delay(1000);
  13   2              L293D=0x02;
  14   2              delay(1000);
  15   2              L293D=0x06;
  16   2              delay(1000);
  17   2              L293D=0x04;
  18   2              delay(1000);
  19   2              L293D=0x0c;
  20   2              delay(1000);
  21   2              L293D=0x08;
  22   2              delay(1000);
  23   2              L293D=0x09;
  24   2              delay(1000);
  25   2              L293D=0x01;
  26   2              delay(1000);
  27   2          }
  28   1      }
  29          void delay(int b){
  30   1        int i;
  31   1        int j;
  32   1          for(i=0;i<b;i++){
  33   2              for(j=0;j<100;j++);
  34   2          }
  35   1      }
  36               


MODULE INFORMATION:   STATIC OVERLAYABLE
   CODE SIZE        =    105    ----
   CONSTANT SIZE    =   ----    ----
   XDATA SIZE       =   ----    ----
   PDATA SIZE       =   ----    ----
   DATA SIZE        =   ----    ----
   IDATA SIZE       =   ----    ----
   BIT SIZE         =   ----    ----
END OF MODULE INFORMATION.


C51 COMPILATION COMPLETE.  0 WARNING(S),  0 ERROR(S)
