

HI-TECH Software PIC LITE Macro Assembler V9.82 build 9453 
                                                                                               Sun Nov 24 14:20:08 2024

HI-TECH Software Omniscient Code Generator (Lite mode) build 9453
     1  0000                     opt subtitle "HI-TECH Software Omniscient Code Generator (Lite mode) build 9453"
     2                           
     3                           opt pagewidth 120
     4                           
     5                           	opt lm
     6                           
     7                           	processor	16F877A
     8                           clrc	macro
     9                           	bcf	3,0
    10  0000                     	endm
    11                           clrz	macro
    12                           	bcf	3,2
    13  0000                     	endm
    14                           setc	macro
    15                           	bsf	3,0
    16  0000                     	endm
    17                           setz	macro
    18                           	bsf	3,2
    19  0000                     	endm
    20                           skipc	macro
    21                           	btfss	3,0
    22  0000                     	endm
    23                           skipz	macro
    24                           	btfss	3,2
    25  0000                     	endm
    26                           skipnc	macro
    27                           	btfsc	3,0
    28  0000                     	endm
    29                           skipnz	macro
    30                           	btfsc	3,2
    31  0000                     	endm
    32  0000                     indf	equ	0
    33  0000                     indf0	equ	0
    34  0002                     pc	equ	2
    35  0002                     pcl	equ	2
    36  0003                     status	equ	3
    37  0004                     fsr	equ	4
    38  0004                     fsr0	equ	4
    39  0001                     c	equ	1
    40  0000                     z	equ	0
    41  000A                     pclath	equ	10
    42                           # 10 "priya.c"
    43                           	psect config,class=CONFIG,delta=2 ;#
    44                           # 10 "priya.c"
    45  2007  FF7A               	dw 0xFFFE & 0xFFFB & 0xFFFF & 0xFFFF & 0xFF7F & 0xFFFF & 0xFFFF & 0xFFFF ;#
    46                           	FNCALL	_main,_delay
    47                           	FNROOT	_main
    48                           	global	_arr
    49                           psect	idataBANK0,class=CODE,space=0,delta=2
    50                           global __pidataBANK0
    51  075B                     __pidataBANK0:
    52                           	file	"priya.c"
    53                           	line	14
    54                           
    55                           ;initializer for _arr
    56  075B  343F               	retlw	03Fh
    57  075C  3406               	retlw	06h
    58  075D  345B               	retlw	05Bh
    59  075E  344F               	retlw	04Fh
    60  075F  3466               	retlw	066h
    61  0760  346D               	retlw	06Dh
    62  0761  347D               	retlw	07Dh
    63  0762  3407               	retlw	07h
    64  0763  34FF               	retlw	0FFh
    65  0764  3467               	retlw	067h
    66  0765  3477               	retlw	077h
    67  0766  347C               	retlw	07Ch
    68  0767  3439               	retlw	039h
    69  0768  345E               	retlw	05Eh
    70  0769  3479               	retlw	079h
    71  076A  3471               	retlw	071h
    72                           	global	_PORTC
    73  0007                     _PORTC	set	7
    74                           	global	_CARRY
    75  0018                     _CARRY	set	24
    76                           	global	_GIE
    77  005F                     _GIE	set	95
    78                           	global	_TRISC
    79  0087                     _TRISC	set	135
    80                           	global	_TRISD
    81  0088                     _TRISD	set	136
    82                           	global	_EEADR
    83  010D                     _EEADR	set	269
    84                           	global	_EEDATA
    85  010C                     _EEDATA	set	268
    86                           	global	_EECON1
    87  018C                     _EECON1	set	396
    88                           	global	_EECON2
    89  018D                     _EECON2	set	397
    90                           	global	_RD
    91  0C60                     _RD	set	3168
    92                           	global	_WR
    93  0C61                     _WR	set	3169
    94                           	global	_WREN
    95  0C62                     _WREN	set	3170
    96                           	file	"C:\Users\Admin\AppData\Local\Temp\smmo."
    97                           	line	#
    98                           psect cinit,class=CODE,delta=2
    99                           global start_initialization
   100  076B                     start_initialization:
   101                           
   102                           psect	dataBANK0,class=BANK0,space=1
   103                           global __pdataBANK0
   104  0020                     __pdataBANK0:
   105                           	file	"priya.c"
   106  0020                     _arr:
   107  0020                            ds      16
   108                           
   109                           global btemp
   110                           psect inittext,class=CODE,delta=2
   111                           global init_fetch,btemp
   112                           ;	Called with low address in FSR and high address in W
   113  077D                     init_fetch:
   114  077D  087E               	movf btemp,w
   115  077E  008A               	movwf pclath
   116  077F  087F               	movf btemp+1,w
   117  0780  0082               	movwf pc
   118                           global init_ram
   119                           ;Called with:
   120                           ;	high address of idata address in btemp 
   121                           ;	low address of idata address in btemp+1 
   122                           ;	low address of data in FSR
   123                           ;	high address + 1 of data in btemp-1
   124  0781                     init_ram:
   125  0781  120A  118A  277D   	fcall init_fetch
              120A  118A         
   126  0786  0080               	movwf indf,f
   127  0787  0A84               	incf fsr,f
   128  0788  0804               	movf fsr,w
   129  0789  067D               	xorwf btemp-1,w
   130  078A  1903               	btfsc status,2
   131  078B  3400               	retlw 0
   132  078C  0AFF               	incf btemp+1,f
   133  078D  1903               	btfsc status,2
   134  078E  0AFE               	incf btemp,f
   135  078F  2F81               	goto init_ram
   136                           ; Initialize objects allocated to BANK0
   137                           psect cinit,class=CODE,delta=2
   138                           global init_ram, __pidataBANK0
   139  076B  1383               	bcf	status, 7	;select IRP bank0
   140  076C  3030               	movlw low(__pdataBANK0+16)
   141  076D  00FD               	movwf btemp-1,f
   142  076E  3007               	movlw high(__pidataBANK0)
   143  076F  00FE               	movwf btemp,f
   144  0770  305B               	movlw low(__pidataBANK0)
   145  0771  00FF               	movwf btemp+1,f
   146  0772  3020               	movlw low(__pdataBANK0)
   147  0773  0084               	movwf fsr,f
   148  0774  120A  118A  2781   	fcall init_ram
              120A  118A         
   149                           psect cinit,class=CODE,delta=2
   150                           global end_of_initialization
   151                           
   152                           ;End of C runtime variable initialization code
   153                           
   154  0779                     end_of_initialization:
   155  0779  0183               clrf status
   156  077A  120A  118A  2FC1   ljmp _main	;jump to C main() function
   157                           psect	cstackCOMMON,class=COMMON,space=1
   158                           global __pcstackCOMMON
   159  0070                     __pcstackCOMMON:
   160                           	global	?_delay
   161  0070                     ?_delay:	; 0 bytes @ 0x0
   162                           	global	?_main
   163  0070                     ?_main:	; 0 bytes @ 0x0
   164                           	global	delay@a
   165  0070                     delay@a:	; 2 bytes @ 0x0
   166  0070                     	ds	2
   167                           	global	??_delay
   168  0072                     ??_delay:	; 0 bytes @ 0x2
   169  0072                     	ds	1
   170                           	global	delay@j
   171  0073                     delay@j:	; 2 bytes @ 0x3
   172  0073                     	ds	2
   173                           	global	delay@i
   174  0075                     delay@i:	; 2 bytes @ 0x5
   175  0075                     	ds	2
   176                           	global	??_main
   177  0077                     ??_main:	; 0 bytes @ 0x7
   178                           	global	main@i
   179  0077                     main@i:	; 2 bytes @ 0x7
   180  0077                     	ds	2
   181 ;;Data sizes: Strings 0, constant 0, data 16, bss 0, persistent 0 stack 0
   182 ;;Auto spaces:   Size  Autos    Used
   183 ;; COMMON          14      9       9
   184 ;; BANK0           80      0      16
   185 ;; BANK1           80      0       0
   186 ;; BANK3           96      0       0
   187 ;; BANK2           96      0       0
   188                           
   189 ;;
   190 ;; Pointer list with targets:
   191                           
   192                           
   193                           
   194 ;;
   195 ;; Critical Paths under _main in COMMON
   196 ;;
   197 ;;   _main->_delay
   198 ;;
   199 ;; Critical Paths under _main in BANK0
   200 ;;
   201 ;;   None.
   202 ;;
   203 ;; Critical Paths under _main in BANK1
   204 ;;
   205 ;;   None.
   206 ;;
   207 ;; Critical Paths under _main in BANK3
   208 ;;
   209 ;;   None.
   210 ;;
   211 ;; Critical Paths under _main in BANK2
   212 ;;
   213 ;;   None.
   214                           
   215 ;;
   216 ;;Main: autosize = 0, tempsize = 0, incstack = 0, save=0
   217 ;;
   218                           
   219 ;;
   220 ;;Call Graph Tables:
   221 ;;
   222 ;; ---------------------------------------------------------------------------------
   223 ;; (Depth) Function   	        Calls       Base Space   Used Autos Params    Refs
   224 ;; ---------------------------------------------------------------------------------
   225 ;; (0) _main                                                 2     2      0     105
   226 ;;                                              7 COMMON     2     2      0
   227 ;;                              _delay
   228 ;; ---------------------------------------------------------------------------------
   229 ;; (1) _delay                                                7     5      2      60
   230 ;;                                              0 COMMON     7     5      2
   231 ;; ---------------------------------------------------------------------------------
   232 ;; Estimated maximum stack depth 1
   233 ;; ---------------------------------------------------------------------------------
   234                           
   235 ;; Call Graph Graphs:
   236                           
   237 ;; _main (ROOT)
   238 ;;   _delay
   239 ;;
   240                           
   241 ;; Address spaces:
   242                           
   243 ;;Name               Size   Autos  Total    Cost      Usage
   244 ;;BANK3               60      0       0       9        0.0%
   245 ;;BITBANK3            60      0       0       8        0.0%
   246 ;;SFR3                 0      0       0       4        0.0%
   247 ;;BITSFR3              0      0       0       4        0.0%
   248 ;;BANK2               60      0       0      11        0.0%
   249 ;;BITBANK2            60      0       0      10        0.0%
   250 ;;SFR2                 0      0       0       5        0.0%
   251 ;;BITSFR2              0      0       0       5        0.0%
   252 ;;SFR1                 0      0       0       2        0.0%
   253 ;;BITSFR1              0      0       0       2        0.0%
   254 ;;BANK1               50      0       0       7        0.0%
   255 ;;BITBANK1            50      0       0       6        0.0%
   256 ;;CODE                 0      0       0       0        0.0%
   257 ;;DATA                 0      0      1A      12        0.0%
   258 ;;ABS                  0      0      19       3        0.0%
   259 ;;NULL                 0      0       0       0        0.0%
   260 ;;STACK                0      0       1       2        0.0%
   261 ;;BANK0               50      0      10       5       20.0%
   262 ;;BITBANK0            50      0       0       4        0.0%
   263 ;;SFR0                 0      0       0       1        0.0%
   264 ;;BITSFR0              0      0       0       1        0.0%
   265 ;;COMMON               E      9       9       1       64.3%
   266 ;;BITCOMMON            E      0       0       0        0.0%
   267 ;;EEDATA             100      0       0       0        0.0%
   268                           
   269                           	global	_main
   270                           psect	maintext,global,class=CODE,delta=2
   271                           global __pmaintext
   272  07C1                     __pmaintext:
   273                           
   274 ;; *************** function _main *****************
   275 ;; Defined at:
   276 ;;		line 17 in file "priya.c"
   277 ;; Parameters:    Size  Location     Type
   278 ;;		None
   279 ;; Auto vars:     Size  Location     Type
   280 ;;  i               2    7[COMMON] int 
   281 ;; Return value:  Size  Location     Type
   282 ;;		None               void
   283 ;; Registers used:
   284 ;;		wreg, fsr0l, fsr0h, status,2, status,0, btemp+1, pclath, cstack
   285 ;; Tracked objects:
   286 ;;		On entry : 17F/0
   287 ;;		On exit  : 0/0
   288 ;;		Unchanged: 0/0
   289 ;; Data sizes:     COMMON   BANK0   BANK1   BANK3   BANK2
   290 ;;      Params:         0       0       0       0       0
   291 ;;      Locals:         2       0       0       0       0
   292 ;;      Temps:          0       0       0       0       0
   293 ;;      Totals:         2       0       0       0       0
   294 ;;Total ram usage:        2 bytes
   295 ;; Hardware stack levels required when called:    1
   296 ;; This function calls:
   297 ;;		_delay
   298 ;; This function is called by:
   299 ;;		Startup code after reset
   300 ;; This function uses a non-reentrant model
   301 ;;
   302                           psect	maintext
   303                           	file	"priya.c"
   304                           	line	17
   305                           	global	__size_of_main
   306  003F                     	__size_of_main	equ	__end_of_main-_main
   307                           	
   308  07C1                     _main:	
   309                           	opt	stack 7
   310                           ; Regs used in _main: [wreg-fsr0h+status,2+status,0+btemp+1+pclath+cstack]
   311                           	line	18
   312                           	
   313  07C1                     l2616:	
   314                           ;priya.c: 18: TRISD=0;
   315  07C1  1683               	bsf	status, 5	;RP0=1, select bank1
   316  07C2  1303               	bcf	status, 6	;RP1=0, select bank1
   317  07C3  0188               	clrf	(136)^080h	;volatile
   318                           	line	19
   319                           ;priya.c: 19: TRISC=0;
   320  07C4  0187               	clrf	(135)^080h	;volatile
   321                           	line	20
   322                           ;priya.c: 20: while (1)
   323                           	
   324  07C5                     l689:	
   325                           	line	22
   326                           ;priya.c: 21: {
   327                           ;priya.c: 22: for(int i=0; i<16 ; i++)
   328  07C5  01F7               	clrf	(main@i)
   329  07C6  01F8               	clrf	(main@i+1)
   330                           	
   331  07C7                     l2618:	
   332  07C7  0878               	movf	(main@i+1),w
   333  07C8  3A80               	xorlw	80h
   334  07C9  00FF               	movwf	btemp+1
   335  07CA  3080               	movlw	(high(010h))^80h
   336  07CB  027F               	subwf	btemp+1,w
   337  07CC  1D03               	skipz
   338  07CD  2FD0               	goto	u2245
   339  07CE  3010               	movlw	low(010h)
   340  07CF  0277               	subwf	(main@i),w
   341  07D0                     u2245:
   342                           
   343  07D0  1C03               	skipc
   344  07D1  2FD3               	goto	u2241
   345  07D2  2FD4               	goto	u2240
   346  07D3                     u2241:
   347  07D3  2FD6               	goto	l2622
   348  07D4                     u2240:
   349  07D4  2FC5               	goto	l689
   350                           	
   351  07D5                     l2620:	
   352  07D5  2FC5               	goto	l689
   353                           	line	23
   354                           	
   355  07D6                     l690:	
   356                           	line	25
   357                           	
   358  07D6                     l2622:	
   359                           ;priya.c: 23: {
   360                           ;priya.c: 25: PORTC=arr[i];
   361  07D6  0877               	movf	(main@i),w
   362  07D7  3E20               	addlw	_arr&0ffh
   363  07D8  0084               	movwf	fsr0
   364  07D9  1383               	bcf	status, 7	;select IRP bank0
   365  07DA  0800               	movf	indf,w
   366  07DB  1283               	bcf	status, 5	;RP0=0, select bank0
   367  07DC  1303               	bcf	status, 6	;RP1=0, select bank0
   368  07DD  0087               	movwf	(7)	;volatile
   369                           	line	26
   370                           	
   371  07DE                     l2624:	
   372                           ;priya.c: 26: delay(1000);
   373  07DE  30E8               	movlw	low(03E8h)
   374  07DF  00F0               	movwf	(?_delay)
   375  07E0  3003               	movlw	high(03E8h)
   376  07E1  00F1               	movwf	((?_delay))+1
   377  07E2  120A  118A  2790   	fcall	_delay
              120A  118A         
   378                           	line	22
   379                           	
   380  07E7                     l2626:	
   381  07E7  3001               	movlw	low(01h)
   382  07E8  07F7               	addwf	(main@i),f
   383  07E9  1803               	skipnc
   384  07EA  0AF8               	incf	(main@i+1),f
   385  07EB  3000               	movlw	high(01h)
   386  07EC  07F8               	addwf	(main@i+1),f
   387                           	
   388  07ED                     l2628:	
   389  07ED  0878               	movf	(main@i+1),w
   390  07EE  3A80               	xorlw	80h
   391  07EF  00FF               	movwf	btemp+1
   392  07F0  3080               	movlw	(high(010h))^80h
   393  07F1  027F               	subwf	btemp+1,w
   394  07F2  1D03               	skipz
   395  07F3  2FF6               	goto	u2255
   396  07F4  3010               	movlw	low(010h)
   397  07F5  0277               	subwf	(main@i),w
   398  07F6                     u2255:
   399                           
   400  07F6  1C03               	skipc
   401  07F7  2FF9               	goto	u2251
   402  07F8  2FFA               	goto	u2250
   403  07F9                     u2251:
   404  07F9  2FD6               	goto	l2622
   405  07FA                     u2250:
   406  07FA  2FC5               	goto	l689
   407                           	
   408  07FB                     l691:	
   409  07FB  2FC5               	goto	l689
   410                           	line	30
   411                           	
   412  07FC                     l692:	
   413                           	line	20
   414  07FC  2FC5               	goto	l689
   415                           	
   416  07FD                     l693:	
   417                           	line	31
   418                           	
   419  07FD                     l694:	
   420                           	global	start
   421  07FD  120A  118A  2800   	ljmp	start
   422                           	opt stack 0
   423                           GLOBAL	__end_of_main
   424  0800                     	__end_of_main:
   425 ;; =============== function _main ends ============
   426                           
   427                           	signat	_main,88
   428                           	global	_delay
   429                           psect	text71,local,class=CODE,delta=2
   430                           global __ptext71
   431  0790                     __ptext71:
   432                           
   433 ;; *************** function _delay *****************
   434 ;; Defined at:
   435 ;;		line 34 in file "priya.c"
   436 ;; Parameters:    Size  Location     Type
   437 ;;  a               2    0[COMMON] int 
   438 ;; Auto vars:     Size  Location     Type
   439 ;;  j               2    3[COMMON] int 
   440 ;;  i               2    5[COMMON] int 
   441 ;; Return value:  Size  Location     Type
   442 ;;		None               void
   443 ;; Registers used:
   444 ;;		wreg, status,2
   445 ;; Tracked objects:
   446 ;;		On entry : 0/0
   447 ;;		On exit  : 0/0
   448 ;;		Unchanged: 0/0
   449 ;; Data sizes:     COMMON   BANK0   BANK1   BANK3   BANK2
   450 ;;      Params:         2       0       0       0       0
   451 ;;      Locals:         4       0       0       0       0
   452 ;;      Temps:          1       0       0       0       0
   453 ;;      Totals:         7       0       0       0       0
   454 ;;Total ram usage:        7 bytes
   455 ;; Hardware stack levels used:    1
   456 ;; This function calls:
   457 ;;		Nothing
   458 ;; This function is called by:
   459 ;;		_main
   460 ;; This function uses a non-reentrant model
   461 ;;
   462                           psect	text71
   463                           	file	"priya.c"
   464                           	line	34
   465                           	global	__size_of_delay
   466  0031                     	__size_of_delay	equ	__end_of_delay-_delay
   467                           	
   468  0790                     _delay:	
   469                           	opt	stack 7
   470                           ; Regs used in _delay: [wreg+status,2]
   471                           	line	36
   472                           	
   473  0790                     l1750:	
   474                           ;priya.c: 36: for(int i=0; i<a ; i++)
   475  0790  01F5               	clrf	(delay@i)
   476  0791  01F6               	clrf	(delay@i+1)
   477  0792  2FB1               	goto	l697
   478                           	line	37
   479                           	
   480  0793                     l698:	
   481                           	line	38
   482                           	
   483  0793                     l1752:	
   484                           ;priya.c: 37: {
   485                           ;priya.c: 38: for(int j=0; j<i ; j++);
   486  0793  01F3               	clrf	(delay@j)
   487  0794  01F4               	clrf	(delay@j+1)
   488  0795  2F9C               	goto	l699
   489                           	
   490  0796                     l700:	
   491                           	
   492  0796                     l1754:	
   493  0796  3001               	movlw	low(01h)
   494  0797  07F3               	addwf	(delay@j),f
   495  0798  1803               	skipnc
   496  0799  0AF4               	incf	(delay@j+1),f
   497  079A  3000               	movlw	high(01h)
   498  079B  07F4               	addwf	(delay@j+1),f
   499                           	
   500  079C                     l699:	
   501  079C  0874               	movf	(delay@j+1),w
   502  079D  3A80               	xorlw	80h
   503  079E  00F2               	movwf	(??_delay+0)+0
   504  079F  0876               	movf	(delay@i+1),w
   505  07A0  3A80               	xorlw	80h
   506  07A1  0272               	subwf	(??_delay+0)+0,w
   507  07A2  1D03               	skipz
   508  07A3  2FA6               	goto	u15
   509  07A4  0875               	movf	(delay@i),w
   510  07A5  0273               	subwf	(delay@j),w
   511  07A6                     u15:
   512                           
   513  07A6  1C03               	skipc
   514  07A7  2FA9               	goto	u11
   515  07A8  2FAA               	goto	u10
   516  07A9                     u11:
   517  07A9  2F96               	goto	l1754
   518  07AA                     u10:
   519  07AA  2FAB               	goto	l1756
   520                           	
   521  07AB                     l701:	
   522                           	line	36
   523                           	
   524  07AB                     l1756:	
   525  07AB  3001               	movlw	low(01h)
   526  07AC  07F5               	addwf	(delay@i),f
   527  07AD  1803               	skipnc
   528  07AE  0AF6               	incf	(delay@i+1),f
   529  07AF  3000               	movlw	high(01h)
   530  07B0  07F6               	addwf	(delay@i+1),f
   531                           	
   532  07B1                     l697:	
   533  07B1  0876               	movf	(delay@i+1),w
   534  07B2  3A80               	xorlw	80h
   535  07B3  00F2               	movwf	(??_delay+0)+0
   536  07B4  0871               	movf	(delay@a+1),w
   537  07B5  3A80               	xorlw	80h
   538  07B6  0272               	subwf	(??_delay+0)+0,w
   539  07B7  1D03               	skipz
   540  07B8  2FBB               	goto	u25
   541  07B9  0870               	movf	(delay@a),w
   542  07BA  0275               	subwf	(delay@i),w
   543  07BB                     u25:
   544                           
   545  07BB  1C03               	skipc
   546  07BC  2FBE               	goto	u21
   547  07BD  2FBF               	goto	u20
   548  07BE                     u21:
   549  07BE  2F93               	goto	l1752
   550  07BF                     u20:
   551  07BF  2FC0               	goto	l703
   552                           	
   553  07C0                     l702:	
   554                           	line	40
   555                           	
   556  07C0                     l703:	
   557  07C0  0008               	return
   558                           	opt stack 0
   559                           GLOBAL	__end_of_delay
   560  07C1                     	__end_of_delay:
   561 ;; =============== function _delay ends ============
   562                           
   563                           	signat	_delay,4216
   564                           psect	text72,local,class=CODE,delta=2
   565                           global __ptext72
   566  0000                     __ptext72:
   567                           	global	btemp
   568  007E                     	btemp set 07Eh
   569                           
   570                           	DABS	1,126,2	;btemp
   571                           	global	wtemp0
   572  007E                     	wtemp0 set btemp


HI-TECH Software PICC Macro Assembler V9.82 build 9453 
Symbol Table                                                                                   Sun Nov 24 14:20:08 2024

                   pc 0002                    _RD 0C60                    u10 07AA                    u11 07A9  
                  u20 07BF                    u21 07BE                    u15 07A6                    u25 07BB  
                  _WR 0C61                    fsr 0004                   l700 0796                   l701 07AB  
                 l702 07C0                   l703 07C0                   l690 07D6                   l691 07FB  
                 l692 07FC                   l693 07FD                   l694 07FD                   l697 07B1  
                 l689 07C5                   l698 0793                   l699 079C                   _GIE 005F  
                 _arr 0020                   fsr0 0004                   indf 0000                  l2620 07D5  
                l1750 0790                  l2622 07D6                  l1752 0793                  l2624 07DE  
                l2616 07C1                  l1754 0796                  l2626 07E7                  l2618 07C7  
                l1756 07AB                  l2628 07ED                  u2240 07D4                  u2241 07D3  
                u2250 07FA                  u2251 07F9                  u2245 07D0                  u2255 07F6  
                _WREN 0C62                  _main 07C1                  btemp 007E                  start 0000  
               ?_main 0070                 _EEADR 010D                 _CARRY 0018                 _PORTC 0007  
               _TRISC 0087                 _TRISD 0088                 _delay 0790                 main@i 0077  
               pclath 000A                 status 0003                 wtemp0 007E          __end_of_main 0800  
              ??_main 0077                ?_delay 0070                _EEDATA 010C                _EECON1 018C  
              _EECON2 018D                delay@a 0070                delay@i 0075                delay@j 0073  
      __pcstackCOMMON 0070          __pidataBANK0 075B         __end_of_delay 07C1               ??_delay 0072  
          __pmaintext 07C1  end_of_initialization 0779               init_ram 0781   start_initialization 076B  
         __pdataBANK0 0020        __size_of_delay 0031             init_fetch 077D              __ptext71 0790  
            __ptext72 0000         __size_of_main 003F  
