

HI-TECH Software PIC LITE Macro Assembler V9.82 build 9453 
                                                                                               Sun Nov 24 12:27:55 2024

HI-TECH Software Omniscient Code Generator (Lite mode) build 9453
     1  0000                     opt subtitle "HI-TECH Software Omniscient Code Generator (Lite mode) build 9453"
     2                           
     3                           opt pagewidth 120
     4                           
     5                           	opt lm
     6                           
     7                           	processor	16F877A
     8                           clrc	macro
     9                           	bcf	3,0
    10  0000                     	endm
    11                           clrz	macro
    12                           	bcf	3,2
    13  0000                     	endm
    14                           setc	macro
    15                           	bsf	3,0
    16  0000                     	endm
    17                           setz	macro
    18                           	bsf	3,2
    19  0000                     	endm
    20                           skipc	macro
    21                           	btfss	3,0
    22  0000                     	endm
    23                           skipz	macro
    24                           	btfss	3,2
    25  0000                     	endm
    26                           skipnc	macro
    27                           	btfsc	3,0
    28  0000                     	endm
    29                           skipnz	macro
    30                           	btfsc	3,2
    31  0000                     	endm
    32  0000                     indf	equ	0
    33  0000                     indf0	equ	0
    34  0002                     pc	equ	2
    35  0002                     pcl	equ	2
    36  0003                     status	equ	3
    37  0004                     fsr	equ	4
    38  0004                     fsr0	equ	4
    39  0001                     c	equ	1
    40  0000                     z	equ	0
    41  000A                     pclath	equ	10
    42                           # 3 "newmain.c"
    43                           	psect config,class=CONFIG,delta=2 ;#
    44                           # 3 "newmain.c"
    45  2007  FF7A               	dw 0xFFFE & 0xFFFB & 0xFFFF & 0xFFFF & 0xFF7F & 0xFFFF & 0xFFFF & 0xFFFF ;#
    46                           	FNCALL	_main,_delay
    47                           	FNROOT	_main
    48                           	global	_PORTC
    49                           psect	maintext,global,class=CODE,delta=2
    50                           global __pmaintext
    51  0782                     __pmaintext:
    52  0007                     _PORTC	set	7
    53                           	global	_CARRY
    54  0018                     _CARRY	set	24
    55                           	global	_GIE
    56  005F                     _GIE	set	95
    57                           	global	_TRISC
    58  0087                     _TRISC	set	135
    59                           	global	_EEADR
    60  010D                     _EEADR	set	269
    61                           	global	_EEDATA
    62  010C                     _EEDATA	set	268
    63                           	global	_EECON1
    64  018C                     _EECON1	set	396
    65                           	global	_EECON2
    66  018D                     _EECON2	set	397
    67                           	global	_RD
    68  0C60                     _RD	set	3168
    69                           	global	_WR
    70  0C61                     _WR	set	3169
    71                           	global	_WREN
    72  0C62                     _WREN	set	3170
    73                           	file	"C:\Users\Admin\AppData\Local\Temp\skn0."
    74                           	line	#
    75                           psect cinit,class=CODE,delta=2
    76                           global start_initialization
    77  074D                     start_initialization:
    78                           
    79                           psect cinit,class=CODE,delta=2
    80                           global end_of_initialization
    81                           
    82                           ;End of C runtime variable initialization code
    83                           
    84  074D                     end_of_initialization:
    85  074D  0183               clrf status
    86  074E  120A  118A  2F82   ljmp _main	;jump to C main() function
    87                           psect	cstackCOMMON,class=COMMON,space=1
    88                           global __pcstackCOMMON
    89  0070                     __pcstackCOMMON:
    90                           	global	?_delay
    91  0070                     ?_delay:	; 0 bytes @ 0x0
    92                           	global	?_main
    93  0070                     ?_main:	; 0 bytes @ 0x0
    94                           	global	delay@b
    95  0070                     delay@b:	; 2 bytes @ 0x0
    96  0070                     	ds	2
    97                           	global	??_delay
    98  0072                     ??_delay:	; 0 bytes @ 0x2
    99  0072                     	ds	1
   100                           	global	delay@j
   101  0073                     delay@j:	; 2 bytes @ 0x3
   102  0073                     	ds	2
   103                           	global	delay@i
   104  0075                     delay@i:	; 2 bytes @ 0x5
   105  0075                     	ds	2
   106                           	global	??_main
   107  0077                     ??_main:	; 0 bytes @ 0x7
   108 ;;Data sizes: Strings 0, constant 0, data 0, bss 0, persistent 0 stack 0
   109 ;;Auto spaces:   Size  Autos    Used
   110 ;; COMMON          14      7       7
   111 ;; BANK0           80      0       0
   112 ;; BANK1           80      0       0
   113 ;; BANK3           96      0       0
   114 ;; BANK2           96      0       0
   115                           
   116 ;;
   117 ;; Pointer list with targets:
   118                           
   119                           
   120                           
   121 ;;
   122 ;; Critical Paths under _main in COMMON
   123 ;;
   124 ;;   _main->_delay
   125 ;;
   126 ;; Critical Paths under _main in BANK0
   127 ;;
   128 ;;   None.
   129 ;;
   130 ;; Critical Paths under _main in BANK1
   131 ;;
   132 ;;   None.
   133 ;;
   134 ;; Critical Paths under _main in BANK3
   135 ;;
   136 ;;   None.
   137 ;;
   138 ;; Critical Paths under _main in BANK2
   139 ;;
   140 ;;   None.
   141                           
   142 ;;
   143 ;;Main: autosize = 0, tempsize = 0, incstack = 0, save=0
   144 ;;
   145                           
   146 ;;
   147 ;;Call Graph Tables:
   148 ;;
   149 ;; ---------------------------------------------------------------------------------
   150 ;; (Depth) Function   	        Calls       Base Space   Used Autos Params    Refs
   151 ;; ---------------------------------------------------------------------------------
   152 ;; (0) _main                                                 0     0      0      60
   153 ;;                              _delay
   154 ;; ---------------------------------------------------------------------------------
   155 ;; (1) _delay                                                7     5      2      60
   156 ;;                                              0 COMMON     7     5      2
   157 ;; ---------------------------------------------------------------------------------
   158 ;; Estimated maximum stack depth 1
   159 ;; ---------------------------------------------------------------------------------
   160                           
   161 ;; Call Graph Graphs:
   162                           
   163 ;; _main (ROOT)
   164 ;;   _delay
   165 ;;
   166                           
   167 ;; Address spaces:
   168                           
   169 ;;Name               Size   Autos  Total    Cost      Usage
   170 ;;BITCOMMON            E      0       0       0        0.0%
   171 ;;EEDATA             100      0       0       0        0.0%
   172 ;;NULL                 0      0       0       0        0.0%
   173 ;;CODE                 0      0       0       0        0.0%
   174 ;;COMMON               E      7       7       1       50.0%
   175 ;;BITSFR0              0      0       0       1        0.0%
   176 ;;SFR0                 0      0       0       1        0.0%
   177 ;;BITSFR1              0      0       0       2        0.0%
   178 ;;SFR1                 0      0       0       2        0.0%
   179 ;;STACK                0      0       1       2        0.0%
   180 ;;ABS                  0      0       0       3        0.0%
   181 ;;BITBANK0            50      0       0       4        0.0%
   182 ;;BITSFR3              0      0       0       4        0.0%
   183 ;;SFR3                 0      0       0       4        0.0%
   184 ;;BANK0               50      0       0       5        0.0%
   185 ;;BITSFR2              0      0       0       5        0.0%
   186 ;;SFR2                 0      0       0       5        0.0%
   187 ;;BITBANK1            50      0       0       6        0.0%
   188 ;;BANK1               50      0       0       7        0.0%
   189 ;;BITBANK3            60      0       0       8        0.0%
   190 ;;BANK3               60      0       0       9        0.0%
   191 ;;BITBANK2            60      0       0      10        0.0%
   192 ;;BANK2               60      0       0      11        0.0%
   193 ;;DATA                 0      0       0      12        0.0%
   194                           
   195                           	global	_main
   196                           psect	maintext
   197                           
   198 ;; *************** function _main *****************
   199 ;; Defined at:
   200 ;;		line 8 in file "newmain.c"
   201 ;; Parameters:    Size  Location     Type
   202 ;;		None
   203 ;; Auto vars:     Size  Location     Type
   204 ;;		None
   205 ;; Return value:  Size  Location     Type
   206 ;;		None               void
   207 ;; Registers used:
   208 ;;		wreg, status,2, status,0, pclath, cstack
   209 ;; Tracked objects:
   210 ;;		On entry : 17F/0
   211 ;;		On exit  : 0/0
   212 ;;		Unchanged: 0/0
   213 ;; Data sizes:     COMMON   BANK0   BANK1   BANK3   BANK2
   214 ;;      Params:         0       0       0       0       0
   215 ;;      Locals:         0       0       0       0       0
   216 ;;      Temps:          0       0       0       0       0
   217 ;;      Totals:         0       0       0       0       0
   218 ;;Total ram usage:        0 bytes
   219 ;; Hardware stack levels required when called:    1
   220 ;; This function calls:
   221 ;;		_delay
   222 ;; This function is called by:
   223 ;;		Startup code after reset
   224 ;; This function uses a non-reentrant model
   225 ;;
   226                           psect	maintext
   227                           	file	"newmain.c"
   228                           	line	8
   229                           	global	__size_of_main
   230  007E                     	__size_of_main	equ	__end_of_main-_main
   231                           	
   232  0782                     _main:	
   233                           	opt	stack 7
   234                           ; Regs used in _main: [wreg+status,2+status,0+pclath+cstack]
   235                           	line	9
   236                           	
   237  0782                     l2612:	
   238                           ;newmain.c: 9: TRISC=0x00;
   239  0782  1683               	bsf	status, 5	;RP0=1, select bank1
   240  0783  1303               	bcf	status, 6	;RP1=0, select bank1
   241  0784  0187               	clrf	(135)^080h	;volatile
   242  0785  2F86               	goto	l2614
   243                           	line	10
   244                           ;newmain.c: 10: while(1)
   245                           	
   246  0786                     l687:	
   247                           	line	12
   248                           	
   249  0786                     l2614:	
   250                           ;newmain.c: 11: {
   251                           ;newmain.c: 12: PORTC=0x01;
   252  0786  3001               	movlw	(01h)
   253  0787  1283               	bcf	status, 5	;RP0=0, select bank0
   254  0788  1303               	bcf	status, 6	;RP1=0, select bank0
   255  0789  0087               	movwf	(7)	;volatile
   256                           	line	13
   257                           	
   258  078A                     l2616:	
   259                           ;newmain.c: 13: delay(1000);
   260  078A  30E8               	movlw	low(03E8h)
   261  078B  00F0               	movwf	(?_delay)
   262  078C  3003               	movlw	high(03E8h)
   263  078D  00F1               	movwf	((?_delay))+1
   264  078E  120A  118A  2751   	fcall	_delay
              120A  118A         
   265                           	line	14
   266                           	
   267  0793                     l2618:	
   268                           ;newmain.c: 14: PORTC=0x03;
   269  0793  3003               	movlw	(03h)
   270  0794  1283               	bcf	status, 5	;RP0=0, select bank0
   271  0795  1303               	bcf	status, 6	;RP1=0, select bank0
   272  0796  0087               	movwf	(7)	;volatile
   273                           	line	15
   274                           	
   275  0797                     l2620:	
   276                           ;newmain.c: 15: delay(1000);
   277  0797  30E8               	movlw	low(03E8h)
   278  0798  00F0               	movwf	(?_delay)
   279  0799  3003               	movlw	high(03E8h)
   280  079A  00F1               	movwf	((?_delay))+1
   281  079B  120A  118A  2751   	fcall	_delay
              120A  118A         
   282                           	line	16
   283                           	
   284  07A0                     l2622:	
   285                           ;newmain.c: 16: PORTC=0x02;
   286  07A0  3002               	movlw	(02h)
   287  07A1  1283               	bcf	status, 5	;RP0=0, select bank0
   288  07A2  1303               	bcf	status, 6	;RP1=0, select bank0
   289  07A3  0087               	movwf	(7)	;volatile
   290                           	line	17
   291                           	
   292  07A4                     l2624:	
   293                           ;newmain.c: 17: delay(1000);
   294  07A4  30E8               	movlw	low(03E8h)
   295  07A5  00F0               	movwf	(?_delay)
   296  07A6  3003               	movlw	high(03E8h)
   297  07A7  00F1               	movwf	((?_delay))+1
   298  07A8  120A  118A  2751   	fcall	_delay
              120A  118A         
   299                           	line	18
   300                           	
   301  07AD                     l2626:	
   302                           ;newmain.c: 18: PORTC=0x06;
   303  07AD  3006               	movlw	(06h)
   304  07AE  1283               	bcf	status, 5	;RP0=0, select bank0
   305  07AF  1303               	bcf	status, 6	;RP1=0, select bank0
   306  07B0  0087               	movwf	(7)	;volatile
   307                           	line	19
   308                           	
   309  07B1                     l2628:	
   310                           ;newmain.c: 19: delay(1000);
   311  07B1  30E8               	movlw	low(03E8h)
   312  07B2  00F0               	movwf	(?_delay)
   313  07B3  3003               	movlw	high(03E8h)
   314  07B4  00F1               	movwf	((?_delay))+1
   315  07B5  120A  118A  2751   	fcall	_delay
              120A  118A         
   316                           	line	20
   317                           	
   318  07BA                     l2630:	
   319                           ;newmain.c: 20: PORTC=0x04;
   320  07BA  3004               	movlw	(04h)
   321  07BB  1283               	bcf	status, 5	;RP0=0, select bank0
   322  07BC  1303               	bcf	status, 6	;RP1=0, select bank0
   323  07BD  0087               	movwf	(7)	;volatile
   324                           	line	21
   325                           	
   326  07BE                     l2632:	
   327                           ;newmain.c: 21: delay(1000);
   328  07BE  30E8               	movlw	low(03E8h)
   329  07BF  00F0               	movwf	(?_delay)
   330  07C0  3003               	movlw	high(03E8h)
   331  07C1  00F1               	movwf	((?_delay))+1
   332  07C2  120A  118A  2751   	fcall	_delay
              120A  118A         
   333                           	line	22
   334                           	
   335  07C7                     l2634:	
   336                           ;newmain.c: 22: PORTC=0x0c;
   337  07C7  300C               	movlw	(0Ch)
   338  07C8  1283               	bcf	status, 5	;RP0=0, select bank0
   339  07C9  1303               	bcf	status, 6	;RP1=0, select bank0
   340  07CA  0087               	movwf	(7)	;volatile
   341                           	line	23
   342                           	
   343  07CB                     l2636:	
   344                           ;newmain.c: 23: delay(1000);
   345  07CB  30E8               	movlw	low(03E8h)
   346  07CC  00F0               	movwf	(?_delay)
   347  07CD  3003               	movlw	high(03E8h)
   348  07CE  00F1               	movwf	((?_delay))+1
   349  07CF  120A  118A  2751   	fcall	_delay
              120A  118A         
   350                           	line	24
   351                           	
   352  07D4                     l2638:	
   353                           ;newmain.c: 24: PORTC=0x08;
   354  07D4  3008               	movlw	(08h)
   355  07D5  1283               	bcf	status, 5	;RP0=0, select bank0
   356  07D6  1303               	bcf	status, 6	;RP1=0, select bank0
   357  07D7  0087               	movwf	(7)	;volatile
   358                           	line	25
   359                           	
   360  07D8                     l2640:	
   361                           ;newmain.c: 25: delay(1000);
   362  07D8  30E8               	movlw	low(03E8h)
   363  07D9  00F0               	movwf	(?_delay)
   364  07DA  3003               	movlw	high(03E8h)
   365  07DB  00F1               	movwf	((?_delay))+1
   366  07DC  120A  118A  2751   	fcall	_delay
              120A  118A         
   367                           	line	26
   368                           	
   369  07E1                     l2642:	
   370                           ;newmain.c: 26: PORTC=0x09;
   371  07E1  3009               	movlw	(09h)
   372  07E2  1283               	bcf	status, 5	;RP0=0, select bank0
   373  07E3  1303               	bcf	status, 6	;RP1=0, select bank0
   374  07E4  0087               	movwf	(7)	;volatile
   375                           	line	27
   376                           	
   377  07E5                     l2644:	
   378                           ;newmain.c: 27: delay(1000);
   379  07E5  30E8               	movlw	low(03E8h)
   380  07E6  00F0               	movwf	(?_delay)
   381  07E7  3003               	movlw	high(03E8h)
   382  07E8  00F1               	movwf	((?_delay))+1
   383  07E9  120A  118A  2751   	fcall	_delay
              120A  118A         
   384                           	line	28
   385                           	
   386  07EE                     l2646:	
   387                           ;newmain.c: 28: PORTC=0x01;
   388  07EE  3001               	movlw	(01h)
   389  07EF  1283               	bcf	status, 5	;RP0=0, select bank0
   390  07F0  1303               	bcf	status, 6	;RP1=0, select bank0
   391  07F1  0087               	movwf	(7)	;volatile
   392                           	line	29
   393                           	
   394  07F2                     l2648:	
   395                           ;newmain.c: 29: delay(1000);
   396  07F2  30E8               	movlw	low(03E8h)
   397  07F3  00F0               	movwf	(?_delay)
   398  07F4  3003               	movlw	high(03E8h)
   399  07F5  00F1               	movwf	((?_delay))+1
   400  07F6  120A  118A  2751   	fcall	_delay
              120A  118A         
   401  07FB  2F86               	goto	l2614
   402                           	line	30
   403                           	
   404  07FC                     l688:	
   405                           	line	10
   406  07FC  2F86               	goto	l2614
   407                           	
   408  07FD                     l689:	
   409                           	line	31
   410                           	
   411  07FD                     l690:	
   412                           	global	start
   413  07FD  120A  118A  2800   	ljmp	start
   414                           	opt stack 0
   415                           GLOBAL	__end_of_main
   416  0800                     	__end_of_main:
   417 ;; =============== function _main ends ============
   418                           
   419                           	signat	_main,88
   420                           	global	_delay
   421                           psect	text71,local,class=CODE,delta=2
   422                           global __ptext71
   423  0751                     __ptext71:
   424                           
   425 ;; *************** function _delay *****************
   426 ;; Defined at:
   427 ;;		line 32 in file "newmain.c"
   428 ;; Parameters:    Size  Location     Type
   429 ;;  b               2    0[COMMON] int 
   430 ;; Auto vars:     Size  Location     Type
   431 ;;  j               2    3[COMMON] int 
   432 ;;  i               2    5[COMMON] int 
   433 ;; Return value:  Size  Location     Type
   434 ;;		None               void
   435 ;; Registers used:
   436 ;;		wreg, status,2
   437 ;; Tracked objects:
   438 ;;		On entry : 0/0
   439 ;;		On exit  : 0/0
   440 ;;		Unchanged: 0/0
   441 ;; Data sizes:     COMMON   BANK0   BANK1   BANK3   BANK2
   442 ;;      Params:         2       0       0       0       0
   443 ;;      Locals:         4       0       0       0       0
   444 ;;      Temps:          1       0       0       0       0
   445 ;;      Totals:         7       0       0       0       0
   446 ;;Total ram usage:        7 bytes
   447 ;; Hardware stack levels used:    1
   448 ;; This function calls:
   449 ;;		Nothing
   450 ;; This function is called by:
   451 ;;		_main
   452 ;; This function uses a non-reentrant model
   453 ;;
   454                           psect	text71
   455                           	file	"newmain.c"
   456                           	line	32
   457                           	global	__size_of_delay
   458  0031                     	__size_of_delay	equ	__end_of_delay-_delay
   459                           	
   460  0751                     _delay:	
   461                           	opt	stack 7
   462                           ; Regs used in _delay: [wreg+status,2]
   463                           	line	33
   464                           	
   465  0751                     l1746:	
   466                           ;newmain.c: 33: for(int i=0;i<b;i++){
   467  0751  01F5               	clrf	(delay@i)
   468  0752  01F6               	clrf	(delay@i+1)
   469  0753  2F72               	goto	l693
   470                           	
   471  0754                     l694:	
   472                           	line	34
   473                           	
   474  0754                     l1748:	
   475                           ;newmain.c: 34: for(int j=0;j<i;j++);
   476  0754  01F3               	clrf	(delay@j)
   477  0755  01F4               	clrf	(delay@j+1)
   478  0756  2F5D               	goto	l695
   479                           	
   480  0757                     l696:	
   481                           	
   482  0757                     l1750:	
   483  0757  3001               	movlw	low(01h)
   484  0758  07F3               	addwf	(delay@j),f
   485  0759  1803               	skipnc
   486  075A  0AF4               	incf	(delay@j+1),f
   487  075B  3000               	movlw	high(01h)
   488  075C  07F4               	addwf	(delay@j+1),f
   489                           	
   490  075D                     l695:	
   491  075D  0874               	movf	(delay@j+1),w
   492  075E  3A80               	xorlw	80h
   493  075F  00F2               	movwf	(??_delay+0)+0
   494  0760  0876               	movf	(delay@i+1),w
   495  0761  3A80               	xorlw	80h
   496  0762  0272               	subwf	(??_delay+0)+0,w
   497  0763  1D03               	skipz
   498  0764  2F67               	goto	u15
   499  0765  0875               	movf	(delay@i),w
   500  0766  0273               	subwf	(delay@j),w
   501  0767                     u15:
   502                           
   503  0767  1C03               	skipc
   504  0768  2F6A               	goto	u11
   505  0769  2F6B               	goto	u10
   506  076A                     u11:
   507  076A  2F57               	goto	l1750
   508  076B                     u10:
   509  076B  2F6C               	goto	l1752
   510                           	
   511  076C                     l697:	
   512                           	line	33
   513                           	
   514  076C                     l1752:	
   515  076C  3001               	movlw	low(01h)
   516  076D  07F5               	addwf	(delay@i),f
   517  076E  1803               	skipnc
   518  076F  0AF6               	incf	(delay@i+1),f
   519  0770  3000               	movlw	high(01h)
   520  0771  07F6               	addwf	(delay@i+1),f
   521                           	
   522  0772                     l693:	
   523  0772  0876               	movf	(delay@i+1),w
   524  0773  3A80               	xorlw	80h
   525  0774  00F2               	movwf	(??_delay+0)+0
   526  0775  0871               	movf	(delay@b+1),w
   527  0776  3A80               	xorlw	80h
   528  0777  0272               	subwf	(??_delay+0)+0,w
   529  0778  1D03               	skipz
   530  0779  2F7C               	goto	u25
   531  077A  0870               	movf	(delay@b),w
   532  077B  0275               	subwf	(delay@i),w
   533  077C                     u25:
   534                           
   535  077C  1C03               	skipc
   536  077D  2F7F               	goto	u21
   537  077E  2F80               	goto	u20
   538  077F                     u21:
   539  077F  2F54               	goto	l1748
   540  0780                     u20:
   541  0780  2F81               	goto	l699
   542                           	
   543  0781                     l698:	
   544                           	line	36
   545                           	
   546  0781                     l699:	
   547  0781  0008               	return
   548                           	opt stack 0
   549                           GLOBAL	__end_of_delay
   550  0782                     	__end_of_delay:
   551 ;; =============== function _delay ends ============
   552                           
   553                           	signat	_delay,4216
   554                           psect	text72,local,class=CODE,delta=2
   555                           global __ptext72
   556  0000                     __ptext72:
   557                           	global	btemp
   558  007E                     	btemp set 07Eh
   559                           
   560                           	DABS	1,126,2	;btemp
   561                           	global	wtemp0
   562  007E                     	wtemp0 set btemp


HI-TECH Software PICC Macro Assembler V9.82 build 9453 
Symbol Table                                                                                   Sun Nov 24 12:27:55 2024

                  _RD 0C60                    u10 076B                    u11 076A                    u20 0780  
                  u21 077F                    u15 0767                    u25 077C                    _WR 0C61  
                 l690 07FD                   l693 0772                   l694 0754                   l695 075D  
                 l687 0786                   l696 0757                   l688 07FC                   l697 076C  
                 l689 07FD                   l698 0781                   l699 0781                   _GIE 005F  
                l2620 0797                  l2612 0782                  l1750 0757                  l2630 07BA  
                l2622 07A0                  l2614 0786                  l1752 076C                  l2640 07D8  
                l2632 07BE                  l2624 07A4                  l2616 078A                  l1746 0751  
                l2642 07E1                  l2634 07C7                  l2626 07AD                  l2618 0793  
                l1748 0754                  l2644 07E5                  l2636 07CB                  l2628 07B1  
                l2646 07EE                  l2638 07D4                  l2648 07F2                  _WREN 0C62  
                _main 0782                  btemp 007E                  start 0000                 ?_main 0070  
               _EEADR 010D                 _CARRY 0018                 _PORTC 0007                 _TRISC 0087  
               _delay 0751                 status 0003                 wtemp0 007E          __end_of_main 0800  
              ??_main 0077                ?_delay 0070                _EEDATA 010C                _EECON1 018C  
              _EECON2 018D                delay@b 0070                delay@i 0075                delay@j 0073  
      __pcstackCOMMON 0070         __end_of_delay 0782               ??_delay 0072            __pmaintext 0782  
end_of_initialization 074D   start_initialization 074D        __size_of_delay 0031              __ptext71 0751  
            __ptext72 0000         __size_of_main 007E  
