C51 COMPILER V9.60.7.0   MAIN                                                              11/07/2024 11:22:20 PAGE 1   


C51 COMPILER V9.60.7.0, COMPILATION OF MODULE MAIN
OBJECT MODULE PLACED IN .\Objects\main.obj
COMPILER INVOKED BY: C:\Keil_v5\C51\BIN\C51.EXE main.c OPTIMIZE(8,SPEED) BROWSE DEBUG OBJECTEXTEND PRINT(.\Listings\main
                    -.lst) TABS(2) OBJECT(.\Objects\main.obj)

line level    source

   1          #include<reg51.h>
   2          
   3          void send(unsigned char *s)
   4          {
   5   1          while(*s) {
   6   2              SBUF=*s++;
   7   2              while(TI==0);
   8   2              TI=0;
   9   2          }
  10   1      }
  11          
  12          void main()
  13          {
  14   1          unsigned int i;
  15   1          SCON=0x50;
  16   1          TMOD=0x20;
  17   1          TH1=TL1=0xfd;
  18   1          TR1=1;
  19   1          while(1) {
  20   2              send("Embetronicx  ");
  21   2              for(i=0; i<=35000; i++);
  22   2          }
  23   1      }


MODULE INFORMATION:   STATIC OVERLAYABLE
   CODE SIZE        =     88    ----
   CONSTANT SIZE    =     14    ----
   XDATA SIZE       =   ----    ----
   PDATA SIZE       =   ----    ----
   DATA SIZE        =   ----       3
   IDATA SIZE       =   ----    ----
   BIT SIZE         =   ----    ----
END OF MODULE INFORMATION.


C51 COMPILATION COMPLETE.  0 WARNING(S),  0 ERROR(S)
