

HI-TECH Software PIC LITE Macro Assembler V9.82 build 9453 
                                                                                               Mon Dec 02 18:24:17 2024

HI-TECH Software Omniscient Code Generator (Lite mode) build 9453
     1  0000                     opt subtitle "HI-TECH Software Omniscient Code Generator (Lite mode) build 9453"
     2                           
     3                           opt pagewidth 120
     4                           
     5                           	opt lm
     6                           
     7                           	processor	16F877A
     8                           clrc	macro
     9                           	bcf	3,0
    10  0000                     	endm
    11                           clrz	macro
    12                           	bcf	3,2
    13  0000                     	endm
    14                           setc	macro
    15                           	bsf	3,0
    16  0000                     	endm
    17                           setz	macro
    18                           	bsf	3,2
    19  0000                     	endm
    20                           skipc	macro
    21                           	btfss	3,0
    22  0000                     	endm
    23                           skipz	macro
    24                           	btfss	3,2
    25  0000                     	endm
    26                           skipnc	macro
    27                           	btfsc	3,0
    28  0000                     	endm
    29                           skipnz	macro
    30                           	btfsc	3,2
    31  0000                     	endm
    32  0000                     indf	equ	0
    33  0000                     indf0	equ	0
    34  0002                     pc	equ	2
    35  0002                     pcl	equ	2
    36  0003                     status	equ	3
    37  0004                     fsr	equ	4
    38  0004                     fsr0	equ	4
    39  0001                     c	equ	1
    40  0000                     z	equ	0
    41  000A                     pclath	equ	10
    42                           # 8 "kanishka.c"
    43                           	psect config,class=CONFIG,delta=2 ;#
    44                           # 8 "kanishka.c"
    45  2007  FF7A               	dw 0xFFFE & 0xFFFB & 0xFFFF & 0xFFFF & 0xFF7F & 0xFFFF & 0xFFFF & 0xFFFF ;#
    46                           	FNCALL	_main,_delay
    47                           	FNROOT	_main
    48                           	global	_CCP1CON
    49                           psect	maintext,global,class=CODE,delta=2
    50                           global __pmaintext
    51  07A2                     __pmaintext:
    52  0017                     _CCP1CON	set	23
    53                           	global	_CCPR1L
    54  0015                     _CCPR1L	set	21
    55                           	global	_T2CON
    56  0012                     _T2CON	set	18
    57                           	global	_CARRY
    58  0018                     _CARRY	set	24
    59                           	global	_GIE
    60  005F                     _GIE	set	95
    61                           	global	_PR2
    62  0092                     _PR2	set	146
    63                           	global	_TRISC
    64  0087                     _TRISC	set	135
    65                           	global	_EEADR
    66  010D                     _EEADR	set	269
    67                           	global	_EEDATA
    68  010C                     _EEDATA	set	268
    69                           	global	_EECON1
    70  018C                     _EECON1	set	396
    71                           	global	_EECON2
    72  018D                     _EECON2	set	397
    73                           	global	_RD
    74  0C60                     _RD	set	3168
    75                           	global	_WR
    76  0C61                     _WR	set	3169
    77                           	global	_WREN
    78  0C62                     _WREN	set	3170
    79                           	file	"C:\Users\Admin\AppData\Local\Temp\sbs8."
    80                           	line	#
    81                           psect cinit,class=CODE,delta=2
    82                           global start_initialization
    83  079E                     start_initialization:
    84                           
    85                           psect cinit,class=CODE,delta=2
    86                           global end_of_initialization
    87                           
    88                           ;End of C runtime variable initialization code
    89                           
    90  079E                     end_of_initialization:
    91  079E  0183               clrf status
    92  079F  120A  118A  2FA2   ljmp _main	;jump to C main() function
    93                           psect	cstackCOMMON,class=COMMON,space=1
    94                           global __pcstackCOMMON
    95  0070                     __pcstackCOMMON:
    96                           	global	?_delay
    97  0070                     ?_delay:	; 0 bytes @ 0x0
    98                           	global	?_main
    99  0070                     ?_main:	; 0 bytes @ 0x0
   100                           	global	delay@a
   101  0070                     delay@a:	; 2 bytes @ 0x0
   102  0070                     	ds	2
   103                           	global	??_delay
   104  0072                     ??_delay:	; 0 bytes @ 0x2
   105  0072                     	ds	1
   106                           	global	delay@i
   107  0073                     delay@i:	; 2 bytes @ 0x3
   108  0073                     	ds	2
   109                           	global	delay@j
   110  0075                     delay@j:	; 2 bytes @ 0x5
   111  0075                     	ds	2
   112                           	global	??_main
   113  0077                     ??_main:	; 0 bytes @ 0x7
   114 ;;Data sizes: Strings 0, constant 0, data 0, bss 0, persistent 0 stack 0
   115 ;;Auto spaces:   Size  Autos    Used
   116 ;; COMMON          14      7       7
   117 ;; BANK0           80      0       0
   118 ;; BANK1           80      0       0
   119 ;; BANK3           96      0       0
   120 ;; BANK2           96      0       0
   121                           
   122 ;;
   123 ;; Pointer list with targets:
   124                           
   125                           
   126                           
   127 ;;
   128 ;; Critical Paths under _main in COMMON
   129 ;;
   130 ;;   _main->_delay
   131 ;;
   132 ;; Critical Paths under _main in BANK0
   133 ;;
   134 ;;   None.
   135 ;;
   136 ;; Critical Paths under _main in BANK1
   137 ;;
   138 ;;   None.
   139 ;;
   140 ;; Critical Paths under _main in BANK3
   141 ;;
   142 ;;   None.
   143 ;;
   144 ;; Critical Paths under _main in BANK2
   145 ;;
   146 ;;   None.
   147                           
   148 ;;
   149 ;;Main: autosize = 0, tempsize = 0, incstack = 0, save=0
   150 ;;
   151                           
   152 ;;
   153 ;;Call Graph Tables:
   154 ;;
   155 ;; ---------------------------------------------------------------------------------
   156 ;; (Depth) Function   	        Calls       Base Space   Used Autos Params    Refs
   157 ;; ---------------------------------------------------------------------------------
   158 ;; (0) _main                                                 0     0      0      60
   159 ;;                              _delay
   160 ;; ---------------------------------------------------------------------------------
   161 ;; (1) _delay                                                7     5      2      60
   162 ;;                                              0 COMMON     7     5      2
   163 ;; ---------------------------------------------------------------------------------
   164 ;; Estimated maximum stack depth 1
   165 ;; ---------------------------------------------------------------------------------
   166                           
   167 ;; Call Graph Graphs:
   168                           
   169 ;; _main (ROOT)
   170 ;;   _delay
   171 ;;
   172                           
   173 ;; Address spaces:
   174                           
   175 ;;Name               Size   Autos  Total    Cost      Usage
   176 ;;BITCOMMON            E      0       0       0        0.0%
   177 ;;EEDATA             100      0       0       0        0.0%
   178 ;;NULL                 0      0       0       0        0.0%
   179 ;;CODE                 0      0       0       0        0.0%
   180 ;;COMMON               E      7       7       1       50.0%
   181 ;;BITSFR0              0      0       0       1        0.0%
   182 ;;SFR0                 0      0       0       1        0.0%
   183 ;;BITSFR1              0      0       0       2        0.0%
   184 ;;SFR1                 0      0       0       2        0.0%
   185 ;;STACK                0      0       1       2        0.0%
   186 ;;ABS                  0      0       0       3        0.0%
   187 ;;BITBANK0            50      0       0       4        0.0%
   188 ;;BITSFR3              0      0       0       4        0.0%
   189 ;;SFR3                 0      0       0       4        0.0%
   190 ;;BANK0               50      0       0       5        0.0%
   191 ;;BITSFR2              0      0       0       5        0.0%
   192 ;;SFR2                 0      0       0       5        0.0%
   193 ;;BITBANK1            50      0       0       6        0.0%
   194 ;;BANK1               50      0       0       7        0.0%
   195 ;;BITBANK3            60      0       0       8        0.0%
   196 ;;BANK3               60      0       0       9        0.0%
   197 ;;BITBANK2            60      0       0      10        0.0%
   198 ;;BANK2               60      0       0      11        0.0%
   199 ;;DATA                 0      0       0      12        0.0%
   200                           
   201                           	global	_main
   202                           psect	maintext
   203                           
   204 ;; *************** function _main *****************
   205 ;; Defined at:
   206 ;;		line 19 in file "kanishka.c"
   207 ;; Parameters:    Size  Location     Type
   208 ;;		None
   209 ;; Auto vars:     Size  Location     Type
   210 ;;		None
   211 ;; Return value:  Size  Location     Type
   212 ;;		None               void
   213 ;; Registers used:
   214 ;;		wreg, status,2, status,0, btemp+1, pclath, cstack
   215 ;; Tracked objects:
   216 ;;		On entry : 17F/0
   217 ;;		On exit  : 0/0
   218 ;;		Unchanged: 0/0
   219 ;; Data sizes:     COMMON   BANK0   BANK1   BANK3   BANK2
   220 ;;      Params:         0       0       0       0       0
   221 ;;      Locals:         0       0       0       0       0
   222 ;;      Temps:          0       0       0       0       0
   223 ;;      Totals:         0       0       0       0       0
   224 ;;Total ram usage:        0 bytes
   225 ;; Hardware stack levels required when called:    1
   226 ;; This function calls:
   227 ;;		_delay
   228 ;; This function is called by:
   229 ;;		Startup code after reset
   230 ;; This function uses a non-reentrant model
   231 ;;
   232                           psect	maintext
   233                           	file	"kanishka.c"
   234                           	line	19
   235                           	global	__size_of_main
   236  0020                     	__size_of_main	equ	__end_of_main-_main
   237                           	
   238  07A2                     _main:	
   239                           	opt	stack 7
   240                           ; Regs used in _main: [wreg+status,2+status,0+btemp+1+pclath+cstack]
   241                           	line	20
   242                           	
   243  07A2                     l2615:	
   244                           ;kanishka.c: 20: TRISC = 0;
   245  07A2  1683               	bsf	status, 5	;RP0=1, select bank1
   246  07A3  1303               	bcf	status, 6	;RP1=0, select bank1
   247  07A4  0187               	clrf	(135)^080h	;volatile
   248                           	line	21
   249                           	
   250  07A5                     l2617:	
   251                           ;kanishka.c: 21: CCP1CON = 0x0F;
   252  07A5  300F               	movlw	(0Fh)
   253  07A6  1283               	bcf	status, 5	;RP0=0, select bank0
   254  07A7  1303               	bcf	status, 6	;RP1=0, select bank0
   255  07A8  0097               	movwf	(23)	;volatile
   256                           	line	22
   257                           	
   258  07A9                     l2619:	
   259                           ;kanishka.c: 22: T2CON = 0x04;
   260  07A9  3004               	movlw	(04h)
   261  07AA  0092               	movwf	(18)	;volatile
   262                           	line	23
   263                           	
   264  07AB                     l2621:	
   265                           ;kanishka.c: 23: PR2 = 100;
   266  07AB  3064               	movlw	(064h)
   267  07AC  1683               	bsf	status, 5	;RP0=1, select bank1
   268  07AD  1303               	bcf	status, 6	;RP1=0, select bank1
   269  07AE  0092               	movwf	(146)^080h	;volatile
   270  07AF  2FB0               	goto	l2623
   271                           	line	24
   272                           ;kanishka.c: 24: while(1)
   273                           	
   274  07B0                     l693:	
   275                           	line	26
   276                           	
   277  07B0                     l2623:	
   278                           ;kanishka.c: 25: {
   279                           ;kanishka.c: 26: CCPR1L = 75;
   280  07B0  304B               	movlw	(04Bh)
   281  07B1  1283               	bcf	status, 5	;RP0=0, select bank0
   282  07B2  1303               	bcf	status, 6	;RP1=0, select bank0
   283  07B3  0095               	movwf	(21)	;volatile
   284                           	line	27
   285                           	
   286  07B4                     l2625:	
   287                           ;kanishka.c: 27: delay(1);
   288  07B4  3001               	movlw	low(01h)
   289  07B5  00F0               	movwf	(?_delay)
   290  07B6  3000               	movlw	high(01h)
   291  07B7  00F1               	movwf	((?_delay))+1
   292  07B8  120A  118A  27C2   	fcall	_delay
              120A  118A         
   293  07BD  2FB0               	goto	l2623
   294                           	line	28
   295                           	
   296  07BE                     l694:	
   297                           	line	24
   298  07BE  2FB0               	goto	l2623
   299                           	
   300  07BF                     l695:	
   301                           	line	29
   302                           	
   303  07BF                     l696:	
   304                           	global	start
   305  07BF  120A  118A  2800   	ljmp	start
   306                           	opt stack 0
   307                           GLOBAL	__end_of_main
   308  07C2                     	__end_of_main:
   309 ;; =============== function _main ends ============
   310                           
   311                           	signat	_main,88
   312                           	global	_delay
   313                           psect	text71,local,class=CODE,delta=2
   314                           global __ptext71
   315  07C2                     __ptext71:
   316                           
   317 ;; *************** function _delay *****************
   318 ;; Defined at:
   319 ;;		line 12 in file "kanishka.c"
   320 ;; Parameters:    Size  Location     Type
   321 ;;  a               2    0[COMMON] int 
   322 ;; Auto vars:     Size  Location     Type
   323 ;;  j               2    5[COMMON] int 
   324 ;;  i               2    3[COMMON] int 
   325 ;; Return value:  Size  Location     Type
   326 ;;		None               void
   327 ;; Registers used:
   328 ;;		wreg, status,2, btemp+1
   329 ;; Tracked objects:
   330 ;;		On entry : 0/0
   331 ;;		On exit  : 0/0
   332 ;;		Unchanged: 0/0
   333 ;; Data sizes:     COMMON   BANK0   BANK1   BANK3   BANK2
   334 ;;      Params:         2       0       0       0       0
   335 ;;      Locals:         4       0       0       0       0
   336 ;;      Temps:          1       0       0       0       0
   337 ;;      Totals:         7       0       0       0       0
   338 ;;Total ram usage:        7 bytes
   339 ;; Hardware stack levels used:    1
   340 ;; This function calls:
   341 ;;		Nothing
   342 ;; This function is called by:
   343 ;;		_main
   344 ;; This function uses a non-reentrant model
   345 ;;
   346                           psect	text71
   347                           	file	"kanishka.c"
   348                           	line	12
   349                           	global	__size_of_delay
   350  003E                     	__size_of_delay	equ	__end_of_delay-_delay
   351                           	
   352  07C2                     _delay:	
   353                           	opt	stack 7
   354                           ; Regs used in _delay: [wreg+status,2+btemp+1]
   355                           	line	13
   356                           	
   357  07C2                     l1743:	
   358                           ;kanishka.c: 13: for(int i=0; i<a;i++)
   359  07C2  01F3               	clrf	(delay@i)
   360  07C3  01F4               	clrf	(delay@i+1)
   361  07C4  2FF0               	goto	l685
   362                           	line	14
   363                           	
   364  07C5                     l686:	
   365                           	line	15
   366                           	
   367  07C5                     l1745:	
   368                           ;kanishka.c: 14: {
   369                           ;kanishka.c: 15: for(int j=0;j<144;j++);
   370  07C5  01F5               	clrf	(delay@j)
   371  07C6  01F6               	clrf	(delay@j+1)
   372                           	
   373  07C7                     l1747:	
   374  07C7  0876               	movf	(delay@j+1),w
   375  07C8  3A80               	xorlw	80h
   376  07C9  00FF               	movwf	btemp+1
   377  07CA  3080               	movlw	(high(090h))^80h
   378  07CB  027F               	subwf	btemp+1,w
   379  07CC  1D03               	skipz
   380  07CD  2FD0               	goto	u15
   381  07CE  3090               	movlw	low(090h)
   382  07CF  0275               	subwf	(delay@j),w
   383  07D0                     u15:
   384                           
   385  07D0  1C03               	skipc
   386  07D1  2FD3               	goto	u11
   387  07D2  2FD4               	goto	u10
   388  07D3                     u11:
   389  07D3  2FD6               	goto	l1751
   390  07D4                     u10:
   391  07D4  2FEA               	goto	l1755
   392                           	
   393  07D5                     l1749:	
   394  07D5  2FEA               	goto	l1755
   395                           	
   396  07D6                     l687:	
   397                           	
   398  07D6                     l1751:	
   399  07D6  3001               	movlw	low(01h)
   400  07D7  07F5               	addwf	(delay@j),f
   401  07D8  1803               	skipnc
   402  07D9  0AF6               	incf	(delay@j+1),f
   403  07DA  3000               	movlw	high(01h)
   404  07DB  07F6               	addwf	(delay@j+1),f
   405                           	
   406  07DC                     l1753:	
   407  07DC  0876               	movf	(delay@j+1),w
   408  07DD  3A80               	xorlw	80h
   409  07DE  00FF               	movwf	btemp+1
   410  07DF  3080               	movlw	(high(090h))^80h
   411  07E0  027F               	subwf	btemp+1,w
   412  07E1  1D03               	skipz
   413  07E2  2FE5               	goto	u25
   414  07E3  3090               	movlw	low(090h)
   415  07E4  0275               	subwf	(delay@j),w
   416  07E5                     u25:
   417                           
   418  07E5  1C03               	skipc
   419  07E6  2FE8               	goto	u21
   420  07E7  2FE9               	goto	u20
   421  07E8                     u21:
   422  07E8  2FD6               	goto	l1751
   423  07E9                     u20:
   424  07E9  2FEA               	goto	l1755
   425                           	
   426  07EA                     l688:	
   427                           	line	13
   428                           	
   429  07EA                     l1755:	
   430  07EA  3001               	movlw	low(01h)
   431  07EB  07F3               	addwf	(delay@i),f
   432  07EC  1803               	skipnc
   433  07ED  0AF4               	incf	(delay@i+1),f
   434  07EE  3000               	movlw	high(01h)
   435  07EF  07F4               	addwf	(delay@i+1),f
   436                           	
   437  07F0                     l685:	
   438  07F0  0874               	movf	(delay@i+1),w
   439  07F1  3A80               	xorlw	80h
   440  07F2  00F2               	movwf	(??_delay+0)+0
   441  07F3  0871               	movf	(delay@a+1),w
   442  07F4  3A80               	xorlw	80h
   443  07F5  0272               	subwf	(??_delay+0)+0,w
   444  07F6  1D03               	skipz
   445  07F7  2FFA               	goto	u35
   446  07F8  0870               	movf	(delay@a),w
   447  07F9  0273               	subwf	(delay@i),w
   448  07FA                     u35:
   449                           
   450  07FA  1C03               	skipc
   451  07FB  2FFD               	goto	u31
   452  07FC  2FFE               	goto	u30
   453  07FD                     u31:
   454  07FD  2FC5               	goto	l1745
   455  07FE                     u30:
   456  07FE  2FFF               	goto	l690
   457                           	
   458  07FF                     l689:	
   459                           	line	17
   460                           	
   461  07FF                     l690:	
   462  07FF  0008               	return
   463                           	opt stack 0
   464                           GLOBAL	__end_of_delay
   465  0800                     	__end_of_delay:
   466 ;; =============== function _delay ends ============
   467                           
   468                           	signat	_delay,4216
   469                           psect	text72,local,class=CODE,delta=2
   470                           global __ptext72
   471  0000                     __ptext72:
   472                           	global	btemp
   473  007E                     	btemp set 07Eh
   474                           
   475                           	DABS	1,126,2	;btemp
   476                           	global	wtemp0
   477  007E                     	wtemp0 set btemp


HI-TECH Software PICC Macro Assembler V9.82 build 9453 
Symbol Table                                                                                   Mon Dec 02 18:24:17 2024

                  _RD 0C60                    u10 07D4                    u11 07D3                    u20 07E9  
                  u21 07E8                    u30 07FE                    u31 07FD                    u15 07D0  
                  u25 07E5                    u35 07FA                    _WR 0C61                   l690 07FF  
                 l685 07F0                   l693 07B0                   l686 07C5                   l694 07BE  
                 l687 07D6                   l695 07BF                   l688 07EA                   l696 07BF  
                 l689 07FF                   _GIE 005F                   _PR2 0092                  l2621 07AB  
                l1751 07D6                  l1743 07C2                  l2623 07B0                  l2615 07A2  
                l1753 07DC                  l1745 07C5                  l2625 07B4                  l2617 07A5  
                l1755 07EA                  l1747 07C7                  l2619 07A9                  l1749 07D5  
                _WREN 0C62                  _main 07A2                  btemp 007E                  start 0000  
               ?_main 0070                 _EEADR 010D                 _CARRY 0018                 _T2CON 0012  
               _TRISC 0087                 _delay 07C2                 status 0003                 wtemp0 007E  
        __end_of_main 07C2                ??_main 0077                ?_delay 0070                _EEDATA 010C  
              _CCPR1L 0015                _EECON1 018C                _EECON2 018D                delay@a 0070  
              delay@i 0073                delay@j 0075        __pcstackCOMMON 0070         __end_of_delay 0800  
             ??_delay 0072            __pmaintext 07A2               _CCP1CON 0017  end_of_initialization 079E  
 start_initialization 079E        __size_of_delay 003E              __ptext71 07C2              __ptext72 0000  
       __size_of_main 0020  
