

HI-TECH Software PIC LITE Macro Assembler V9.82 build 9453 
                                                                                               Fri Nov 29 17:56:44 2024

HI-TECH Software Omniscient Code Generator (Lite mode) build 9453
     1  0000                     opt subtitle "HI-TECH Software Omniscient Code Generator (Lite mode) build 9453"
     2                           
     3                           opt pagewidth 120
     4                           
     5                           	opt lm
     6                           
     7                           	processor	16F877A
     8                           clrc	macro
     9                           	bcf	3,0
    10  0000                     	endm
    11                           clrz	macro
    12                           	bcf	3,2
    13  0000                     	endm
    14                           setc	macro
    15                           	bsf	3,0
    16  0000                     	endm
    17                           setz	macro
    18                           	bsf	3,2
    19  0000                     	endm
    20                           skipc	macro
    21                           	btfss	3,0
    22  0000                     	endm
    23                           skipz	macro
    24                           	btfss	3,2
    25  0000                     	endm
    26                           skipnc	macro
    27                           	btfsc	3,0
    28  0000                     	endm
    29                           skipnz	macro
    30                           	btfsc	3,2
    31  0000                     	endm
    32  0000                     indf	equ	0
    33  0000                     indf0	equ	0
    34  0002                     pc	equ	2
    35  0002                     pcl	equ	2
    36  0003                     status	equ	3
    37  0004                     fsr	equ	4
    38  0004                     fsr0	equ	4
    39  0001                     c	equ	1
    40  0000                     z	equ	0
    41  000A                     pclath	equ	10
    42                           # 9 "shree.c"
    43                           	psect config,class=CONFIG,delta=2 ;#
    44                           # 9 "shree.c"
    45  2007  FF7A               	dw 0xFFFE & 0xFFFB & 0xFFFF & 0xFFFF & 0xFF7F & 0xFFFF & 0xFFFF & 0xFFFF ;#
    46                           	FNCALL	_main,_t0delay
    47                           	FNROOT	_main
    48                           	global	_PORTB
    49                           psect	maintext,global,class=CODE,delta=2
    50                           global __pmaintext
    51  07B8                     __pmaintext:
    52  0006                     _PORTB	set	6
    53                           	global	_CARRY
    54  0018                     _CARRY	set	24
    55                           	global	_GIE
    56  005F                     _GIE	set	95
    57                           	global	_T0IF
    58  005A                     _T0IF	set	90
    59                           	global	_OPTION_REG
    60  0081                     _OPTION_REG	set	129
    61                           	global	_TRISB
    62  0086                     _TRISB	set	134
    63                           	global	_EEADR
    64  010D                     _EEADR	set	269
    65                           	global	_EEDATA
    66  010C                     _EEDATA	set	268
    67                           	global	_EECON1
    68  018C                     _EECON1	set	396
    69                           	global	_EECON2
    70  018D                     _EECON2	set	397
    71                           	global	_RD
    72  0C60                     _RD	set	3168
    73                           	global	_WR
    74  0C61                     _WR	set	3169
    75                           	global	_WREN
    76  0C62                     _WREN	set	3170
    77                           	file	"C:\Users\Admin\AppData\Local\Temp\s204."
    78                           	line	#
    79                           psect cinit,class=CODE,delta=2
    80                           global start_initialization
    81  07B4                     start_initialization:
    82                           
    83                           psect cinit,class=CODE,delta=2
    84                           global end_of_initialization
    85                           
    86                           ;End of C runtime variable initialization code
    87                           
    88  07B4                     end_of_initialization:
    89  07B4  0183               clrf status
    90  07B5  120A  118A  2FB8   ljmp _main	;jump to C main() function
    91                           psect	cstackCOMMON,class=COMMON,space=1
    92                           global __pcstackCOMMON
    93  0070                     __pcstackCOMMON:
    94                           	global	?_t0delay
    95  0070                     ?_t0delay:	; 0 bytes @ 0x0
    96                           	global	??_t0delay
    97  0070                     ??_t0delay:	; 0 bytes @ 0x0
    98                           	global	?_main
    99  0070                     ?_main:	; 0 bytes @ 0x0
   100                           	global	t0delay@i
   101  0070                     t0delay@i:	; 2 bytes @ 0x0
   102  0070                     	ds	2
   103                           	global	??_main
   104  0072                     ??_main:	; 0 bytes @ 0x2
   105 ;;Data sizes: Strings 0, constant 0, data 0, bss 0, persistent 0 stack 0
   106 ;;Auto spaces:   Size  Autos    Used
   107 ;; COMMON          14      2       2
   108 ;; BANK0           80      0       0
   109 ;; BANK1           80      0       0
   110 ;; BANK3           96      0       0
   111 ;; BANK2           96      0       0
   112                           
   113 ;;
   114 ;; Pointer list with targets:
   115                           
   116                           
   117                           
   118 ;;
   119 ;; Critical Paths under _main in COMMON
   120 ;;
   121 ;;   _main->_t0delay
   122 ;;
   123 ;; Critical Paths under _main in BANK0
   124 ;;
   125 ;;   None.
   126 ;;
   127 ;; Critical Paths under _main in BANK1
   128 ;;
   129 ;;   None.
   130 ;;
   131 ;; Critical Paths under _main in BANK3
   132 ;;
   133 ;;   None.
   134 ;;
   135 ;; Critical Paths under _main in BANK2
   136 ;;
   137 ;;   None.
   138                           
   139 ;;
   140 ;;Main: autosize = 0, tempsize = 0, incstack = 0, save=0
   141 ;;
   142                           
   143 ;;
   144 ;;Call Graph Tables:
   145 ;;
   146 ;; ---------------------------------------------------------------------------------
   147 ;; (Depth) Function   	        Calls       Base Space   Used Autos Params    Refs
   148 ;; ---------------------------------------------------------------------------------
   149 ;; (0) _main                                                 0     0      0      30
   150 ;;                            _t0delay
   151 ;; ---------------------------------------------------------------------------------
   152 ;; (1) _t0delay                                              2     2      0      30
   153 ;;                                              0 COMMON     2     2      0
   154 ;; ---------------------------------------------------------------------------------
   155 ;; Estimated maximum stack depth 1
   156 ;; ---------------------------------------------------------------------------------
   157                           
   158 ;; Call Graph Graphs:
   159                           
   160 ;; _main (ROOT)
   161 ;;   _t0delay
   162 ;;
   163                           
   164 ;; Address spaces:
   165                           
   166 ;;Name               Size   Autos  Total    Cost      Usage
   167 ;;BITCOMMON            E      0       0       0        0.0%
   168 ;;EEDATA             100      0       0       0        0.0%
   169 ;;NULL                 0      0       0       0        0.0%
   170 ;;CODE                 0      0       0       0        0.0%
   171 ;;COMMON               E      2       2       1       14.3%
   172 ;;BITSFR0              0      0       0       1        0.0%
   173 ;;SFR0                 0      0       0       1        0.0%
   174 ;;BITSFR1              0      0       0       2        0.0%
   175 ;;SFR1                 0      0       0       2        0.0%
   176 ;;STACK                0      0       1       2        0.0%
   177 ;;ABS                  0      0       0       3        0.0%
   178 ;;BITBANK0            50      0       0       4        0.0%
   179 ;;BITSFR3              0      0       0       4        0.0%
   180 ;;SFR3                 0      0       0       4        0.0%
   181 ;;BANK0               50      0       0       5        0.0%
   182 ;;BITSFR2              0      0       0       5        0.0%
   183 ;;SFR2                 0      0       0       5        0.0%
   184 ;;BITBANK1            50      0       0       6        0.0%
   185 ;;BANK1               50      0       0       7        0.0%
   186 ;;BITBANK3            60      0       0       8        0.0%
   187 ;;BANK3               60      0       0       9        0.0%
   188 ;;BITBANK2            60      0       0      10        0.0%
   189 ;;BANK2               60      0       0      11        0.0%
   190 ;;DATA                 0      0       0      12        0.0%
   191                           
   192                           	global	_main
   193                           psect	maintext
   194                           
   195 ;; *************** function _main *****************
   196 ;; Defined at:
   197 ;;		line 15 in file "shree.c"
   198 ;; Parameters:    Size  Location     Type
   199 ;;		None
   200 ;; Auto vars:     Size  Location     Type
   201 ;;		None
   202 ;; Return value:  Size  Location     Type
   203 ;;		None               void
   204 ;; Registers used:
   205 ;;		wreg, status,2, status,0, btemp+1, pclath, cstack
   206 ;; Tracked objects:
   207 ;;		On entry : 17F/0
   208 ;;		On exit  : 0/0
   209 ;;		Unchanged: 0/0
   210 ;; Data sizes:     COMMON   BANK0   BANK1   BANK3   BANK2
   211 ;;      Params:         0       0       0       0       0
   212 ;;      Locals:         0       0       0       0       0
   213 ;;      Temps:          0       0       0       0       0
   214 ;;      Totals:         0       0       0       0       0
   215 ;;Total ram usage:        0 bytes
   216 ;; Hardware stack levels required when called:    1
   217 ;; This function calls:
   218 ;;		_t0delay
   219 ;; This function is called by:
   220 ;;		Startup code after reset
   221 ;; This function uses a non-reentrant model
   222 ;;
   223                           psect	maintext
   224                           	file	"shree.c"
   225                           	line	15
   226                           	global	__size_of_main
   227  001C                     	__size_of_main	equ	__end_of_main-_main
   228                           	
   229  07B8                     _main:	
   230                           	opt	stack 7
   231                           ; Regs used in _main: [wreg+status,2+status,0+btemp+1+pclath+cstack]
   232                           	line	16
   233                           	
   234  07B8                     l2613:	
   235                           ;shree.c: 16: TRISB=0;
   236  07B8  1683               	bsf	status, 5	;RP0=1, select bank1
   237  07B9  1303               	bcf	status, 6	;RP1=0, select bank1
   238  07BA  0186               	clrf	(134)^080h	;volatile
   239                           	line	17
   240                           	
   241  07BB                     l2615:	
   242                           ;shree.c: 17: OPTION_REG=0x07;
   243  07BB  3007               	movlw	(07h)
   244  07BC  0081               	movwf	(129)^080h	;volatile
   245  07BD  2FBE               	goto	l2617
   246                           	line	18
   247                           ;shree.c: 18: while(1) {
   248                           	
   249  07BE                     l687:	
   250                           	line	19
   251                           	
   252  07BE                     l2617:	
   253                           ;shree.c: 19: PORTB=0xff;
   254  07BE  30FF               	movlw	(0FFh)
   255  07BF  1283               	bcf	status, 5	;RP0=0, select bank0
   256  07C0  1303               	bcf	status, 6	;RP1=0, select bank0
   257  07C1  0086               	movwf	(6)	;volatile
   258                           	line	20
   259                           	
   260  07C2                     l2619:	
   261                           ;shree.c: 20: t0delay();
   262  07C2  120A  118A  27D4   	fcall	_t0delay
              120A  118A         
   263                           	line	21
   264                           	
   265  07C7                     l2621:	
   266                           ;shree.c: 21: PORTB=0x00;
   267  07C7  1283               	bcf	status, 5	;RP0=0, select bank0
   268  07C8  1303               	bcf	status, 6	;RP1=0, select bank0
   269  07C9  0186               	clrf	(6)	;volatile
   270                           	line	22
   271                           ;shree.c: 22: t0delay();
   272  07CA  120A  118A  27D4   	fcall	_t0delay
              120A  118A         
   273  07CF  2FBE               	goto	l2617
   274                           	line	23
   275                           	
   276  07D0                     l688:	
   277                           	line	18
   278  07D0  2FBE               	goto	l2617
   279                           	
   280  07D1                     l689:	
   281                           	line	24
   282                           	
   283  07D1                     l690:	
   284                           	global	start
   285  07D1  120A  118A  2800   	ljmp	start
   286                           	opt stack 0
   287                           GLOBAL	__end_of_main
   288  07D4                     	__end_of_main:
   289 ;; =============== function _main ends ============
   290                           
   291                           	signat	_main,88
   292                           	global	_t0delay
   293                           psect	text71,local,class=CODE,delta=2
   294                           global __ptext71
   295  07D4                     __ptext71:
   296                           
   297 ;; *************** function _t0delay *****************
   298 ;; Defined at:
   299 ;;		line 27 in file "shree.c"
   300 ;; Parameters:    Size  Location     Type
   301 ;;		None
   302 ;; Auto vars:     Size  Location     Type
   303 ;;  i               2    0[COMMON] int 
   304 ;; Return value:  Size  Location     Type
   305 ;;		None               void
   306 ;; Registers used:
   307 ;;		wreg, status,2, btemp+1
   308 ;; Tracked objects:
   309 ;;		On entry : 0/0
   310 ;;		On exit  : 0/0
   311 ;;		Unchanged: 0/0
   312 ;; Data sizes:     COMMON   BANK0   BANK1   BANK3   BANK2
   313 ;;      Params:         0       0       0       0       0
   314 ;;      Locals:         2       0       0       0       0
   315 ;;      Temps:          0       0       0       0       0
   316 ;;      Totals:         2       0       0       0       0
   317 ;;Total ram usage:        2 bytes
   318 ;; Hardware stack levels used:    1
   319 ;; This function calls:
   320 ;;		Nothing
   321 ;; This function is called by:
   322 ;;		_main
   323 ;; This function uses a non-reentrant model
   324 ;;
   325                           psect	text71
   326                           	file	"shree.c"
   327                           	line	27
   328                           	global	__size_of_t0delay
   329  002C                     	__size_of_t0delay	equ	__end_of_t0delay-_t0delay
   330                           	
   331  07D4                     _t0delay:	
   332                           	opt	stack 7
   333                           ; Regs used in _t0delay: [wreg+status,2+btemp+1]
   334                           	line	29
   335                           	
   336  07D4                     l1745:	
   337                           ;shree.c: 28: int i;
   338                           ;shree.c: 29: for(i=0;i<42;i++) {
   339  07D4  01F0               	clrf	(t0delay@i)
   340  07D5  01F1               	clrf	(t0delay@i+1)
   341                           	
   342  07D6                     l1747:	
   343  07D6  0871               	movf	(t0delay@i+1),w
   344  07D7  3A80               	xorlw	80h
   345  07D8  00FF               	movwf	btemp+1
   346  07D9  3080               	movlw	(high(02Ah))^80h
   347  07DA  027F               	subwf	btemp+1,w
   348  07DB  1D03               	skipz
   349  07DC  2FDF               	goto	u15
   350  07DD  302A               	movlw	low(02Ah)
   351  07DE  0270               	subwf	(t0delay@i),w
   352  07DF                     u15:
   353                           
   354  07DF  1C03               	skipc
   355  07E0  2FE2               	goto	u11
   356  07E1  2FE3               	goto	u10
   357  07E2                     u11:
   358  07E2  2FE6               	goto	l695
   359  07E3                     u10:
   360  07E3  2FFF               	goto	l698
   361                           	
   362  07E4                     l1749:	
   363  07E4  2FFF               	goto	l698
   364                           	
   365  07E5                     l693:	
   366                           	line	30
   367                           ;shree.c: 30: while(!T0IF);
   368  07E5  2FE6               	goto	l695
   369                           	
   370  07E6                     l696:	
   371                           	
   372  07E6                     l695:	
   373  07E6  1D0B               	btfss	(90/8),(90)&7
   374  07E7  2FE9               	goto	u21
   375  07E8  2FEA               	goto	u20
   376  07E9                     u21:
   377  07E9  2FE6               	goto	l695
   378  07EA                     u20:
   379                           	
   380  07EA                     l697:	
   381                           	line	31
   382                           ;shree.c: 31: T0IF=0;
   383  07EA  110B               	bcf	(90/8),(90)&7
   384                           	line	29
   385                           	
   386  07EB                     l1751:	
   387  07EB  3001               	movlw	low(01h)
   388  07EC  07F0               	addwf	(t0delay@i),f
   389  07ED  1803               	skipnc
   390  07EE  0AF1               	incf	(t0delay@i+1),f
   391  07EF  3000               	movlw	high(01h)
   392  07F0  07F1               	addwf	(t0delay@i+1),f
   393                           	
   394  07F1                     l1753:	
   395  07F1  0871               	movf	(t0delay@i+1),w
   396  07F2  3A80               	xorlw	80h
   397  07F3  00FF               	movwf	btemp+1
   398  07F4  3080               	movlw	(high(02Ah))^80h
   399  07F5  027F               	subwf	btemp+1,w
   400  07F6  1D03               	skipz
   401  07F7  2FFA               	goto	u35
   402  07F8  302A               	movlw	low(02Ah)
   403  07F9  0270               	subwf	(t0delay@i),w
   404  07FA                     u35:
   405                           
   406  07FA  1C03               	skipc
   407  07FB  2FFD               	goto	u31
   408  07FC  2FFE               	goto	u30
   409  07FD                     u31:
   410  07FD  2FE6               	goto	l695
   411  07FE                     u30:
   412  07FE  2FFF               	goto	l698
   413                           	
   414  07FF                     l694:	
   415                           	line	33
   416                           	
   417  07FF                     l698:	
   418  07FF  0008               	return
   419                           	opt stack 0
   420                           GLOBAL	__end_of_t0delay
   421  0800                     	__end_of_t0delay:
   422 ;; =============== function _t0delay ends ============
   423                           
   424                           	signat	_t0delay,88
   425                           psect	text72,local,class=CODE,delta=2
   426                           global __ptext72
   427  0000                     __ptext72:
   428                           	global	btemp
   429  007E                     	btemp set 07Eh
   430                           
   431                           	DABS	1,126,2	;btemp
   432                           	global	wtemp0
   433  007E                     	wtemp0 set btemp


HI-TECH Software PICC Macro Assembler V9.82 build 9453 
Symbol Table                                                                                   Fri Nov 29 17:56:44 2024

                  _RD 0C60                    u10 07E3                    u11 07E2                    u20 07EA  
                  u21 07E9                    u30 07FE                    u31 07FD                    u15 07DF  
                  u35 07FA                    _WR 0C61                   l690 07D1                   l693 07E5  
                 l694 07FF                   l695 07E6                   l687 07BE                   l696 07E6  
                 l688 07D0                   l697 07EA                   l689 07D1                   l698 07FF  
                 _GIE 005F                  l2621 07C7                  l2613 07B8                  l1751 07EB  
                l2615 07BB                  l1753 07F1                  l1745 07D4                  l2617 07BE  
                l1747 07D6                  l2619 07C2                  l1749 07E4                  _T0IF 005A  
                _WREN 0C62                  _main 07B8                  btemp 007E                  start 0000  
     __end_of_t0delay 0800                 ?_main 0070                 _EEADR 010D                 _CARRY 0018  
               _PORTB 0006                 _TRISB 0086                 status 0003                 wtemp0 007E  
        __end_of_main 07D4                ??_main 0072                _EEDATA 010C                _EECON1 018C  
              _EECON2 018D             ??_t0delay 0070        __pcstackCOMMON 0070            __pmaintext 07B8  
             _t0delay 07D4  end_of_initialization 07B4   start_initialization 07B4              ?_t0delay 0070  
            t0delay@i 0070      __size_of_t0delay 002C              __ptext71 07D4              __ptext72 0000  
       __size_of_main 001C            _OPTION_REG 0081  
