

HI-TECH Software PIC LITE Macro Assembler V9.82 build 9453 
                                                                                               Fri Nov 29 19:08:45 2024

HI-TECH Software Omniscient Code Generator (Lite mode) build 9453
     1  0000                     opt subtitle "HI-TECH Software Omniscient Code Generator (Lite mode) build 9453"
     2                           
     3                           opt pagewidth 120
     4                           
     5                           	opt lm
     6                           
     7                           	processor	16F877A
     8                           clrc	macro
     9                           	bcf	3,0
    10  0000                     	endm
    11                           clrz	macro
    12                           	bcf	3,2
    13  0000                     	endm
    14                           setc	macro
    15                           	bsf	3,0
    16  0000                     	endm
    17                           setz	macro
    18                           	bsf	3,2
    19  0000                     	endm
    20                           skipc	macro
    21                           	btfss	3,0
    22  0000                     	endm
    23                           skipz	macro
    24                           	btfss	3,2
    25  0000                     	endm
    26                           skipnc	macro
    27                           	btfsc	3,0
    28  0000                     	endm
    29                           skipnz	macro
    30                           	btfsc	3,2
    31  0000                     	endm
    32  0000                     indf	equ	0
    33  0000                     indf0	equ	0
    34  0002                     pc	equ	2
    35  0002                     pcl	equ	2
    36  0003                     status	equ	3
    37  0004                     fsr	equ	4
    38  0004                     fsr0	equ	4
    39  0001                     c	equ	1
    40  0000                     z	equ	0
    41  000A                     pclath	equ	10
    42                           	FNCALL	_main,_t2delay
    43                           	FNROOT	_main
    44                           	global	_PORTB
    45                           psect	text76,local,class=CODE,delta=2
    46                           global __ptext76
    47  0000                     __ptext76:
    48  0006                     _PORTB	set	6
    49                           	global	_T2CON
    50  0012                     _T2CON	set	18
    51                           	global	_CARRY
    52  0018                     _CARRY	set	24
    53                           	global	_GIE
    54  005F                     _GIE	set	95
    55                           	global	_TMR2IF
    56  0061                     _TMR2IF	set	97
    57                           	global	_TRISB
    58  0086                     _TRISB	set	134
    59                           	global	_EEADR
    60  010D                     _EEADR	set	269
    61                           	global	_EEDATA
    62  010C                     _EEDATA	set	268
    63                           	global	_EECON1
    64  018C                     _EECON1	set	396
    65                           	global	_EECON2
    66  018D                     _EECON2	set	397
    67                           	global	_RD
    68  0C60                     _RD	set	3168
    69                           	global	_WR
    70  0C61                     _WR	set	3169
    71                           	global	_WREN
    72  0C62                     _WREN	set	3170
    73                           	file	"C:\Users\Admin\AppData\Local\Temp\sk14."
    74                           	line	#
    75                           psect cinit,class=CODE,delta=2
    76                           global start_initialization
    77  07B7                     start_initialization:
    78                           
    79                           psect cinit,class=CODE,delta=2
    80                           global end_of_initialization
    81                           
    82                           ;End of C runtime variable initialization code
    83                           
    84  07B7                     end_of_initialization:
    85  07B7  0183               clrf status
    86  07B8  120A  118A  2FBB   ljmp _main	;jump to C main() function
    87                           psect	cstackCOMMON,class=COMMON,space=1
    88                           global __pcstackCOMMON
    89  0070                     __pcstackCOMMON:
    90                           	global	?_t2delay
    91  0070                     ?_t2delay:	; 0 bytes @ 0x0
    92                           	global	??_t2delay
    93  0070                     ??_t2delay:	; 0 bytes @ 0x0
    94                           	global	?_main
    95  0070                     ?_main:	; 0 bytes @ 0x0
    96                           	global	t2delay@i
    97  0070                     t2delay@i:	; 2 bytes @ 0x0
    98  0070                     	ds	2
    99                           	global	??_main
   100  0072                     ??_main:	; 0 bytes @ 0x2
   101 ;;Data sizes: Strings 0, constant 0, data 0, bss 0, persistent 0 stack 0
   102 ;;Auto spaces:   Size  Autos    Used
   103 ;; COMMON          14      2       2
   104 ;; BANK0           80      0       0
   105 ;; BANK1           80      0       0
   106 ;; BANK3           96      0       0
   107 ;; BANK2           96      0       0
   108                           
   109 ;;
   110 ;; Pointer list with targets:
   111                           
   112                           
   113                           
   114 ;;
   115 ;; Critical Paths under _main in COMMON
   116 ;;
   117 ;;   _main->_t2delay
   118 ;;
   119 ;; Critical Paths under _main in BANK0
   120 ;;
   121 ;;   None.
   122 ;;
   123 ;; Critical Paths under _main in BANK1
   124 ;;
   125 ;;   None.
   126 ;;
   127 ;; Critical Paths under _main in BANK3
   128 ;;
   129 ;;   None.
   130 ;;
   131 ;; Critical Paths under _main in BANK2
   132 ;;
   133 ;;   None.
   134                           
   135 ;;
   136 ;;Main: autosize = 0, tempsize = 0, incstack = 0, save=0
   137 ;;
   138                           
   139 ;;
   140 ;;Call Graph Tables:
   141 ;;
   142 ;; ---------------------------------------------------------------------------------
   143 ;; (Depth) Function   	        Calls       Base Space   Used Autos Params    Refs
   144 ;; ---------------------------------------------------------------------------------
   145 ;; (0) _main                                                 0     0      0      30
   146 ;;                            _t2delay
   147 ;; ---------------------------------------------------------------------------------
   148 ;; (1) _t2delay                                              2     2      0      30
   149 ;;                                              0 COMMON     2     2      0
   150 ;; ---------------------------------------------------------------------------------
   151 ;; Estimated maximum stack depth 1
   152 ;; ---------------------------------------------------------------------------------
   153                           
   154 ;; Call Graph Graphs:
   155                           
   156 ;; _main (ROOT)
   157 ;;   _t2delay
   158 ;;
   159                           
   160 ;; Address spaces:
   161                           
   162 ;;Name               Size   Autos  Total    Cost      Usage
   163 ;;BITCOMMON            E      0       0       0        0.0%
   164 ;;EEDATA             100      0       0       0        0.0%
   165 ;;NULL                 0      0       0       0        0.0%
   166 ;;CODE                 0      0       0       0        0.0%
   167 ;;COMMON               E      2       2       1       14.3%
   168 ;;BITSFR0              0      0       0       1        0.0%
   169 ;;SFR0                 0      0       0       1        0.0%
   170 ;;BITSFR1              0      0       0       2        0.0%
   171 ;;SFR1                 0      0       0       2        0.0%
   172 ;;STACK                0      0       1       2        0.0%
   173 ;;ABS                  0      0       0       3        0.0%
   174 ;;BITBANK0            50      0       0       4        0.0%
   175 ;;BITSFR3              0      0       0       4        0.0%
   176 ;;SFR3                 0      0       0       4        0.0%
   177 ;;BANK0               50      0       0       5        0.0%
   178 ;;BITSFR2              0      0       0       5        0.0%
   179 ;;SFR2                 0      0       0       5        0.0%
   180 ;;BITBANK1            50      0       0       6        0.0%
   181 ;;BANK1               50      0       0       7        0.0%
   182 ;;BITBANK3            60      0       0       8        0.0%
   183 ;;BANK3               60      0       0       9        0.0%
   184 ;;BITBANK2            60      0       0      10        0.0%
   185 ;;BANK2               60      0       0      11        0.0%
   186 ;;DATA                 0      0       0      12        0.0%
   187                           
   188                           	global	_main
   189                           psect	maintext,global,class=CODE,delta=2
   190                           global __pmaintext
   191  07BB                     __pmaintext:
   192                           
   193 ;; *************** function _main *****************
   194 ;; Defined at:
   195 ;;		line 7 in file "shree2.c"
   196 ;; Parameters:    Size  Location     Type
   197 ;;		None
   198 ;; Auto vars:     Size  Location     Type
   199 ;;		None
   200 ;; Return value:  Size  Location     Type
   201 ;;		None               void
   202 ;; Registers used:
   203 ;;		wreg, status,2, status,0, pclath, cstack
   204 ;; Tracked objects:
   205 ;;		On entry : 17F/0
   206 ;;		On exit  : 0/0
   207 ;;		Unchanged: 0/0
   208 ;; Data sizes:     COMMON   BANK0   BANK1   BANK3   BANK2
   209 ;;      Params:         0       0       0       0       0
   210 ;;      Locals:         0       0       0       0       0
   211 ;;      Temps:          0       0       0       0       0
   212 ;;      Totals:         0       0       0       0       0
   213 ;;Total ram usage:        0 bytes
   214 ;; Hardware stack levels required when called:    1
   215 ;; This function calls:
   216 ;;		_t2delay
   217 ;; This function is called by:
   218 ;;		Startup code after reset
   219 ;; This function uses a non-reentrant model
   220 ;;
   221                           psect	maintext
   222                           	file	"shree2.c"
   223                           	line	7
   224                           	global	__size_of_main
   225  001E                     	__size_of_main	equ	__end_of_main-_main
   226                           	
   227  07BB                     _main:	
   228                           	opt	stack 7
   229                           ; Regs used in _main: [wreg+status,2+status,0+pclath+cstack]
   230                           	line	8
   231                           	
   232  07BB                     l2613:	
   233                           ;shree2.c: 8: TRISB=0;
   234  07BB  1683               	bsf	status, 5	;RP0=1, select bank1
   235  07BC  1303               	bcf	status, 6	;RP1=0, select bank1
   236  07BD  0186               	clrf	(134)^080h	;volatile
   237                           	line	9
   238                           	
   239  07BE                     l2615:	
   240                           ;shree2.c: 9: T2CON=0b01111000;
   241  07BE  3078               	movlw	(078h)
   242  07BF  1283               	bcf	status, 5	;RP0=0, select bank0
   243  07C0  1303               	bcf	status, 6	;RP1=0, select bank0
   244  07C1  0092               	movwf	(18)	;volatile
   245  07C2  2FC3               	goto	l2617
   246                           	line	10
   247                           ;shree2.c: 10: while(1)
   248                           	
   249  07C3                     l687:	
   250                           	line	12
   251                           	
   252  07C3                     l2617:	
   253                           ;shree2.c: 11: {
   254                           ;shree2.c: 12: PORTB=255;
   255  07C3  30FF               	movlw	(0FFh)
   256  07C4  1283               	bcf	status, 5	;RP0=0, select bank0
   257  07C5  1303               	bcf	status, 6	;RP1=0, select bank0
   258  07C6  0086               	movwf	(6)	;volatile
   259                           	line	13
   260                           	
   261  07C7                     l2619:	
   262                           ;shree2.c: 13: t2delay();
   263  07C7  120A  118A  27D9   	fcall	_t2delay
              120A  118A         
   264                           	line	14
   265                           	
   266  07CC                     l2621:	
   267                           ;shree2.c: 14: PORTB=0;
   268  07CC  1283               	bcf	status, 5	;RP0=0, select bank0
   269  07CD  1303               	bcf	status, 6	;RP1=0, select bank0
   270  07CE  0186               	clrf	(6)	;volatile
   271                           	line	15
   272                           ;shree2.c: 15: t2delay();
   273  07CF  120A  118A  27D9   	fcall	_t2delay
              120A  118A         
   274  07D4  2FC3               	goto	l2617
   275                           	line	16
   276                           	
   277  07D5                     l688:	
   278                           	line	10
   279  07D5  2FC3               	goto	l2617
   280                           	
   281  07D6                     l689:	
   282                           	line	17
   283                           	
   284  07D6                     l690:	
   285                           	global	start
   286  07D6  120A  118A  2800   	ljmp	start
   287                           	opt stack 0
   288                           GLOBAL	__end_of_main
   289  07D9                     	__end_of_main:
   290 ;; =============== function _main ends ============
   291                           
   292                           	signat	_main,88
   293                           	global	_t2delay
   294                           psect	text77,local,class=CODE,delta=2
   295                           global __ptext77
   296  07D9                     __ptext77:
   297                           
   298 ;; *************** function _t2delay *****************
   299 ;; Defined at:
   300 ;;		line 20 in file "shree2.c"
   301 ;; Parameters:    Size  Location     Type
   302 ;;		None
   303 ;; Auto vars:     Size  Location     Type
   304 ;;  i               2    0[COMMON] unsigned int 
   305 ;; Return value:  Size  Location     Type
   306 ;;		None               void
   307 ;; Registers used:
   308 ;;		wreg, status,2
   309 ;; Tracked objects:
   310 ;;		On entry : 0/0
   311 ;;		On exit  : 0/0
   312 ;;		Unchanged: 0/0
   313 ;; Data sizes:     COMMON   BANK0   BANK1   BANK3   BANK2
   314 ;;      Params:         0       0       0       0       0
   315 ;;      Locals:         2       0       0       0       0
   316 ;;      Temps:          0       0       0       0       0
   317 ;;      Totals:         2       0       0       0       0
   318 ;;Total ram usage:        2 bytes
   319 ;; Hardware stack levels used:    1
   320 ;; This function calls:
   321 ;;		Nothing
   322 ;; This function is called by:
   323 ;;		_main
   324 ;; This function uses a non-reentrant model
   325 ;;
   326                           psect	text77
   327                           	file	"shree2.c"
   328                           	line	20
   329                           	global	__size_of_t2delay
   330  0027                     	__size_of_t2delay	equ	__end_of_t2delay-_t2delay
   331                           	
   332  07D9                     _t2delay:	
   333                           	opt	stack 7
   334                           ; Regs used in _t2delay: [wreg+status,2]
   335                           	line	22
   336                           	
   337  07D9                     l1745:	
   338                           ;shree2.c: 21: unsigned int i;
   339                           ;shree2.c: 22: T2CON|=(1<<2);
   340  07D9  1283               	bcf	status, 5	;RP0=0, select bank0
   341  07DA  1303               	bcf	status, 6	;RP1=0, select bank0
   342  07DB  1512               	bsf	(18)+(2/8),(2)&7	;volatile
   343                           	line	23
   344                           	
   345  07DC                     l1747:	
   346                           ;shree2.c: 23: for(i=0;i<675;i++)
   347  07DC  01F0               	clrf	(t2delay@i)
   348  07DD  01F1               	clrf	(t2delay@i+1)
   349                           	
   350  07DE                     l1749:	
   351  07DE  3002               	movlw	high(02A3h)
   352  07DF  0271               	subwf	(t2delay@i+1),w
   353  07E0  30A3               	movlw	low(02A3h)
   354  07E1  1903               	skipnz
   355  07E2  0270               	subwf	(t2delay@i),w
   356  07E3  1C03               	skipc
   357  07E4  2FE6               	goto	u11
   358  07E5  2FE7               	goto	u10
   359  07E6                     u11:
   360  07E6  2FEA               	goto	l695
   361  07E7                     u10:
   362  07E7  2FFF               	goto	l698
   363                           	
   364  07E8                     l1751:	
   365  07E8  2FFF               	goto	l698
   366                           	line	24
   367                           	
   368  07E9                     l693:	
   369                           	line	25
   370                           ;shree2.c: 24: {
   371                           ;shree2.c: 25: while(!TMR2IF);
   372  07E9  2FEA               	goto	l695
   373                           	
   374  07EA                     l696:	
   375                           	
   376  07EA                     l695:	
   377  07EA  1C8C               	btfss	(97/8),(97)&7
   378  07EB  2FED               	goto	u21
   379  07EC  2FEE               	goto	u20
   380  07ED                     u21:
   381  07ED  2FEA               	goto	l695
   382  07EE                     u20:
   383                           	
   384  07EE                     l697:	
   385                           	line	26
   386                           ;shree2.c: 26: TMR2IF=0;
   387  07EE  108C               	bcf	(97/8),(97)&7
   388                           	line	23
   389                           	
   390  07EF                     l1753:	
   391  07EF  3001               	movlw	low(01h)
   392  07F0  07F0               	addwf	(t2delay@i),f
   393  07F1  1803               	skipnc
   394  07F2  0AF1               	incf	(t2delay@i+1),f
   395  07F3  3000               	movlw	high(01h)
   396  07F4  07F1               	addwf	(t2delay@i+1),f
   397  07F5  3002               	movlw	high(02A3h)
   398  07F6  0271               	subwf	(t2delay@i+1),w
   399  07F7  30A3               	movlw	low(02A3h)
   400  07F8  1903               	skipnz
   401  07F9  0270               	subwf	(t2delay@i),w
   402  07FA  1C03               	skipc
   403  07FB  2FFD               	goto	u31
   404  07FC  2FFE               	goto	u30
   405  07FD                     u31:
   406  07FD  2FEA               	goto	l695
   407  07FE                     u30:
   408  07FE  2FFF               	goto	l698
   409                           	
   410  07FF                     l694:	
   411                           	line	28
   412                           	
   413  07FF                     l698:	
   414  07FF  0008               	return
   415                           	opt stack 0
   416                           GLOBAL	__end_of_t2delay
   417  0800                     	__end_of_t2delay:
   418 ;; =============== function _t2delay ends ============
   419                           
   420                           	signat	_t2delay,88
   421                           psect	text78,local,class=CODE,delta=2
   422                           global __ptext78
   423  0000                     __ptext78:
   424                           	global	btemp
   425  007E                     	btemp set 07Eh
   426                           
   427                           	DABS	1,126,2	;btemp
   428                           	global	wtemp0
   429  007E                     	wtemp0 set btemp


HI-TECH Software PICC Macro Assembler V9.82 build 9453 
Symbol Table                                                                                   Fri Nov 29 19:08:45 2024

                  _RD 0C60                    u10 07E7                    u11 07E6                    u20 07EE  
                  u21 07ED                    u30 07FE                    u31 07FD                    _WR 0C61  
                 l690 07D6                   l693 07E9                   l694 07FF                   l695 07EA  
                 l687 07C3                   l696 07EA                   l688 07D5                   l697 07EE  
                 l689 07D6                   l698 07FF                   _GIE 005F                  l2621 07CC  
                l2613 07BB                  l1751 07E8                  l2615 07BE                  l1753 07EF  
                l1745 07D9                  l2617 07C3                  l1747 07DC                  l2619 07C7  
                l1749 07DE                  _WREN 0C62                  _main 07BB                  btemp 007E  
                start 0000       __end_of_t2delay 0800                 ?_main 0070                 _EEADR 010D  
               _CARRY 0018                 _T2CON 0012                 _PORTB 0006                 _TRISB 0086  
               status 0003                 wtemp0 007E          __end_of_main 07D9                ??_main 0072  
              _EEDATA 010C                _EECON1 018C                _EECON2 018D                _TMR2IF 0061  
           ??_t2delay 0070        __pcstackCOMMON 0070            __pmaintext 07BB               _t2delay 07D9  
end_of_initialization 07B7   start_initialization 07B7              ?_t2delay 0070      __size_of_t2delay 0027  
            t2delay@i 0070              __ptext76 0000              __ptext77 07D9              __ptext78 0000  
       __size_of_main 001E  
