C51 COMPILER V9.60.7.0   MAIN2                                                             10/29/2024 18:33:04 PAGE 1   


C51 COMPILER V9.60.7.0, COMPILATION OF MODULE MAIN2
OBJECT MODULE PLACED IN .\Objects\main2.obj
COMPILER INVOKED BY: C:\Keil_v5\C51\BIN\C51.EXE main2.c OPTIMIZE(8,SPEED) BROWSE DEBUG OBJECTEXTEND PRINT(.\Listings\mai
                    -n2.lst) TABS(2) OBJECT(.\Objects\main2.obj)

line level    source

   1          #include <reg51.h>
   2          #include <stdio.h>
   3          
   4          #define lcd_data P2
   5          #define k P3
   6          sbit rs=P1^0;
   7          sbit rw=P1^1;
   8          sbit en=P1^2;
   9          
  10          unsigned char r[]={0x0e,0x0d,0x0b,0x07};
  11          unsigned char c[]={0xe0,0xd0,0xb0,0x70};
  12           
  13          unsigned char s1;
  14          int row;
  15          int column;
  16          unsigned char arr[4][4]={{0x07,0x7f,0x67,0x77},{0x66,0x6d,0x7d,0x7c},{0x06,0x5b,0x4f,0x39},{0x5e,0x3f,0x79
             -,0x71}};
  17          int x;
  18          int y;
  19          int z;
  20          int q;
  21          void lcd_init();
  22          void delay(int a)
  23          {
  24   1          int i,j;
  25   1          for(i =0 ; i<a ; i++)
  26   1          {
  27   2              for(j=0 ; j<i ; j++);
  28   2          }
  29   1      }
  30          void main(void)
  31           {
  32   1          while (1)
  33   1         {
  34   2           k=0x0f;
  35   2           for(x=0;x<4;x++){
  36   3                   if(k==r[x]){
  37   4                     z=x;
  38   4                     break;
  39   4             } 
  40   3           }
  41   2           //delay(10);
  42   2           k=0xf0;
  43   2           for(y=0;y<4;y++){
  44   3                   if(k==c[y]){
  45   4               q=y;
  46   4                     break;
  47   4               } 
  48   3           }       
  49   2          // delay(10);
  50   2            lcd_data=arr[z][q];
  51   2          //delay(10);  
  52   2         }
  53   1       }
C51 COMPILER V9.60.7.0   MAIN2                                                             10/29/2024 18:33:04 PAGE 2   



MODULE INFORMATION:   STATIC OVERLAYABLE
   CODE SIZE        =    141    ----
   CONSTANT SIZE    =   ----    ----
   XDATA SIZE       =   ----    ----
   PDATA SIZE       =   ----    ----
   DATA SIZE        =     37    ----
   IDATA SIZE       =   ----    ----
   BIT SIZE         =   ----    ----
END OF MODULE INFORMATION.


C51 COMPILATION COMPLETE.  0 WARNING(S),  0 ERROR(S)
