C51 COMPILER V9.60.7.0   PANT                                                              10/07/2024 17:54:32 PAGE 1   


C51 COMPILER V9.60.7.0, COMPILATION OF MODULE PANT
OBJECT MODULE PLACED IN .\Objects\pant.obj
COMPILER INVOKED BY: C:\Keil_v5\C51\BIN\C51.EXE pant.c OPTIMIZE(8,SPEED) BROWSE DEBUG OBJECTEXTEND PRINT(.\Listings\pant
                    -.lst) TABS(2) OBJECT(.\Objects\pant.obj)

line level    source

   1          #include <reg51.h>
   2          #define a P2
   3          void delay(int d)
   4          {
   5   1        int i,j;
   6   1        for(i=0;i<d;i++)
   7   1        {
   8   2          for(j=0;j<1000;j++);
   9   2        }
  10   1      }
  11          void main()
  12            {
  13   1        a=0xff;
  14   1        while(1)
  15   1        {
  16   2          a=0x01;
  17   2          delay(500);
  18   2          a=0x03;
  19   2          delay(500);
  20   2          a=0x02;
  21   2          delay(500);
  22   2          a=0x06;
  23   2          delay(500);
  24   2          a=0x04;
  25   2          delay(500);
  26   2          a=0x0c;
  27   2          delay(500);
  28   2          a=0x08;
  29   2          delay(500);
  30   2          a=0x09;
  31   2          delay(500);
  32   2          a=0x01;
  33   2          delay(500);
  34   2          
  35   2        }
  36   1      }


MODULE INFORMATION:   STATIC OVERLAYABLE
   CODE SIZE        =    101    ----
   CONSTANT SIZE    =   ----    ----
   XDATA SIZE       =   ----    ----
   PDATA SIZE       =   ----    ----
   DATA SIZE        =   ----    ----
   IDATA SIZE       =   ----    ----
   BIT SIZE         =   ----    ----
END OF MODULE INFORMATION.


C51 COMPILATION COMPLETE.  0 WARNING(S),  0 ERROR(S)
